Namespace(augmentation='CustomAugmentation', batch_size=64, criterion='focal', data_dir='/opt/ml/input/data/train/images', dataset='MaskSplitByProfileDataset', epochs=60, log_interval=20, lr=0.001, lr_decay_step=20, model='ResNet', model_dir='./model', name='exp_aug_v7', optimizer='SGD', resize=[224, 224], seed=42, val_ratio=0.2, valid_batch_size=64)
Epoch[0/60](20/221) || training loss 2.137 || training accuracy 26.80% || lr 0.001
Epoch[0/60](40/221) || training loss 0.7964 || training accuracy 59.53% || lr 0.001
Epoch[0/60](60/221) || training loss 0.4271 || training accuracy 72.50% || lr 0.001
Epoch[0/60](80/221) || training loss 0.3853 || training accuracy 72.73% || lr 0.001
Epoch[0/60](100/221) || training loss 0.3515 || training accuracy 74.53% || lr 0.001
Epoch[0/60](120/221) || training loss 0.2843 || training accuracy 77.27% || lr 0.001
Epoch[0/60](140/221) || training loss 0.286 || training accuracy 77.66% || lr 0.001
Epoch[0/60](160/221) || training loss 0.2482 || training accuracy 79.53% || lr 0.001
Epoch[0/60](180/221) || training loss 0.2796 || training accuracy 79.45% || lr 0.001
Epoch[0/60](200/221) || training loss 0.2051 || training accuracy 81.48% || lr 0.001
Epoch[0/60](220/221) || training loss 0.2492 || training accuracy 81.02% || lr 0.001
Calculating validation results...
/opt/ml/level1_imageclassification_cv-level1-cv-07/utils.py:58: UserWarning: This overload of addcmul_ is deprecated:
	addcmul_(Number value, Tensor tensor1, Tensor tensor2)
Consider using one of the following signatures instead:
	addcmul_(Tensor tensor1, Tensor tensor2, *, Number value) (Triggered internally at  ../torch/csrc/utils/python_arg_parser.cpp:1174.)
  exp_avg_sq.mul_(beta2).addcmul_(1 - beta2, grad, grad)
New best model for val accuracy : 41.95%! saving the best model..
[Val] acc : 41.95%, loss:  2.2 || best acc : 41.95%, best loss:  2.2

Epoch[1/60](20/221) || training loss 0.2209 || training accuracy 82.42% || lr 0.001
Epoch[1/60](40/221) || training loss 0.1879 || training accuracy 83.12% || lr 0.001
Epoch[1/60](60/221) || training loss 0.2438 || training accuracy 80.62% || lr 0.001
Epoch[1/60](80/221) || training loss 0.2102 || training accuracy 81.95% || lr 0.001
Epoch[1/60](100/221) || training loss 0.2232 || training accuracy 82.97% || lr 0.001
Epoch[1/60](120/221) || training loss 0.2075 || training accuracy 84.06% || lr 0.001
Epoch[1/60](140/221) || training loss 0.2124 || training accuracy 82.34% || lr 0.001
Epoch[1/60](160/221) || training loss 0.2015 || training accuracy 81.95% || lr 0.001
Epoch[1/60](180/221) || training loss 0.1775 || training accuracy 83.28% || lr 0.001
Epoch[1/60](200/221) || training loss 0.2379 || training accuracy 81.33% || lr 0.001
Epoch[1/60](220/221) || training loss 0.2254 || training accuracy 83.05% || lr 0.001
Calculating validation results...
[Val] acc : 35.09%, loss:  2.4 || best acc : 41.95%, best loss:  2.2

Epoch[2/60](20/221) || training loss 0.1846 || training accuracy 84.30% || lr 0.001
Epoch[2/60](40/221) || training loss 0.1968 || training accuracy 83.20% || lr 0.001
Epoch[2/60](60/221) || training loss 0.1568 || training accuracy 84.92% || lr 0.001
Epoch[2/60](80/221) || training loss 0.1398 || training accuracy 85.94% || lr 0.001
Epoch[2/60](100/221) || training loss 0.1354 || training accuracy 87.58% || lr 0.001
Epoch[2/60](120/221) || training loss 0.1691 || training accuracy 85.47% || lr 0.001
Epoch[2/60](140/221) || training loss 0.1367 || training accuracy 87.42% || lr 0.001
Epoch[2/60](160/221) || training loss 0.1359 || training accuracy 86.72% || lr 0.001
Epoch[2/60](180/221) || training loss 0.1144 || training accuracy 88.83% || lr 0.001
Epoch[2/60](200/221) || training loss 0.1646 || training accuracy 85.00% || lr 0.001
Epoch[2/60](220/221) || training loss 0.1375 || training accuracy 87.11% || lr 0.001
Calculating validation results...
New best model for val accuracy : 43.37%! saving the best model..
[Val] acc : 43.37%, loss:  1.7 || best acc : 43.37%, best loss:  1.7

Epoch[3/60](20/221) || training loss 0.1218 || training accuracy 89.53% || lr 0.001
Epoch[3/60](40/221) || training loss 0.1018 || training accuracy 89.69% || lr 0.001
Epoch[3/60](60/221) || training loss 0.09235 || training accuracy 89.77% || lr 0.001
Epoch[3/60](80/221) || training loss 0.09917 || training accuracy 90.47% || lr 0.001
Epoch[3/60](100/221) || training loss 0.08425 || training accuracy 91.17% || lr 0.001
Epoch[3/60](120/221) || training loss 0.1021 || training accuracy 89.84% || lr 0.001
Epoch[3/60](140/221) || training loss 0.08105 || training accuracy 91.48% || lr 0.001
Epoch[3/60](160/221) || training loss 0.1088 || training accuracy 88.91% || lr 0.001
Epoch[3/60](180/221) || training loss 0.106 || training accuracy 90.47% || lr 0.001
Epoch[3/60](200/221) || training loss 0.08589 || training accuracy 90.78% || lr 0.001
Epoch[3/60](220/221) || training loss 0.1257 || training accuracy 88.44% || lr 0.001
Calculating validation results...
New best model for val accuracy : 47.20%! saving the best model..
[Val] acc : 47.20%, loss:  1.4 || best acc : 47.20%, best loss:  1.4

Epoch[4/60](20/221) || training loss 0.0928 || training accuracy 90.31% || lr 0.001
Epoch[4/60](40/221) || training loss 0.107 || training accuracy 92.27% || lr 0.001
Epoch[4/60](60/221) || training loss 0.1572 || training accuracy 86.02% || lr 0.001
Epoch[4/60](80/221) || training loss 0.1217 || training accuracy 87.73% || lr 0.001
Epoch[4/60](100/221) || training loss 0.1677 || training accuracy 86.64% || lr 0.001
Epoch[4/60](120/221) || training loss 0.1855 || training accuracy 85.16% || lr 0.001
Epoch[4/60](140/221) || training loss 0.1756 || training accuracy 83.28% || lr 0.001
Epoch[4/60](160/221) || training loss 0.1498 || training accuracy 87.19% || lr 0.001
Epoch[4/60](180/221) || training loss 0.1224 || training accuracy 88.59% || lr 0.001
Epoch[4/60](200/221) || training loss 0.106 || training accuracy 91.17% || lr 0.001
Epoch[4/60](220/221) || training loss 0.1214 || training accuracy 88.28% || lr 0.001
Calculating validation results...
New best model for val accuracy : 72.17%! saving the best model..
[Val] acc : 72.17%, loss: 0.44 || best acc : 72.17%, best loss: 0.44

Epoch[5/60](20/221) || training loss 0.09437 || training accuracy 90.31% || lr 0.001
Epoch[5/60](40/221) || training loss 0.1122 || training accuracy 89.61% || lr 0.001
Epoch[5/60](60/221) || training loss 0.08443 || training accuracy 91.48% || lr 0.001
Epoch[5/60](80/221) || training loss 0.07593 || training accuracy 92.03% || lr 0.001
Epoch[5/60](100/221) || training loss 0.08372 || training accuracy 90.86% || lr 0.001
Epoch[5/60](120/221) || training loss 0.07389 || training accuracy 92.42% || lr 0.001
Epoch[5/60](140/221) || training loss 0.06573 || training accuracy 92.58% || lr 0.001
Epoch[5/60](160/221) || training loss 0.07851 || training accuracy 92.11% || lr 0.001
Epoch[5/60](180/221) || training loss 0.07724 || training accuracy 91.88% || lr 0.001
Epoch[5/60](200/221) || training loss 0.07821 || training accuracy 92.27% || lr 0.001
Epoch[5/60](220/221) || training loss 0.06962 || training accuracy 91.72% || lr 0.001
Calculating validation results...
[Val] acc : 68.99%, loss: 0.68 || best acc : 72.17%, best loss: 0.44

Epoch[6/60](20/221) || training loss 0.04406 || training accuracy 94.14% || lr 0.001
Epoch[6/60](40/221) || training loss 0.05521 || training accuracy 94.77% || lr 0.001
Epoch[6/60](60/221) || training loss 0.06232 || training accuracy 93.98% || lr 0.001
Epoch[6/60](80/221) || training loss 0.04877 || training accuracy 93.91% || lr 0.001
Epoch[6/60](100/221) || training loss 0.04508 || training accuracy 95.55% || lr 0.001
Epoch[6/60](120/221) || training loss 0.05604 || training accuracy 93.36% || lr 0.001
Epoch[6/60](140/221) || training loss 0.07599 || training accuracy 93.20% || lr 0.001
Epoch[6/60](160/221) || training loss 0.07838 || training accuracy 92.19% || lr 0.001
Epoch[6/60](180/221) || training loss 0.08909 || training accuracy 91.17% || lr 0.001
Epoch[6/60](200/221) || training loss 0.06091 || training accuracy 93.12% || lr 0.001
Epoch[6/60](220/221) || training loss 0.06011 || training accuracy 93.67% || lr 0.001
Calculating validation results...
[Val] acc : 68.40%, loss: 0.61 || best acc : 72.17%, best loss: 0.44

Epoch[7/60](20/221) || training loss 0.07584 || training accuracy 93.36% || lr 0.001
Epoch[7/60](40/221) || training loss 0.0633 || training accuracy 93.52% || lr 0.001
Epoch[7/60](60/221) || training loss 0.05352 || training accuracy 94.38% || lr 0.001
Epoch[7/60](80/221) || training loss 0.05147 || training accuracy 94.53% || lr 0.001
Epoch[7/60](100/221) || training loss 0.06417 || training accuracy 93.05% || lr 0.001
Epoch[7/60](120/221) || training loss 0.07537 || training accuracy 92.81% || lr 0.001
Epoch[7/60](140/221) || training loss 0.1026 || training accuracy 91.48% || lr 0.001
Epoch[7/60](160/221) || training loss 0.05804 || training accuracy 93.91% || lr 0.001
Epoch[7/60](180/221) || training loss 0.07012 || training accuracy 93.91% || lr 0.001
Epoch[7/60](200/221) || training loss 0.1086 || training accuracy 90.86% || lr 0.001
Epoch[7/60](220/221) || training loss 0.1495 || training accuracy 87.11% || lr 0.001
Calculating validation results...
[Val] acc : 41.46%, loss:  2.1 || best acc : 72.17%, best loss: 0.44

Epoch[8/60](20/221) || training loss 0.2247 || training accuracy 85.23% || lr 0.001
Epoch[8/60](40/221) || training loss 0.2504 || training accuracy 83.75% || lr 0.001
Epoch[8/60](60/221) || training loss 0.282 || training accuracy 81.17% || lr 0.001
Epoch[8/60](80/221) || training loss 0.2016 || training accuracy 83.36% || lr 0.001
Epoch[8/60](100/221) || training loss 0.11 || training accuracy 88.28% || lr 0.001
Epoch[8/60](120/221) || training loss 0.1132 || training accuracy 88.20% || lr 0.001
Epoch[8/60](140/221) || training loss 0.1124 || training accuracy 90.16% || lr 0.001
Epoch[8/60](160/221) || training loss 0.09039 || training accuracy 90.78% || lr 0.001
Epoch[8/60](180/221) || training loss 0.1064 || training accuracy 89.45% || lr 0.001
Epoch[8/60](200/221) || training loss 0.1112 || training accuracy 89.22% || lr 0.001
Epoch[8/60](220/221) || training loss 0.1317 || training accuracy 88.36% || lr 0.001
Calculating validation results...
[Val] acc : 60.44%, loss:  1.1 || best acc : 72.17%, best loss: 0.44

Epoch[9/60](20/221) || training loss 0.1026 || training accuracy 90.94% || lr 0.001
Epoch[9/60](40/221) || training loss 0.07801 || training accuracy 92.27% || lr 0.001
Epoch[9/60](60/221) || training loss 0.0812 || training accuracy 92.03% || lr 0.001
Epoch[9/60](80/221) || training loss 0.06061 || training accuracy 94.30% || lr 0.001
Epoch[9/60](100/221) || training loss 0.05033 || training accuracy 94.61% || lr 0.001
Epoch[9/60](120/221) || training loss 0.03779 || training accuracy 95.78% || lr 0.001
Epoch[9/60](140/221) || training loss 0.05401 || training accuracy 93.91% || lr 0.001
Epoch[9/60](160/221) || training loss 0.06061 || training accuracy 93.83% || lr 0.001
Epoch[9/60](180/221) || training loss 0.04876 || training accuracy 95.00% || lr 0.001
Epoch[9/60](200/221) || training loss 0.04032 || training accuracy 95.00% || lr 0.001
Epoch[9/60](220/221) || training loss 0.03565 || training accuracy 96.41% || lr 0.001
Calculating validation results...
New best model for val accuracy : 76.28%! saving the best model..
[Val] acc : 76.28%, loss: 0.47 || best acc : 76.28%, best loss: 0.44

Epoch[10/60](20/221) || training loss 0.05017 || training accuracy 95.16% || lr 0.001
Epoch[10/60](40/221) || training loss 0.04087 || training accuracy 95.47% || lr 0.001
Epoch[10/60](60/221) || training loss 0.03659 || training accuracy 95.78% || lr 0.001
Epoch[10/60](80/221) || training loss 0.04371 || training accuracy 95.47% || lr 0.001
Epoch[10/60](100/221) || training loss 0.03741 || training accuracy 95.86% || lr 0.001
Epoch[10/60](120/221) || training loss 0.04531 || training accuracy 95.78% || lr 0.001
Epoch[10/60](140/221) || training loss 0.05863 || training accuracy 95.23% || lr 0.001
Epoch[10/60](160/221) || training loss 0.05757 || training accuracy 95.39% || lr 0.001
Epoch[10/60](180/221) || training loss 0.04728 || training accuracy 95.62% || lr 0.001
Epoch[10/60](200/221) || training loss 0.0441 || training accuracy 96.25% || lr 0.001
Epoch[10/60](220/221) || training loss 0.05136 || training accuracy 95.23% || lr 0.001
Calculating validation results...
[Val] acc : 74.71%, loss:  0.5 || best acc : 76.28%, best loss: 0.44

Epoch[11/60](20/221) || training loss 0.05451 || training accuracy 94.69% || lr 0.001
Epoch[11/60](40/221) || training loss 0.04931 || training accuracy 95.08% || lr 0.001
Epoch[11/60](60/221) || training loss 0.04931 || training accuracy 95.16% || lr 0.001
Epoch[11/60](80/221) || training loss 0.07676 || training accuracy 94.61% || lr 0.001
Epoch[11/60](100/221) || training loss 0.8054 || training accuracy 75.78% || lr 0.001
Epoch[11/60](120/221) || training loss 1.041 || training accuracy 52.97% || lr 0.001
Epoch[11/60](140/221) || training loss 0.5859 || training accuracy 64.22% || lr 0.001
Epoch[11/60](160/221) || training loss 0.4566 || training accuracy 71.48% || lr 0.001
Epoch[11/60](180/221) || training loss 0.3478 || training accuracy 72.73% || lr 0.001
Epoch[11/60](200/221) || training loss 0.2798 || training accuracy 78.36% || lr 0.001
Epoch[11/60](220/221) || training loss 0.2881 || training accuracy 77.97% || lr 0.001
Calculating validation results...
[Val] acc : 69.57%, loss: 0.47 || best acc : 76.28%, best loss: 0.44

Epoch[12/60](20/221) || training loss 0.2152 || training accuracy 80.62% || lr 0.001
Epoch[12/60](40/221) || training loss 0.1715 || training accuracy 81.95% || lr 0.001
Epoch[12/60](60/221) || training loss 0.1583 || training accuracy 83.44% || lr 0.001
Epoch[12/60](80/221) || training loss 0.1591 || training accuracy 84.06% || lr 0.001
Epoch[12/60](100/221) || training loss 0.143 || training accuracy 84.61% || lr 0.001
Epoch[12/60](120/221) || training loss 0.1863 || training accuracy 83.59% || lr 0.001
Epoch[12/60](140/221) || training loss 0.1537 || training accuracy 83.75% || lr 0.001
Epoch[12/60](160/221) || training loss 0.1428 || training accuracy 85.55% || lr 0.001
Epoch[12/60](180/221) || training loss 0.1355 || training accuracy 85.23% || lr 0.001
Epoch[12/60](200/221) || training loss 0.1541 || training accuracy 85.16% || lr 0.001
Epoch[12/60](220/221) || training loss 0.1203 || training accuracy 85.47% || lr 0.001
Calculating validation results...
[Val] acc : 68.21%, loss: 0.59 || best acc : 76.28%, best loss: 0.44

Epoch[13/60](20/221) || training loss 0.1017 || training accuracy 89.45% || lr 0.001
Epoch[13/60](40/221) || training loss 0.09476 || training accuracy 89.61% || lr 0.001
Epoch[13/60](60/221) || training loss 0.1318 || training accuracy 87.50% || lr 0.001
Epoch[13/60](80/221) || training loss 0.1083 || training accuracy 87.97% || lr 0.001
Epoch[13/60](100/221) || training loss 0.1106 || training accuracy 88.52% || lr 0.001
Epoch[13/60](120/221) || training loss 0.07384 || training accuracy 91.56% || lr 0.001
Epoch[13/60](140/221) || training loss 0.09381 || training accuracy 89.84% || lr 0.001
Epoch[13/60](160/221) || training loss 0.1139 || training accuracy 88.59% || lr 0.001
Epoch[13/60](180/221) || training loss 0.09663 || training accuracy 90.31% || lr 0.001
Epoch[13/60](200/221) || training loss 0.1039 || training accuracy 88.67% || lr 0.001
Epoch[13/60](220/221) || training loss 0.1061 || training accuracy 88.91% || lr 0.001
Calculating validation results...
[Val] acc : 74.75%, loss: 0.32 || best acc : 76.28%, best loss: 0.32

Epoch[14/60](20/221) || training loss 0.05579 || training accuracy 92.34% || lr 0.001
Epoch[14/60](40/221) || training loss 0.08044 || training accuracy 92.03% || lr 0.001
Epoch[14/60](60/221) || training loss 0.06058 || training accuracy 92.66% || lr 0.001
Epoch[14/60](80/221) || training loss 0.05415 || training accuracy 93.12% || lr 0.001
Epoch[14/60](100/221) || training loss 0.06308 || training accuracy 92.58% || lr 0.001
Epoch[14/60](120/221) || training loss 0.05871 || training accuracy 92.66% || lr 0.001
Epoch[14/60](140/221) || training loss 0.08265 || training accuracy 91.48% || lr 0.001
Epoch[14/60](160/221) || training loss 0.07691 || training accuracy 91.88% || lr 0.001
Epoch[14/60](180/221) || training loss 0.05888 || training accuracy 94.06% || lr 0.001
Epoch[14/60](200/221) || training loss 0.06153 || training accuracy 92.34% || lr 0.001
Epoch[14/60](220/221) || training loss 0.07634 || training accuracy 92.97% || lr 0.001
Calculating validation results...
[Val] acc : 75.43%, loss: 0.43 || best acc : 76.28%, best loss: 0.32

Epoch[15/60](20/221) || training loss 0.07278 || training accuracy 93.12% || lr 0.001
Epoch[15/60](40/221) || training loss 0.06913 || training accuracy 93.05% || lr 0.001
Epoch[15/60](60/221) || training loss 0.06297 || training accuracy 93.36% || lr 0.001
Epoch[15/60](80/221) || training loss 0.06 || training accuracy 93.67% || lr 0.001
Epoch[15/60](100/221) || training loss 0.06383 || training accuracy 92.89% || lr 0.001
Epoch[15/60](120/221) || training loss 0.0564 || training accuracy 93.20% || lr 0.001
Epoch[15/60](140/221) || training loss 0.07756 || training accuracy 91.88% || lr 0.001
Epoch[15/60](160/221) || training loss 0.07126 || training accuracy 93.44% || lr 0.001
Epoch[15/60](180/221) || training loss 0.07827 || training accuracy 92.34% || lr 0.001
Epoch[15/60](200/221) || training loss 0.07636 || training accuracy 92.97% || lr 0.001
Epoch[15/60](220/221) || training loss 0.07647 || training accuracy 92.66% || lr 0.001
Calculating validation results...
[Val] acc : 68.95%, loss: 0.64 || best acc : 76.28%, best loss: 0.32

Epoch[16/60](20/221) || training loss 0.05749 || training accuracy 94.14% || lr 0.001
Epoch[16/60](40/221) || training loss 0.07532 || training accuracy 93.59% || lr 0.001
Epoch[16/60](60/221) || training loss 0.07776 || training accuracy 93.12% || lr 0.001
Epoch[16/60](80/221) || training loss 0.07335 || training accuracy 92.73% || lr 0.001
Epoch[16/60](100/221) || training loss 0.05765 || training accuracy 94.06% || lr 0.001
Epoch[16/60](120/221) || training loss 0.06926 || training accuracy 93.28% || lr 0.001
Epoch[16/60](140/221) || training loss 0.06112 || training accuracy 93.98% || lr 0.001
Epoch[16/60](160/221) || training loss 0.04839 || training accuracy 94.30% || lr 0.001
Epoch[16/60](180/221) || training loss 0.06595 || training accuracy 93.44% || lr 0.001
Epoch[16/60](200/221) || training loss 0.06347 || training accuracy 93.83% || lr 0.001
Epoch[16/60](220/221) || training loss 0.06714 || training accuracy 93.12% || lr 0.001
Calculating validation results...
[Val] acc : 76.13%, loss: 0.47 || best acc : 76.28%, best loss: 0.32

Epoch[17/60](20/221) || training loss 0.06512 || training accuracy 94.45% || lr 0.001
Epoch[17/60](40/221) || training loss 0.046 || training accuracy 95.70% || lr 0.001
Epoch[17/60](60/221) || training loss 0.05387 || training accuracy 93.91% || lr 0.001
Epoch[17/60](80/221) || training loss 0.07129 || training accuracy 93.28% || lr 0.001
Epoch[17/60](100/221) || training loss 0.04357 || training accuracy 94.84% || lr 0.001
Epoch[17/60](120/221) || training loss 0.04284 || training accuracy 95.23% || lr 0.001
Epoch[17/60](140/221) || training loss 0.03017 || training accuracy 96.80% || lr 0.001
Epoch[17/60](160/221) || training loss 0.05632 || training accuracy 94.30% || lr 0.001
Epoch[17/60](180/221) || training loss 0.04185 || training accuracy 95.08% || lr 0.001
Epoch[17/60](200/221) || training loss 0.05291 || training accuracy 94.61% || lr 0.001
Epoch[17/60](220/221) || training loss 0.07536 || training accuracy 91.95% || lr 0.001
Calculating validation results...
[Val] acc : 72.95%, loss: 0.49 || best acc : 76.28%, best loss: 0.32

Epoch[18/60](20/221) || training loss 0.0572 || training accuracy 94.22% || lr 0.001
Epoch[18/60](40/221) || training loss 0.02918 || training accuracy 96.95% || lr 0.001
Epoch[18/60](60/221) || training loss 0.03536 || training accuracy 96.33% || lr 0.001
Epoch[18/60](80/221) || training loss 0.05062 || training accuracy 95.08% || lr 0.001
Epoch[18/60](100/221) || training loss 0.04764 || training accuracy 94.22% || lr 0.001
Epoch[18/60](120/221) || training loss 0.04501 || training accuracy 94.38% || lr 0.001
Epoch[18/60](140/221) || training loss 0.0403 || training accuracy 95.39% || lr 0.001
Epoch[18/60](160/221) || training loss 0.04863 || training accuracy 95.00% || lr 0.001
Epoch[18/60](180/221) || training loss 0.03009 || training accuracy 96.64% || lr 0.001
Epoch[18/60](200/221) || training loss 0.03442 || training accuracy 95.86% || lr 0.001
Epoch[18/60](220/221) || training loss 0.03801 || training accuracy 96.02% || lr 0.001
Calculating validation results...
[Val] acc : 64.83%, loss: 0.68 || best acc : 76.28%, best loss: 0.32

Epoch[19/60](20/221) || training loss 0.0374 || training accuracy 95.86% || lr 0.001
Epoch[19/60](40/221) || training loss 0.04787 || training accuracy 95.55% || lr 0.001
Epoch[19/60](60/221) || training loss 0.05171 || training accuracy 95.23% || lr 0.001
Epoch[19/60](80/221) || training loss 0.04039 || training accuracy 95.08% || lr 0.001
Epoch[19/60](100/221) || training loss 0.03263 || training accuracy 96.09% || lr 0.001
Epoch[19/60](120/221) || training loss 0.02874 || training accuracy 96.41% || lr 0.001
Epoch[19/60](140/221) || training loss 0.04857 || training accuracy 94.84% || lr 0.001
Epoch[19/60](160/221) || training loss 0.04351 || training accuracy 95.16% || lr 0.001
Epoch[19/60](180/221) || training loss 0.04343 || training accuracy 95.70% || lr 0.001
Epoch[19/60](200/221) || training loss 0.05143 || training accuracy 94.84% || lr 0.001
Epoch[19/60](220/221) || training loss 0.04723 || training accuracy 94.45% || lr 0.001
Calculating validation results...
New best model for val accuracy : 77.50%! saving the best model..
[Val] acc : 77.50%, loss:  0.4 || best acc : 77.50%, best loss: 0.32

Epoch[20/60](20/221) || training loss 0.03866 || training accuracy 96.02% || lr 0.001
Epoch[20/60](40/221) || training loss 0.03314 || training accuracy 97.42% || lr 0.001
Epoch[20/60](60/221) || training loss 0.05502 || training accuracy 94.61% || lr 0.001
Epoch[20/60](80/221) || training loss 0.04835 || training accuracy 95.47% || lr 0.001
Epoch[20/60](100/221) || training loss 0.0356 || training accuracy 95.55% || lr 0.001
Epoch[20/60](120/221) || training loss 0.04938 || training accuracy 94.61% || lr 0.001
Epoch[20/60](140/221) || training loss 0.03425 || training accuracy 95.70% || lr 0.001
Epoch[20/60](160/221) || training loss 0.03459 || training accuracy 96.64% || lr 0.001
Epoch[20/60](180/221) || training loss 0.03641 || training accuracy 96.33% || lr 0.001
Epoch[20/60](200/221) || training loss 0.03922 || training accuracy 95.78% || lr 0.001
Epoch[20/60](220/221) || training loss 0.04911 || training accuracy 94.92% || lr 0.001
Calculating validation results...
[Val] acc : 75.94%, loss: 0.41 || best acc : 77.50%, best loss: 0.32

Epoch[21/60](20/221) || training loss 0.03985 || training accuracy 96.33% || lr 0.001
Epoch[21/60](40/221) || training loss 0.04369 || training accuracy 95.39% || lr 0.001
Epoch[21/60](60/221) || training loss 0.04152 || training accuracy 95.47% || lr 0.001
Epoch[21/60](80/221) || training loss 0.08276 || training accuracy 94.30% || lr 0.001
Epoch[21/60](100/221) || training loss 0.07781 || training accuracy 92.81% || lr 0.001
Epoch[21/60](120/221) || training loss 0.09616 || training accuracy 91.80% || lr 0.001
Epoch[21/60](140/221) || training loss 0.09632 || training accuracy 91.64% || lr 0.001
Epoch[21/60](160/221) || training loss 0.07479 || training accuracy 93.05% || lr 0.001
Epoch[21/60](180/221) || training loss 0.05432 || training accuracy 93.67% || lr 0.001
Epoch[21/60](200/221) || training loss 0.0458 || training accuracy 95.16% || lr 0.001
Epoch[21/60](220/221) || training loss 0.05626 || training accuracy 95.00% || lr 0.001
Calculating validation results...
[Val] acc : 75.89%, loss: 0.44 || best acc : 77.50%, best loss: 0.32

Epoch[22/60](20/221) || training loss 0.05075 || training accuracy 94.61% || lr 0.001
Epoch[22/60](40/221) || training loss 0.04843 || training accuracy 94.92% || lr 0.001
Epoch[22/60](60/221) || training loss 0.03144 || training accuracy 96.48% || lr 0.001
Epoch[22/60](80/221) || training loss 0.04696 || training accuracy 95.86% || lr 0.001
Epoch[22/60](100/221) || training loss 0.0488 || training accuracy 94.30% || lr 0.001
Epoch[22/60](120/221) || training loss 0.03905 || training accuracy 96.64% || lr 0.001
Epoch[22/60](140/221) || training loss 0.04608 || training accuracy 94.84% || lr 0.001
Epoch[22/60](160/221) || training loss 0.08038 || training accuracy 93.44% || lr 0.001
Epoch[22/60](180/221) || training loss 0.09118 || training accuracy 92.66% || lr 0.001
Epoch[22/60](200/221) || training loss 0.0896 || training accuracy 92.66% || lr 0.001
Epoch[22/60](220/221) || training loss 0.09729 || training accuracy 91.72% || lr 0.001
Calculating validation results...
[Val] acc : 68.02%, loss:  1.1 || best acc : 77.50%, best loss: 0.32

Epoch[23/60](20/221) || training loss 0.135 || training accuracy 90.86% || lr 0.001
Epoch[23/60](40/221) || training loss 0.1812 || training accuracy 88.44% || lr 0.001
Epoch[23/60](60/221) || training loss 0.189 || training accuracy 86.72% || lr 0.001
Epoch[23/60](80/221) || training loss 0.1422 || training accuracy 87.81% || lr 0.001
Epoch[23/60](100/221) || training loss 0.1283 || training accuracy 87.66% || lr 0.001
Epoch[23/60](120/221) || training loss 0.1105 || training accuracy 89.77% || lr 0.001
Epoch[23/60](140/221) || training loss 0.4265 || training accuracy 75.23% || lr 0.001
Epoch[23/60](160/221) || training loss 0.4063 || training accuracy 74.92% || lr 0.001
Epoch[23/60](180/221) || training loss 0.3298 || training accuracy 78.44% || lr 0.001
Epoch[23/60](200/221) || training loss 0.2303 || training accuracy 79.45% || lr 0.001
Epoch[23/60](220/221) || training loss 0.1653 || training accuracy 85.00% || lr 0.001
Calculating validation results...
[Val] acc : 55.98%, loss: 0.95 || best acc : 77.50%, best loss: 0.32

Epoch[24/60](20/221) || training loss 0.1542 || training accuracy 85.94% || lr 0.001
Epoch[24/60](40/221) || training loss 0.1105 || training accuracy 89.61% || lr 0.001
Epoch[24/60](60/221) || training loss 0.1087 || training accuracy 90.00% || lr 0.001
Epoch[24/60](80/221) || training loss 0.08774 || training accuracy 90.94% || lr 0.001
Epoch[24/60](100/221) || training loss 0.07772 || training accuracy 92.42% || lr 0.001
Epoch[24/60](120/221) || training loss 0.06065 || training accuracy 93.52% || lr 0.001
Epoch[24/60](140/221) || training loss 0.05403 || training accuracy 94.38% || lr 0.001
Epoch[24/60](160/221) || training loss 0.05216 || training accuracy 94.06% || lr 0.001
Epoch[24/60](180/221) || training loss 0.06234 || training accuracy 94.06% || lr 0.001
Epoch[24/60](200/221) || training loss 0.04094 || training accuracy 95.16% || lr 0.001
Epoch[24/60](220/221) || training loss 0.03177 || training accuracy 95.86% || lr 0.001
Calculating validation results...
[Val] acc : 75.92%, loss: 0.55 || best acc : 77.50%, best loss: 0.32

Epoch[25/60](20/221) || training loss 0.01974 || training accuracy 97.27% || lr 0.0001
Epoch[25/60](40/221) || training loss 0.01933 || training accuracy 97.50% || lr 0.0001
Epoch[25/60](60/221) || training loss 0.01827 || training accuracy 97.58% || lr 0.0001
Epoch[25/60](80/221) || training loss 0.0154 || training accuracy 98.20% || lr 0.0001
Epoch[25/60](100/221) || training loss 0.01358 || training accuracy 98.05% || lr 0.0001
Epoch[25/60](120/221) || training loss 0.01272 || training accuracy 98.59% || lr 0.0001
Epoch[25/60](140/221) || training loss 0.01006 || training accuracy 98.59% || lr 0.0001
Epoch[25/60](160/221) || training loss 0.01159 || training accuracy 98.44% || lr 0.0001
Epoch[25/60](180/221) || training loss 0.01155 || training accuracy 98.67% || lr 0.0001
Epoch[25/60](200/221) || training loss 0.006429 || training accuracy 99.45% || lr 0.0001
Epoch[25/60](220/221) || training loss 0.008914 || training accuracy 99.14% || lr 0.0001
Calculating validation results...
[Val] acc : 77.40%, loss: 0.42 || best acc : 77.50%, best loss: 0.32

Epoch[26/60](20/221) || training loss 0.007456 || training accuracy 99.45% || lr 0.0001
Epoch[26/60](40/221) || training loss 0.007973 || training accuracy 99.14% || lr 0.0001
Epoch[26/60](60/221) || training loss 0.007521 || training accuracy 99.30% || lr 0.0001
Epoch[26/60](80/221) || training loss 0.007137 || training accuracy 99.22% || lr 0.0001
Epoch[26/60](100/221) || training loss 0.009053 || training accuracy 98.98% || lr 0.0001
Epoch[26/60](120/221) || training loss 0.01034 || training accuracy 98.67% || lr 0.0001
Epoch[26/60](140/221) || training loss 0.008918 || training accuracy 99.06% || lr 0.0001
Epoch[26/60](160/221) || training loss 0.00809 || training accuracy 99.38% || lr 0.0001
Epoch[26/60](180/221) || training loss 0.005631 || training accuracy 99.53% || lr 0.0001
Epoch[26/60](200/221) || training loss 0.008467 || training accuracy 98.98% || lr 0.0001
Epoch[26/60](220/221) || training loss 0.004524 || training accuracy 99.53% || lr 0.0001
Calculating validation results...
[Val] acc : 77.19%, loss: 0.43 || best acc : 77.50%, best loss: 0.32

Epoch[27/60](20/221) || training loss 0.006945 || training accuracy 99.14% || lr 0.0001
Epoch[27/60](40/221) || training loss 0.004659 || training accuracy 99.38% || lr 0.0001
Epoch[27/60](60/221) || training loss 0.003503 || training accuracy 99.69% || lr 0.0001
Epoch[27/60](80/221) || training loss 0.004041 || training accuracy 99.77% || lr 0.0001
Epoch[27/60](100/221) || training loss 0.005663 || training accuracy 99.14% || lr 0.0001
Epoch[27/60](120/221) || training loss 0.007713 || training accuracy 99.06% || lr 0.0001
Epoch[27/60](140/221) || training loss 0.007872 || training accuracy 99.06% || lr 0.0001
Epoch[27/60](160/221) || training loss 0.007555 || training accuracy 98.98% || lr 0.0001
Epoch[27/60](180/221) || training loss 0.005806 || training accuracy 99.45% || lr 0.0001
Epoch[27/60](200/221) || training loss 0.004742 || training accuracy 99.45% || lr 0.0001
Epoch[27/60](220/221) || training loss 0.004186 || training accuracy 99.45% || lr 0.0001
Calculating validation results...
New best model for val accuracy : 77.84%! saving the best model..
[Val] acc : 77.84%, loss: 0.46 || best acc : 77.84%, best loss: 0.32

Epoch[28/60](20/221) || training loss 0.004426 || training accuracy 99.45% || lr 0.0001
Epoch[28/60](40/221) || training loss 0.004771 || training accuracy 99.53% || lr 0.0001
Epoch[28/60](60/221) || training loss 0.007393 || training accuracy 99.45% || lr 0.0001
Epoch[28/60](80/221) || training loss 0.003306 || training accuracy 99.53% || lr 0.0001
Epoch[28/60](100/221) || training loss 0.002923 || training accuracy 99.77% || lr 0.0001
Epoch[28/60](120/221) || training loss 0.005503 || training accuracy 99.45% || lr 0.0001
Epoch[28/60](140/221) || training loss 0.004144 || training accuracy 99.53% || lr 0.0001
Epoch[28/60](160/221) || training loss 0.003804 || training accuracy 99.61% || lr 0.0001
Epoch[28/60](180/221) || training loss 0.003399 || training accuracy 99.53% || lr 0.0001
Epoch[28/60](200/221) || training loss 0.003095 || training accuracy 99.77% || lr 0.0001
Epoch[28/60](220/221) || training loss 0.002239 || training accuracy 99.92% || lr 0.0001
Calculating validation results...
[Val] acc : 77.54%, loss: 0.49 || best acc : 77.84%, best loss: 0.32

Epoch[29/60](20/221) || training loss 0.001799 || training accuracy 100.00% || lr 0.0001
Epoch[29/60](40/221) || training loss 0.002538 || training accuracy 99.77% || lr 0.0001
Epoch[29/60](60/221) || training loss 0.002745 || training accuracy 99.92% || lr 0.0001
Epoch[29/60](80/221) || training loss 0.002729 || training accuracy 99.77% || lr 0.0001
Epoch[29/60](100/221) || training loss 0.002732 || training accuracy 99.77% || lr 0.0001
Epoch[29/60](120/221) || training loss 0.003479 || training accuracy 99.61% || lr 0.0001
Epoch[29/60](140/221) || training loss 0.002078 || training accuracy 99.77% || lr 0.0001
Epoch[29/60](160/221) || training loss 0.002262 || training accuracy 99.77% || lr 0.0001
Epoch[29/60](180/221) || training loss 0.002863 || training accuracy 99.69% || lr 0.0001
Epoch[29/60](200/221) || training loss 0.002112 || training accuracy 99.77% || lr 0.0001
Epoch[29/60](220/221) || training loss 0.001552 || training accuracy 99.92% || lr 0.0001
Calculating validation results...
New best model for val accuracy : 78.05%! saving the best model..
[Val] acc : 78.05%, loss: 0.49 || best acc : 78.05%, best loss: 0.32

Epoch[30/60](20/221) || training loss 0.002618 || training accuracy 99.69% || lr 0.0001
Epoch[30/60](40/221) || training loss 0.00205 || training accuracy 99.92% || lr 0.0001
Epoch[30/60](60/221) || training loss 0.00202 || training accuracy 100.00% || lr 0.0001
Epoch[30/60](80/221) || training loss 0.002238 || training accuracy 99.69% || lr 0.0001
Epoch[30/60](100/221) || training loss 0.002824 || training accuracy 99.69% || lr 0.0001
Epoch[30/60](120/221) || training loss 0.003557 || training accuracy 99.38% || lr 0.0001
Epoch[30/60](140/221) || training loss 0.00199 || training accuracy 99.84% || lr 0.0001
Epoch[30/60](160/221) || training loss 0.002091 || training accuracy 99.84% || lr 0.0001
Epoch[30/60](180/221) || training loss 0.002346 || training accuracy 99.84% || lr 0.0001
Epoch[30/60](200/221) || training loss 0.003179 || training accuracy 99.53% || lr 0.0001
Epoch[30/60](220/221) || training loss 0.00115 || training accuracy 100.00% || lr 0.0001
Calculating validation results...
[Val] acc : 77.74%, loss: 0.51 || best acc : 78.05%, best loss: 0.32

Epoch[31/60](20/221) || training loss 0.003026 || training accuracy 99.69% || lr 0.0001
Epoch[31/60](40/221) || training loss 0.00175 || training accuracy 99.92% || lr 0.0001
Epoch[31/60](60/221) || training loss 0.002651 || training accuracy 99.69% || lr 0.0001
Epoch[31/60](80/221) || training loss 0.00151 || training accuracy 100.00% || lr 0.0001
Epoch[31/60](100/221) || training loss 0.002795 || training accuracy 99.69% || lr 0.0001
Epoch[31/60](120/221) || training loss 0.002057 || training accuracy 99.77% || lr 0.0001
Epoch[31/60](140/221) || training loss 0.003737 || training accuracy 99.53% || lr 0.0001
Epoch[31/60](160/221) || training loss 0.003586 || training accuracy 99.69% || lr 0.0001
Epoch[31/60](180/221) || training loss 0.003501 || training accuracy 99.53% || lr 0.0001
Epoch[31/60](200/221) || training loss 0.001558 || training accuracy 99.84% || lr 0.0001
Epoch[31/60](220/221) || training loss 0.001507 || training accuracy 99.77% || lr 0.0001
Calculating validation results...
[Val] acc : 77.82%, loss: 0.53 || best acc : 78.05%, best loss: 0.32

Epoch[32/60](20/221) || training loss 0.001421 || training accuracy 99.84% || lr 0.0001
Epoch[32/60](40/221) || training loss 0.001546 || training accuracy 99.84% || lr 0.0001
Epoch[32/60](60/221) || training loss 0.001166 || training accuracy 99.92% || lr 0.0001
Epoch[32/60](80/221) || training loss 0.001883 || training accuracy 99.69% || lr 0.0001
Epoch[32/60](100/221) || training loss 0.00191 || training accuracy 99.92% || lr 0.0001
Epoch[32/60](120/221) || training loss 0.001825 || training accuracy 99.84% || lr 0.0001
Epoch[32/60](140/221) || training loss 0.001242 || training accuracy 99.84% || lr 0.0001
Epoch[32/60](160/221) || training loss 0.001278 || training accuracy 99.92% || lr 0.0001
Epoch[32/60](180/221) || training loss 0.002185 || training accuracy 99.92% || lr 0.0001
Epoch[32/60](200/221) || training loss 0.004955 || training accuracy 99.53% || lr 0.0001
Epoch[32/60](220/221) || training loss 0.002249 || training accuracy 99.77% || lr 0.0001
Calculating validation results...
[Val] acc : 77.88%, loss: 0.53 || best acc : 78.05%, best loss: 0.32

Epoch[33/60](20/221) || training loss 0.001361 || training accuracy 99.84% || lr 0.0001
Epoch[33/60](40/221) || training loss 0.001742 || training accuracy 99.77% || lr 0.0001
Epoch[33/60](60/221) || training loss 0.0009613 || training accuracy 100.00% || lr 0.0001
Epoch[33/60](80/221) || training loss 0.001379 || training accuracy 99.92% || lr 0.0001
Epoch[33/60](100/221) || training loss 0.001597 || training accuracy 99.84% || lr 0.0001
Epoch[33/60](120/221) || training loss 0.0009985 || training accuracy 99.92% || lr 0.0001
Epoch[33/60](140/221) || training loss 0.001765 || training accuracy 99.77% || lr 0.0001
Epoch[33/60](160/221) || training loss 0.001754 || training accuracy 99.92% || lr 0.0001
Epoch[33/60](180/221) || training loss 0.0009575 || training accuracy 99.84% || lr 0.0001
Epoch[33/60](200/221) || training loss 0.002954 || training accuracy 99.77% || lr 0.0001
Epoch[33/60](220/221) || training loss 0.002685 || training accuracy 99.69% || lr 0.0001
Calculating validation results...
[Val] acc : 77.84%, loss: 0.52 || best acc : 78.05%, best loss: 0.32

Epoch[34/60](20/221) || training loss 0.001675 || training accuracy 99.92% || lr 0.0001
Epoch[34/60](40/221) || training loss 0.0009503 || training accuracy 100.00% || lr 0.0001
Epoch[34/60](60/221) || training loss 0.001887 || training accuracy 99.77% || lr 0.0001
Epoch[34/60](80/221) || training loss 0.0009538 || training accuracy 99.92% || lr 0.0001
Epoch[34/60](100/221) || training loss 0.001723 || training accuracy 99.92% || lr 0.0001
Epoch[34/60](120/221) || training loss 0.001276 || training accuracy 99.84% || lr 0.0001
Epoch[34/60](140/221) || training loss 0.00189 || training accuracy 99.69% || lr 0.0001
Epoch[34/60](160/221) || training loss 0.001936 || training accuracy 99.69% || lr 0.0001
Epoch[34/60](180/221) || training loss 0.001447 || training accuracy 99.61% || lr 0.0001
Epoch[34/60](200/221) || training loss 0.001183 || training accuracy 99.84% || lr 0.0001
Epoch[34/60](220/221) || training loss 0.0009176 || training accuracy 99.92% || lr 0.0001
Calculating validation results...
[Val] acc : 77.84%, loss: 0.58 || best acc : 78.05%, best loss: 0.32

Epoch[35/60](20/221) || training loss 0.001153 || training accuracy 99.92% || lr 0.0001
Epoch[35/60](40/221) || training loss 0.001199 || training accuracy 99.92% || lr 0.0001
Epoch[35/60](60/221) || training loss 0.0008954 || training accuracy 100.00% || lr 0.0001
Epoch[35/60](80/221) || training loss 0.001394 || training accuracy 99.92% || lr 0.0001
Epoch[35/60](100/221) || training loss 0.001091 || training accuracy 99.92% || lr 0.0001
Epoch[35/60](120/221) || training loss 0.001953 || training accuracy 99.84% || lr 0.0001
Epoch[35/60](140/221) || training loss 0.003268 || training accuracy 99.69% || lr 0.0001
Epoch[35/60](160/221) || training loss 0.001346 || training accuracy 99.92% || lr 0.0001
Epoch[35/60](180/221) || training loss 0.001334 || training accuracy 99.77% || lr 0.0001
Epoch[35/60](200/221) || training loss 0.001281 || training accuracy 99.84% || lr 0.0001
Epoch[35/60](220/221) || training loss 0.0009205 || training accuracy 100.00% || lr 0.0001
Calculating validation results...
[Val] acc : 77.48%, loss: 0.59 || best acc : 78.05%, best loss: 0.32

Epoch[36/60](20/221) || training loss 0.002415 || training accuracy 99.69% || lr 1e-05
Epoch[36/60](40/221) || training loss 0.001844 || training accuracy 99.77% || lr 1e-05
Epoch[36/60](60/221) || training loss 0.0008146 || training accuracy 100.00% || lr 1e-05
Epoch[36/60](80/221) || training loss 0.0009736 || training accuracy 99.92% || lr 1e-05
Epoch[36/60](100/221) || training loss 0.00113 || training accuracy 99.84% || lr 1e-05
Epoch[36/60](120/221) || training loss 0.002491 || training accuracy 99.69% || lr 1e-05
Epoch[36/60](140/221) || training loss 0.002133 || training accuracy 99.77% || lr 1e-05
Epoch[36/60](160/221) || training loss 0.001813 || training accuracy 99.77% || lr 1e-05
Epoch[36/60](180/221) || training loss 0.000704 || training accuracy 99.84% || lr 1e-05
Epoch[36/60](200/221) || training loss 0.002095 || training accuracy 99.77% || lr 1e-05
Epoch[36/60](220/221) || training loss 0.0008432 || training accuracy 99.92% || lr 1e-05
Calculating validation results...
[Val] acc : 77.63%, loss:  0.6 || best acc : 78.05%, best loss: 0.32

Epoch[37/60](20/221) || training loss 0.001694 || training accuracy 99.77% || lr 1e-05
Epoch[37/60](40/221) || training loss 0.0009206 || training accuracy 99.92% || lr 1e-05
Epoch[37/60](60/221) || training loss 0.001306 || training accuracy 100.00% || lr 1e-05
Epoch[37/60](80/221) || training loss 0.001284 || training accuracy 99.92% || lr 1e-05
Epoch[37/60](100/221) || training loss 0.001023 || training accuracy 99.84% || lr 1e-05
Epoch[37/60](120/221) || training loss 0.001127 || training accuracy 99.92% || lr 1e-05
Epoch[37/60](140/221) || training loss 0.000805 || training accuracy 99.92% || lr 1e-05
Epoch[37/60](160/221) || training loss 0.002236 || training accuracy 99.84% || lr 1e-05
Epoch[37/60](180/221) || training loss 0.0005123 || training accuracy 100.00% || lr 1e-05
Epoch[37/60](200/221) || training loss 0.0003727 || training accuracy 100.00% || lr 1e-05
Epoch[37/60](220/221) || training loss 0.001527 || training accuracy 99.77% || lr 1e-05
Calculating validation results...
[Val] acc : 77.82%, loss: 0.59 || best acc : 78.05%, best loss: 0.32

Epoch[38/60](20/221) || training loss 0.0009539 || training accuracy 99.92% || lr 1e-05
Epoch[38/60](40/221) || training loss 0.0003985 || training accuracy 100.00% || lr 1e-05
Epoch[38/60](60/221) || training loss 0.0006128 || training accuracy 99.92% || lr 1e-05
Epoch[38/60](80/221) || training loss 0.001514 || training accuracy 99.84% || lr 1e-05
Epoch[38/60](100/221) || training loss 0.0009397 || training accuracy 100.00% || lr 1e-05
Epoch[38/60](120/221) || training loss 0.0004629 || training accuracy 100.00% || lr 1e-05
Epoch[38/60](140/221) || training loss 0.001184 || training accuracy 99.84% || lr 1e-05
Epoch[38/60](160/221) || training loss 0.0008129 || training accuracy 99.92% || lr 1e-05
Epoch[38/60](180/221) || training loss 0.0008612 || training accuracy 100.00% || lr 1e-05
Epoch[38/60](200/221) || training loss 0.0004789 || training accuracy 100.00% || lr 1e-05
Epoch[38/60](220/221) || training loss 0.0006066 || training accuracy 100.00% || lr 1e-05
Calculating validation results...
[Val] acc : 77.52%, loss:  0.6 || best acc : 78.05%, best loss: 0.32

Epoch[39/60](20/221) || training loss 0.0007246 || training accuracy 99.92% || lr 1e-05
Epoch[39/60](40/221) || training loss 0.002287 || training accuracy 99.84% || lr 1e-05
Epoch[39/60](60/221) || training loss 0.0007514 || training accuracy 100.00% || lr 1e-05
Epoch[39/60](80/221) || training loss 0.001372 || training accuracy 99.84% || lr 1e-05
Epoch[39/60](100/221) || training loss 0.0006624 || training accuracy 100.00% || lr 1e-05
Epoch[39/60](120/221) || training loss 0.001026 || training accuracy 99.84% || lr 1e-05
Epoch[39/60](140/221) || training loss 0.0005205 || training accuracy 100.00% || lr 1e-05
Epoch[39/60](160/221) || training loss 0.0009063 || training accuracy 99.92% || lr 1e-05
Epoch[39/60](180/221) || training loss 0.0006132 || training accuracy 100.00% || lr 1e-05
Epoch[39/60](200/221) || training loss 0.0007641 || training accuracy 99.92% || lr 1e-05
Epoch[39/60](220/221) || training loss 0.0003728 || training accuracy 100.00% || lr 1e-05
Calculating validation results...
[Val] acc : 77.65%, loss:  0.6 || best acc : 78.05%, best loss: 0.32

Epoch[40/60](20/221) || training loss 0.0003916 || training accuracy 99.92% || lr 1e-05
Epoch[40/60](40/221) || training loss 0.0007243 || training accuracy 100.00% || lr 1e-05
Epoch[40/60](60/221) || training loss 0.0005362 || training accuracy 99.92% || lr 1e-05
Epoch[40/60](80/221) || training loss 0.000621 || training accuracy 100.00% || lr 1e-05
Epoch[40/60](100/221) || training loss 0.0008265 || training accuracy 99.92% || lr 1e-05
Epoch[40/60](120/221) || training loss 0.0007609 || training accuracy 99.84% || lr 1e-05
Epoch[40/60](140/221) || training loss 0.00135 || training accuracy 99.77% || lr 1e-05
Epoch[40/60](160/221) || training loss 0.0007377 || training accuracy 99.92% || lr 1e-05
Epoch[40/60](180/221) || training loss 0.000585 || training accuracy 100.00% || lr 1e-05
Epoch[40/60](200/221) || training loss 0.0004668 || training accuracy 100.00% || lr 1e-05
Epoch[40/60](220/221) || training loss 0.0004416 || training accuracy 99.92% || lr 1e-05
Calculating validation results...
[Val] acc : 77.52%, loss: 0.61 || best acc : 78.05%, best loss: 0.32

Epoch[41/60](20/221) || training loss 0.0008825 || training accuracy 99.84% || lr 1e-05
Epoch[41/60](40/221) || training loss 0.000449 || training accuracy 99.92% || lr 1e-05
Epoch[41/60](60/221) || training loss 0.0005353 || training accuracy 99.92% || lr 1e-05
Epoch[41/60](80/221) || training loss 0.0006027 || training accuracy 99.92% || lr 1e-05
Epoch[41/60](100/221) || training loss 0.001149 || training accuracy 99.92% || lr 1e-05
Epoch[41/60](120/221) || training loss 0.000531 || training accuracy 100.00% || lr 1e-05
Epoch[41/60](140/221) || training loss 0.0005187 || training accuracy 100.00% || lr 1e-05
Epoch[41/60](160/221) || training loss 0.0003433 || training accuracy 100.00% || lr 1e-05
Epoch[41/60](180/221) || training loss 0.000973 || training accuracy 99.84% || lr 1e-05
Epoch[41/60](200/221) || training loss 0.000517 || training accuracy 100.00% || lr 1e-05
Epoch[41/60](220/221) || training loss 0.001082 || training accuracy 99.92% || lr 1e-05
Calculating validation results...
[Val] acc : 77.50%, loss: 0.61 || best acc : 78.05%, best loss: 0.32

Epoch[42/60](20/221) || training loss 0.0008549 || training accuracy 99.84% || lr 1e-05
Epoch[42/60](40/221) || training loss 0.001355 || training accuracy 99.84% || lr 1e-05
Epoch[42/60](60/221) || training loss 0.0008975 || training accuracy 100.00% || lr 1e-05
Epoch[42/60](80/221) || training loss 0.001107 || training accuracy 99.84% || lr 1e-05
Epoch[42/60](100/221) || training loss 0.0005921 || training accuracy 100.00% || lr 1e-05
Epoch[42/60](120/221) || training loss 0.0005925 || training accuracy 100.00% || lr 1e-05
Epoch[42/60](140/221) || training loss 0.0005632 || training accuracy 99.92% || lr 1e-05
Epoch[42/60](160/221) || training loss 0.0005299 || training accuracy 100.00% || lr 1e-05
Epoch[42/60](180/221) || training loss 0.0007339 || training accuracy 99.92% || lr 1e-05
Epoch[42/60](200/221) || training loss 0.0007166 || training accuracy 100.00% || lr 1e-05
Epoch[42/60](220/221) || training loss 0.001148 || training accuracy 99.92% || lr 1e-05
Calculating validation results...
[Val] acc : 77.16%, loss: 0.62 || best acc : 78.05%, best loss: 0.32

Epoch[43/60](20/221) || training loss 0.0004603 || training accuracy 100.00% || lr 1e-05
Epoch[43/60](40/221) || training loss 0.0008771 || training accuracy 99.92% || lr 1e-05
Epoch[43/60](60/221) || training loss 0.0005172 || training accuracy 100.00% || lr 1e-05
Epoch[43/60](80/221) || training loss 0.0006288 || training accuracy 99.92% || lr 1e-05
Epoch[43/60](100/221) || training loss 0.0004986 || training accuracy 100.00% || lr 1e-05
Epoch[43/60](120/221) || training loss 0.0004765 || training accuracy 99.92% || lr 1e-05
Epoch[43/60](140/221) || training loss 0.0005095 || training accuracy 100.00% || lr 1e-05
Epoch[43/60](160/221) || training loss 0.0003097 || training accuracy 100.00% || lr 1e-05
Epoch[43/60](180/221) || training loss 0.0006631 || training accuracy 100.00% || lr 1e-05
Epoch[43/60](200/221) || training loss 0.0007225 || training accuracy 100.00% || lr 1e-05
Epoch[43/60](220/221) || training loss 0.0005494 || training accuracy 99.92% || lr 1e-05
Calculating validation results...
[Val] acc : 77.65%, loss: 0.59 || best acc : 78.05%, best loss: 0.32

Epoch[44/60](20/221) || training loss 0.0005081 || training accuracy 100.00% || lr 1e-05
Epoch[44/60](40/221) || training loss 0.0002597 || training accuracy 100.00% || lr 1e-05
Epoch[44/60](60/221) || training loss 0.0003368 || training accuracy 100.00% || lr 1e-05
Epoch[44/60](80/221) || training loss 0.001063 || training accuracy 99.84% || lr 1e-05
Epoch[44/60](100/221) || training loss 0.0004931 || training accuracy 100.00% || lr 1e-05
Epoch[44/60](120/221) || training loss 0.0006619 || training accuracy 99.92% || lr 1e-05
Epoch[44/60](140/221) || training loss 0.0005128 || training accuracy 100.00% || lr 1e-05
Epoch[44/60](160/221) || training loss 0.0004027 || training accuracy 100.00% || lr 1e-05
Epoch[44/60](180/221) || training loss 0.000424 || training accuracy 100.00% || lr 1e-05
Epoch[44/60](200/221) || training loss 0.0006133 || training accuracy 99.92% || lr 1e-05
Epoch[44/60](220/221) || training loss 0.0002107 || training accuracy 100.00% || lr 1e-05
Calculating validation results...
[Val] acc : 77.76%, loss:  0.6 || best acc : 78.05%, best loss: 0.32

Epoch[45/60](20/221) || training loss 0.0005472 || training accuracy 100.00% || lr 1e-05
Epoch[45/60](40/221) || training loss 0.0005431 || training accuracy 100.00% || lr 1e-05
Epoch[45/60](60/221) || training loss 0.0002664 || training accuracy 100.00% || lr 1e-05
Epoch[45/60](80/221) || training loss 0.0005151 || training accuracy 99.92% || lr 1e-05
Epoch[45/60](100/221) || training loss 0.0002849 || training accuracy 100.00% || lr 1e-05
Epoch[45/60](120/221) || training loss 0.0008627 || training accuracy 99.92% || lr 1e-05
Epoch[45/60](140/221) || training loss 0.0004802 || training accuracy 99.92% || lr 1e-05
Epoch[45/60](160/221) || training loss 0.0007453 || training accuracy 99.84% || lr 1e-05
Epoch[45/60](180/221) || training loss 0.0009522 || training accuracy 99.92% || lr 1e-05
Epoch[45/60](200/221) || training loss 0.0002244 || training accuracy 100.00% || lr 1e-05
Epoch[45/60](220/221) || training loss 0.001422 || training accuracy 99.84% || lr 1e-05
Calculating validation results...
[Val] acc : 77.44%, loss: 0.62 || best acc : 78.05%, best loss: 0.32

Epoch[46/60](20/221) || training loss 0.0002601 || training accuracy 100.00% || lr 1e-05
Epoch[46/60](40/221) || training loss 0.0006595 || training accuracy 99.92% || lr 1e-05
Epoch[46/60](60/221) || training loss 0.0006626 || training accuracy 99.92% || lr 1e-05
Epoch[46/60](80/221) || training loss 0.0003177 || training accuracy 100.00% || lr 1e-05
Epoch[46/60](100/221) || training loss 0.0004648 || training accuracy 100.00% || lr 1e-05
Epoch[46/60](120/221) || training loss 0.0008061 || training accuracy 99.84% || lr 1e-05
Epoch[46/60](140/221) || training loss 0.0005018 || training accuracy 100.00% || lr 1e-05
Epoch[46/60](160/221) || training loss 0.0005172 || training accuracy 100.00% || lr 1e-05
Epoch[46/60](180/221) || training loss 0.0003599 || training accuracy 100.00% || lr 1e-05
Epoch[46/60](200/221) || training loss 0.0004059 || training accuracy 100.00% || lr 1e-05
Epoch[46/60](220/221) || training loss 0.0008675 || training accuracy 99.92% || lr 1e-05
Calculating validation results...
[Val] acc : 77.76%, loss: 0.61 || best acc : 78.05%, best loss: 0.32

Epoch[47/60](20/221) || training loss 0.0004469 || training accuracy 100.00% || lr 1.0000000000000002e-06
Epoch[47/60](40/221) || training loss 0.0002746 || training accuracy 100.00% || lr 1.0000000000000002e-06
Epoch[47/60](60/221) || training loss 0.0004822 || training accuracy 100.00% || lr 1.0000000000000002e-06
Epoch[47/60](80/221) || training loss 0.0005201 || training accuracy 100.00% || lr 1.0000000000000002e-06
Epoch[47/60](100/221) || training loss 0.001476 || training accuracy 99.77% || lr 1.0000000000000002e-06
Epoch[47/60](120/221) || training loss 0.001281 || training accuracy 99.77% || lr 1.0000000000000002e-06
Epoch[47/60](140/221) || training loss 0.0008081 || training accuracy 100.00% || lr 1.0000000000000002e-06
Epoch[47/60](160/221) || training loss 0.0008729 || training accuracy 99.92% || lr 1.0000000000000002e-06
Epoch[47/60](180/221) || training loss 0.0005407 || training accuracy 100.00% || lr 1.0000000000000002e-06
Epoch[47/60](200/221) || training loss 0.0005653 || training accuracy 99.92% || lr 1.0000000000000002e-06
Epoch[47/60](220/221) || training loss 0.0004706 || training accuracy 99.92% || lr 1.0000000000000002e-06
Calculating validation results...
[Val] acc : 77.63%, loss: 0.61 || best acc : 78.05%, best loss: 0.32

Epoch[48/60](20/221) || training loss 0.0002811 || training accuracy 100.00% || lr 1.0000000000000002e-06
Epoch[48/60](40/221) || training loss 0.0007761 || training accuracy 99.84% || lr 1.0000000000000002e-06
Epoch[48/60](60/221) || training loss 0.0003625 || training accuracy 100.00% || lr 1.0000000000000002e-06
Epoch[48/60](80/221) || training loss 0.001065 || training accuracy 99.92% || lr 1.0000000000000002e-06
Epoch[48/60](100/221) || training loss 0.0003897 || training accuracy 99.92% || lr 1.0000000000000002e-06
Epoch[48/60](120/221) || training loss 0.0004723 || training accuracy 100.00% || lr 1.0000000000000002e-06
Epoch[48/60](140/221) || training loss 0.0005538 || training accuracy 100.00% || lr 1.0000000000000002e-06
Epoch[48/60](160/221) || training loss 0.0004758 || training accuracy 100.00% || lr 1.0000000000000002e-06
Epoch[48/60](180/221) || training loss 0.0002873 || training accuracy 100.00% || lr 1.0000000000000002e-06
Epoch[48/60](200/221) || training loss 0.000785 || training accuracy 100.00% || lr 1.0000000000000002e-06
Epoch[48/60](220/221) || training loss 0.0007271 || training accuracy 99.84% || lr 1.0000000000000002e-06
Calculating validation results...
[Val] acc : 77.67%, loss: 0.62 || best acc : 78.05%, best loss: 0.32

Epoch[49/60](20/221) || training loss 0.0002969 || training accuracy 100.00% || lr 1.0000000000000002e-06
Epoch[49/60](40/221) || training loss 0.0005282 || training accuracy 100.00% || lr 1.0000000000000002e-06
Epoch[49/60](60/221) || training loss 0.0004018 || training accuracy 100.00% || lr 1.0000000000000002e-06
Epoch[49/60](80/221) || training loss 0.0002516 || training accuracy 100.00% || lr 1.0000000000000002e-06
Epoch[49/60](100/221) || training loss 0.0004425 || training accuracy 100.00% || lr 1.0000000000000002e-06
Epoch[49/60](120/221) || training loss 0.0006997 || training accuracy 100.00% || lr 1.0000000000000002e-06
Epoch[49/60](140/221) || training loss 0.0002482 || training accuracy 100.00% || lr 1.0000000000000002e-06
Epoch[49/60](160/221) || training loss 0.0003134 || training accuracy 100.00% || lr 1.0000000000000002e-06
Epoch[49/60](180/221) || training loss 0.0003475 || training accuracy 100.00% || lr 1.0000000000000002e-06
Epoch[49/60](200/221) || training loss 0.0003605 || training accuracy 99.92% || lr 1.0000000000000002e-06
Epoch[49/60](220/221) || training loss 0.0005385 || training accuracy 100.00% || lr 1.0000000000000002e-06
Calculating validation results...
[Val] acc : 77.67%, loss: 0.62 || best acc : 78.05%, best loss: 0.32

Epoch[50/60](20/221) || training loss 0.0005309 || training accuracy 100.00% || lr 1.0000000000000002e-06
Epoch[50/60](40/221) || training loss 0.0003875 || training accuracy 100.00% || lr 1.0000000000000002e-06
Epoch[50/60](60/221) || training loss 0.0002587 || training accuracy 100.00% || lr 1.0000000000000002e-06
Epoch[50/60](80/221) || training loss 0.0005041 || training accuracy 100.00% || lr 1.0000000000000002e-06
Epoch[50/60](100/221) || training loss 0.0005711 || training accuracy 99.92% || lr 1.0000000000000002e-06
Epoch[50/60](120/221) || training loss 0.0007072 || training accuracy 99.84% || lr 1.0000000000000002e-06
Epoch[50/60](140/221) || training loss 0.0005071 || training accuracy 100.00% || lr 1.0000000000000002e-06
Epoch[50/60](160/221) || training loss 0.0003261 || training accuracy 99.92% || lr 1.0000000000000002e-06
Epoch[50/60](180/221) || training loss 0.0003519 || training accuracy 100.00% || lr 1.0000000000000002e-06
Epoch[50/60](200/221) || training loss 0.0003589 || training accuracy 100.00% || lr 1.0000000000000002e-06
Epoch[50/60](220/221) || training loss 0.0002961 || training accuracy 100.00% || lr 1.0000000000000002e-06
Calculating validation results...
[Val] acc : 77.80%, loss:  0.6 || best acc : 78.05%, best loss: 0.32

Epoch[51/60](20/221) || training loss 0.0007305 || training accuracy 99.84% || lr 1.0000000000000002e-06
Epoch[51/60](40/221) || training loss 0.0003496 || training accuracy 100.00% || lr 1.0000000000000002e-06
Epoch[51/60](60/221) || training loss 0.0005277 || training accuracy 100.00% || lr 1.0000000000000002e-06
Epoch[51/60](80/221) || training loss 0.0007486 || training accuracy 99.92% || lr 1.0000000000000002e-06
Epoch[51/60](100/221) || training loss 0.0003403 || training accuracy 100.00% || lr 1.0000000000000002e-06
Epoch[51/60](120/221) || training loss 0.001088 || training accuracy 99.92% || lr 1.0000000000000002e-06
Epoch[51/60](140/221) || training loss 0.0001852 || training accuracy 100.00% || lr 1.0000000000000002e-06
Epoch[51/60](160/221) || training loss 0.0006074 || training accuracy 100.00% || lr 1.0000000000000002e-06
Epoch[51/60](180/221) || training loss 0.0004232 || training accuracy 100.00% || lr 1.0000000000000002e-06
Epoch[51/60](200/221) || training loss 0.000403 || training accuracy 100.00% || lr 1.0000000000000002e-06
Epoch[51/60](220/221) || training loss 0.000574 || training accuracy 100.00% || lr 1.0000000000000002e-06
Calculating validation results...
[Val] acc : 77.78%, loss: 0.62 || best acc : 78.05%, best loss: 0.32

Epoch[52/60](20/221) || training loss 0.0007812 || training accuracy 99.92% || lr 1.0000000000000002e-06
Epoch[52/60](40/221) || training loss 0.0002235 || training accuracy 100.00% || lr 1.0000000000000002e-06
Epoch[52/60](60/221) || training loss 0.0004144 || training accuracy 100.00% || lr 1.0000000000000002e-06
Epoch[52/60](80/221) || training loss 0.0003236 || training accuracy 100.00% || lr 1.0000000000000002e-06
Epoch[52/60](100/221) || training loss 0.0003985 || training accuracy 100.00% || lr 1.0000000000000002e-06
Epoch[52/60](120/221) || training loss 0.0002724 || training accuracy 100.00% || lr 1.0000000000000002e-06
Epoch[52/60](140/221) || training loss 0.0002466 || training accuracy 100.00% || lr 1.0000000000000002e-06
Epoch[52/60](160/221) || training loss 0.0002585 || training accuracy 100.00% || lr 1.0000000000000002e-06
Epoch[52/60](180/221) || training loss 0.0001723 || training accuracy 100.00% || lr 1.0000000000000002e-06
Epoch[52/60](200/221) || training loss 0.0003856 || training accuracy 100.00% || lr 1.0000000000000002e-06
Epoch[52/60](220/221) || training loss 0.0008196 || training accuracy 99.92% || lr 1.0000000000000002e-06
Calculating validation results...
[Val] acc : 77.54%, loss: 0.63 || best acc : 78.05%, best loss: 0.32

Epoch[53/60](20/221) || training loss 0.0003232 || training accuracy 100.00% || lr 1.0000000000000002e-06
Epoch[53/60](40/221) || training loss 0.0003685 || training accuracy 100.00% || lr 1.0000000000000002e-06
Epoch[53/60](60/221) || training loss 0.0002957 || training accuracy 100.00% || lr 1.0000000000000002e-06
Epoch[53/60](80/221) || training loss 0.0004588 || training accuracy 100.00% || lr 1.0000000000000002e-06
Epoch[53/60](100/221) || training loss 0.000614 || training accuracy 100.00% || lr 1.0000000000000002e-06
Epoch[53/60](120/221) || training loss 0.0007281 || training accuracy 99.92% || lr 1.0000000000000002e-06
Epoch[53/60](140/221) || training loss 0.0005308 || training accuracy 100.00% || lr 1.0000000000000002e-06
Epoch[53/60](160/221) || training loss 0.001013 || training accuracy 99.84% || lr 1.0000000000000002e-06
Epoch[53/60](180/221) || training loss 0.0009865 || training accuracy 99.92% || lr 1.0000000000000002e-06
Epoch[53/60](200/221) || training loss 0.000388 || training accuracy 100.00% || lr 1.0000000000000002e-06
Epoch[53/60](220/221) || training loss 0.0004237 || training accuracy 100.00% || lr 1.0000000000000002e-06
Calculating validation results...
[Val] acc : 77.80%, loss: 0.61 || best acc : 78.05%, best loss: 0.32

Epoch[54/60](20/221) || training loss 0.0007203 || training accuracy 100.00% || lr 1.0000000000000002e-06
Epoch[54/60](40/221) || training loss 0.0002627 || training accuracy 100.00% || lr 1.0000000000000002e-06
Epoch[54/60](60/221) || training loss 0.0003366 || training accuracy 100.00% || lr 1.0000000000000002e-06
Epoch[54/60](80/221) || training loss 0.000233 || training accuracy 100.00% || lr 1.0000000000000002e-06
Epoch[54/60](100/221) || training loss 0.0004265 || training accuracy 100.00% || lr 1.0000000000000002e-06
Epoch[54/60](120/221) || training loss 0.0004244 || training accuracy 99.92% || lr 1.0000000000000002e-06
Epoch[54/60](140/221) || training loss 0.0004001 || training accuracy 100.00% || lr 1.0000000000000002e-06
Epoch[54/60](160/221) || training loss 0.0002482 || training accuracy 100.00% || lr 1.0000000000000002e-06
Epoch[54/60](180/221) || training loss 0.001595 || training accuracy 99.84% || lr 1.0000000000000002e-06
Epoch[54/60](200/221) || training loss 0.0008138 || training accuracy 99.92% || lr 1.0000000000000002e-06
Epoch[54/60](220/221) || training loss 0.0005272 || training accuracy 100.00% || lr 1.0000000000000002e-06
Calculating validation results...
[Val] acc : 77.21%, loss: 0.63 || best acc : 78.05%, best loss: 0.32

Epoch[55/60](20/221) || training loss 0.0008043 || training accuracy 99.92% || lr 1.0000000000000002e-06
Epoch[55/60](40/221) || training loss 0.0007226 || training accuracy 99.92% || lr 1.0000000000000002e-06
Epoch[55/60](60/221) || training loss 0.0002056 || training accuracy 100.00% || lr 1.0000000000000002e-06
Epoch[55/60](80/221) || training loss 0.0005038 || training accuracy 100.00% || lr 1.0000000000000002e-06
Epoch[55/60](100/221) || training loss 0.0005302 || training accuracy 100.00% || lr 1.0000000000000002e-06
Epoch[55/60](120/221) || training loss 0.000233 || training accuracy 100.00% || lr 1.0000000000000002e-06
Epoch[55/60](140/221) || training loss 0.0005608 || training accuracy 100.00% || lr 1.0000000000000002e-06
Epoch[55/60](160/221) || training loss 0.0004586 || training accuracy 99.92% || lr 1.0000000000000002e-06
Epoch[55/60](180/221) || training loss 0.000763 || training accuracy 99.92% || lr 1.0000000000000002e-06
Epoch[55/60](200/221) || training loss 0.0004045 || training accuracy 100.00% || lr 1.0000000000000002e-06
Epoch[55/60](220/221) || training loss 0.0006462 || training accuracy 99.92% || lr 1.0000000000000002e-06
Calculating validation results...
[Val] acc : 77.84%, loss: 0.61 || best acc : 78.05%, best loss: 0.32

Epoch[56/60](20/221) || training loss 0.0003263 || training accuracy 100.00% || lr 1.0000000000000002e-06
Epoch[56/60](40/221) || training loss 0.0004224 || training accuracy 100.00% || lr 1.0000000000000002e-06
Epoch[56/60](60/221) || training loss 0.0004645 || training accuracy 100.00% || lr 1.0000000000000002e-06
Epoch[56/60](80/221) || training loss 0.0005291 || training accuracy 100.00% || lr 1.0000000000000002e-06
Epoch[56/60](100/221) || training loss 0.0004372 || training accuracy 100.00% || lr 1.0000000000000002e-06
Epoch[56/60](120/221) || training loss 0.0005129 || training accuracy 100.00% || lr 1.0000000000000002e-06
Epoch[56/60](140/221) || training loss 0.0005119 || training accuracy 100.00% || lr 1.0000000000000002e-06
Epoch[56/60](160/221) || training loss 0.0008609 || training accuracy 99.92% || lr 1.0000000000000002e-06
Epoch[56/60](180/221) || training loss 0.0002504 || training accuracy 100.00% || lr 1.0000000000000002e-06
Epoch[56/60](200/221) || training loss 0.0008759 || training accuracy 99.84% || lr 1.0000000000000002e-06
Epoch[56/60](220/221) || training loss 0.0002977 || training accuracy 100.00% || lr 1.0000000000000002e-06
Calculating validation results...
[Val] acc : 77.80%, loss: 0.62 || best acc : 78.05%, best loss: 0.32

Epoch[57/60](20/221) || training loss 0.000517 || training accuracy 100.00% || lr 1.0000000000000002e-06
Epoch[57/60](40/221) || training loss 0.0005129 || training accuracy 100.00% || lr 1.0000000000000002e-06
Epoch[57/60](60/221) || training loss 0.000345 || training accuracy 100.00% || lr 1.0000000000000002e-06
Epoch[57/60](80/221) || training loss 0.0002395 || training accuracy 100.00% || lr 1.0000000000000002e-06
Epoch[57/60](100/221) || training loss 0.0002707 || training accuracy 100.00% || lr 1.0000000000000002e-06
Epoch[57/60](120/221) || training loss 0.0003761 || training accuracy 100.00% || lr 1.0000000000000002e-06
Epoch[57/60](140/221) || training loss 0.0003781 || training accuracy 100.00% || lr 1.0000000000000002e-06
Epoch[57/60](160/221) || training loss 0.000582 || training accuracy 99.92% || lr 1.0000000000000002e-06
Epoch[57/60](180/221) || training loss 0.0004705 || training accuracy 100.00% || lr 1.0000000000000002e-06
Epoch[57/60](200/221) || training loss 0.0003744 || training accuracy 100.00% || lr 1.0000000000000002e-06
Epoch[57/60](220/221) || training loss 0.001204 || training accuracy 99.84% || lr 1.0000000000000002e-06
Calculating validation results...
[Val] acc : 77.27%, loss: 0.64 || best acc : 78.05%, best loss: 0.32

Epoch[58/60](20/221) || training loss 0.0002685 || training accuracy 100.00% || lr 1.0000000000000002e-07
Epoch[58/60](40/221) || training loss 0.0003704 || training accuracy 100.00% || lr 1.0000000000000002e-07
Epoch[58/60](60/221) || training loss 0.0002389 || training accuracy 100.00% || lr 1.0000000000000002e-07
Epoch[58/60](80/221) || training loss 0.0002291 || training accuracy 100.00% || lr 1.0000000000000002e-07
Epoch[58/60](100/221) || training loss 0.0003385 || training accuracy 100.00% || lr 1.0000000000000002e-07
Epoch[58/60](120/221) || training loss 0.0008915 || training accuracy 100.00% || lr 1.0000000000000002e-07
Epoch[58/60](140/221) || training loss 0.0004457 || training accuracy 99.92% || lr 1.0000000000000002e-07
Epoch[58/60](160/221) || training loss 0.0005103 || training accuracy 99.92% || lr 1.0000000000000002e-07
Epoch[58/60](180/221) || training loss 0.0003145 || training accuracy 100.00% || lr 1.0000000000000002e-07
Epoch[58/60](200/221) || training loss 0.0006005 || training accuracy 99.92% || lr 1.0000000000000002e-07
Epoch[58/60](220/221) || training loss 0.0007577 || training accuracy 99.92% || lr 1.0000000000000002e-07
Calculating validation results...
[Val] acc : 77.44%, loss: 0.63 || best acc : 78.05%, best loss: 0.32

Epoch[59/60](20/221) || training loss 0.0003196 || training accuracy 100.00% || lr 1.0000000000000002e-07
Epoch[59/60](40/221) || training loss 0.0002837 || training accuracy 100.00% || lr 1.0000000000000002e-07
Epoch[59/60](60/221) || training loss 0.0004382 || training accuracy 99.92% || lr 1.0000000000000002e-07
Epoch[59/60](80/221) || training loss 0.0006338 || training accuracy 100.00% || lr 1.0000000000000002e-07
Epoch[59/60](100/221) || training loss 0.0003104 || training accuracy 100.00% || lr 1.0000000000000002e-07
Epoch[59/60](120/221) || training loss 0.0003521 || training accuracy 100.00% || lr 1.0000000000000002e-07
Epoch[59/60](140/221) || training loss 0.0002389 || training accuracy 100.00% || lr 1.0000000000000002e-07
Epoch[59/60](160/221) || training loss 0.0004506 || training accuracy 100.00% || lr 1.0000000000000002e-07
Epoch[59/60](180/221) || training loss 0.0003777 || training accuracy 99.92% || lr 1.0000000000000002e-07
Epoch[59/60](200/221) || training loss 0.0004856 || training accuracy 100.00% || lr 1.0000000000000002e-07
Epoch[59/60](220/221) || training loss 0.0004642 || training accuracy 100.00% || lr 1.0000000000000002e-07
Calculating validation results...
[Val] acc : 77.80%, loss: 0.61 || best acc : 78.05%, best loss: 0.32

