Namespace(augmentation='CustomAugmentation', batch_size=64, criterion='focal', data_dir='/opt/ml/input/data/train/images', dataset='MaskSplitByProfileDataset', epochs=50, log_interval=20, lr=0.001, lr_decay_step=20, model='ResNet', model_dir='./model', name='exp_add_aug', optimizer='SGD', resize=[224, 224], seed=42, val_ratio=0.2, valid_batch_size=64)
Epoch[0/50](20/221) || training loss 2.088 || training accuracy 26.56% || lr 0.001
Epoch[0/50](40/221) || training loss 0.7968 || training accuracy 65.78% || lr 0.001
Epoch[0/50](60/221) || training loss 0.3865 || training accuracy 75.55% || lr 0.001
Epoch[0/50](80/221) || training loss 0.2781 || training accuracy 78.20% || lr 0.001
Epoch[0/50](100/221) || training loss 0.2258 || training accuracy 78.12% || lr 0.001
Epoch[0/50](120/221) || training loss 0.1815 || training accuracy 83.83% || lr 0.001
Epoch[0/50](140/221) || training loss 0.2215 || training accuracy 78.98% || lr 0.001
Epoch[0/50](160/221) || training loss 0.1944 || training accuracy 80.86% || lr 0.001
Epoch[0/50](180/221) || training loss 0.1983 || training accuracy 82.19% || lr 0.001
Epoch[0/50](200/221) || training loss 0.2084 || training accuracy 81.33% || lr 0.001
Epoch[0/50](220/221) || training loss 0.1957 || training accuracy 81.09% || lr 0.001
Calculating validation results...
/opt/ml/level1_imageclassification_cv-level1-cv-07/utils.py:58: UserWarning: This overload of addcmul_ is deprecated:
	addcmul_(Number value, Tensor tensor1, Tensor tensor2)
Consider using one of the following signatures instead:
	addcmul_(Tensor tensor1, Tensor tensor2, *, Number value) (Triggered internally at  ../torch/csrc/utils/python_arg_parser.cpp:1174.)
  exp_avg_sq.mul_(beta2).addcmul_(1 - beta2, grad, grad)
New best model for val accuracy : 56.15%! saving the best model..
[Val] acc : 56.15%, loss: 0.99 || best acc : 56.15%, best loss: 0.99

Epoch[1/50](20/221) || training loss 0.161 || trainEpoch[0/50](20/221) || training loss 2.129 || training accuracy 24.38% || lr 0.001
Epoch[0/50](40/221) || training loss 0.8701 || training accuracy 62.89% || lr 0.001
Epoch[0/50](60/221) || training loss 0.4305 || training accuracy 72.89% || lr 0.001
Epoch[0/50](80/221) || training loss 0.2898 || training accuracy 78.67% || lr 0.001
Epoch[0/50](100/221) || training loss 0.2334 || training accuracy 78.59% || lr 0.001
Epoch[0/50](120/221) || training loss 0.215 || training accuracy 80.78% || lr 0.001
Epoch[0/50](140/221) || training loss 0.2536 || training accuracy 78.83% || lr 0.001
Epoch[0/50](160/221) || training loss 0.2057 || training accuracy 82.11% || lr 0.001
Epoch[0/50](180/221) || training loss 0.2098 || training accuracy 82.11% || lr 0.001
Epoch[0/50](200/221) || training loss 0.1996 || training accuracy 80.55% || lr 0.001
Epoch[0/50](220/221) || training loss 0.2104 || training accuracy 80.39% || lr 0.001
Calculating validation results...
New best model for val accuracy : 61.27%! saving the best model..
[Val] acc : 61.27%, loss: 0.72 || best acc : 61.27%, best loss: 0.72

oss 0.1234 || training accuracy 86.88% || lr 0.001
Epoch[2/50](60/221) || training loss 0.1375 || training accuracy 85.78% || lr 0.001
Epoch[2/50](80/221) || training loss 0.1132 || training accuracy 88.44% || lr 0.001
Epoch[2/50](100/221) || training loss 0.1165 || training accuracy 87.97% || lr 0.001
Epoch[2/50](120/221) || training loss 0.1374 || training accuracy 86.33% || lr 0.001
Epoch[2/50](140/221) || training loss 0.1375 || training accuracy 85.23% || lr 0.001
Epoch[2/50](160/221) || training loss 0.1054 || training accuracy 88.05% || lr 0.001
Epoch[2/50](180/221) || training loss 0.1341 || training accuracy 86.09% || lr 0.001
Epoch[2/50](200/221) || training loss 0.1344 || training accuracy 86.80% || lr 0.001
Epoch[2/50](220/221) || training loss 0.1652 || training accuracy 84.84% || lr 0.001
Calculating validation results...
[Val] acc : 45.50%, loss:  1.1 || best acc : 56.15%, best loss: 0.99

Epoch[3/50](20/221) || training loss 0.1314 || training accuracy 87.81% || lr 0.001
Epoch[3/50](40/221) || training loss 0.1216 || training accuracy 87.50% || lr 0.001
Epoch[3/50](60/221) || training loss 0.1144 || training accuracy 87.97% || lr 0.001
Epoch[3/50](80/221) || training loss 0.08844 || training accuracy 90.39% || lr 0.001
Epoch[3/50](100/221) || training loss 0.09125 || training accuracy 89.92% || lr 0.001
Epoch[3/50](120/221) || training loss 0.09041 || training accuracy 89.06% || lr 0.001
Epoch[3/50](140/221) || training loss 0.08276 || training accuracy 90.08% || lr 0.001
Epoch[3/50](160/221) || training loss 0.09541 || training accuracy 89.53% || lr 0.001
Epoch[3/50](180/221) || training loss 0.08717 || training accuracy 90.55% || lr 0.001
Epoch[3/50](200/221) || training loss 0.08803 || training accuracy 89.53% || lr 0.001
Epoch[3/50](220/221) || training loss 0.09634 || training accuracy 88.98% || lr 0.001
Calculating validation results...
[Val] acc : 45.86%, loss:  1.3 || best acc : 56.15%, best loss: 0.99

Epoch[4/50](20/221) || training loss 0.1043 || training accuracy 89.30% || lr 0.001
Epoch[4/50](40/221) || training loss 0.08204 || training accuracy 90.70% || lr 0.001
Epoch[4/50](60/221) || training loss 0.06942 || training accuracy 92.27% || lr 0.001
Epoch[4/50](80/221) || training loss 0.08865 || training accuracy 90.08% || lr 0.001
Epoch[4/50](100/221) || training loss 0.09822 || training accuracy 90.55% || lr 0.001
Epoch[4/50](120/221) || training loss 0.1073 || training accuracy 88.75% || lr 0.001
Epoch[4/50](140/221) || training loss 0.09984 || training accuracy 89.92% || lr 0.001
Epoch[4/50](160/221) || training loss 0.1362 || training accuracy 86.88% || lr 0.001
Epoch[4/50](180/221) || training loss 0.1083 || training accuracy 88.83% || lr 0.001
Epoch[4/50](200/221) || training loss 0.1214 || training accuracy 87.81% || lr 0.001
Epoch[4/50](220/221) || training loss 0.1201 || training accuracy 87.19% || lr 0.001
Calculating validation results...
New best model for val accuracy : 71.83%! saving the best model..
[Val] acc : 71.83%, loss: 0.42 || best acc : 71.83%, best loss: 0.42

Epoch[5/50](20/221) || training loss 0.09733 || training accuracy 89.22% || lr 0.001
Epoch[5/50](40/221) || training loss 0.09762 || training accuracy 89.45% || lr 0.001
Epoch[5/50](60/221) || training loss 0.1001 || training accuracy 89.14% || lr 0.001
Epoch[5/50](80/221) || training loss 0.1221 || training accuracy 88.36% || lr 0.001
Epoch[5/50](100/221) || training loss 0.09567 || training accuracy 89.69% || lr 0.001
Epoch[5/50](120/221) || training loss 0.09912 || training accuracy 89.69% || lr 0.001
Epoch[5/50](140/221) || training loss 0.09965 || training accuracy 89.38% || lr 0.001
Epoch[5/50](160/221) || training loss 0.08187 || training accuracy 92.27% || lr 0.001
Epoch[5/50](180/221) || training loss 0.07173 || training accuracy 92.81% || lr 0.001
Epoch[5/50](200/221) || training loss 0.08177 || training accuracy 90.78% || lr 0.001
Epoch[5/50](220/221) || training loss 0.08059 || training accuracy 90.86% || lr 0.001
Calculating validation results...
[Val] acc : 69.25%, loss: 0.64 || best acc : 71.83%, best loss: 0.42

Epoch[6/50](20/221) || training loss 0.06512 || training accuracy 92.81% || lr 0.001
Epoch[6/50](40/221) || training loss 0.05837 || training accuracy 93.75% || lr 0.001
Epoch[6/50](60/221) || training loss 0.06472 || training accuracy 93.12% || lr 0.001
Epoch[6/50](80/221) || training loss 0.06864 || training accuracy 92.81% || lr 0.001
Epoch[6/50](100/221) || training loss 0.07437 || training accuracy 91.33% || lr 0.001
Epoch[6/50](120/221) || training loss 0.08043 || training accuracy 91.95% || lr 0.001
Epoch[6/50](140/221) || training loss 0.07868 || training accuracy 91.09% || lr 0.001
Epoch[6/50](160/221) || training loss 0.07724 || training accuracy 92.27% || lr 0.001
Epoch[6/50](180/221) || training loss 0.05944 || training accuracy 93.44% || lr 0.001
Epoch[6/50](200/221) || training loss 0.07766 || training accuracy 91.88% || lr 0.001
Epoch[6/50](220/221) || training loss 0.05643 || training accuracy 93.05% || lr 0.001
Calculating validation results...
New best model for val accuracy : 72.76%! saving the best model..
[Val] acc : 72.76%, loss: 0.48 || best acc : 72.76%, best loss: 0.42

Epoch[7/50](20/221) || training loss 0.04732 || training accuracy 94.69% || lr 0.001
Epoch[7/50](40/221) || training loss 0.04673 || training accuracy 94.38% || lr 0.001
Epoch[7/50](60/221) || training loss 0.05312 || training accuracy 93.59% || lr 0.001
Epoch[7/50](80/221) || training loss 0.05753 || training accuracy 92.89% || lr 0.001
Epoch[7/50](100/221) || training loss 0.07764 || training accuracy 91.64% || lr 0.001
Epoch[7/50](120/221) || training loss 0.07453 || training accuracy 91.80% || lr 0.001
Epoch[7/50](140/221) || training loss 0.06992 || training accuracy 92.97% || lr 0.001
Epoch[7/50](160/221) || training loss 0.08541 || training accuracy 91.17% || lr 0.001
Epoch[7/50](180/221) || training loss 0.07905 || training accuracy 92.11% || lr 0.001
Epoch[7/50](200/221) || training loss 0.07173 || training accuracy 91.88% || lr 0.001
Epoch[7/50](220/221) || training loss 0.07658 || training accuracy 92.19% || lr 0.001
Calculating validation results...
[Val] acc : 71.66%, loss: 0.59 || best acc : 72.76%, best loss: 0.42

Epoch[8/50](20/221) || training loss 0.05246 || training accuracy 94.30% || lr 0.001
Epoch[8/50](40/221) || training loss 0.06171 || training accuracy 93.83% || lr 0.001
Epoch[8/50](60/221) || training loss 0.06956 || training accuracy 94.06% || lr 0.001
Epoch[8/50](80/221) || training loss 0.07799 || training accuracy 91.64% || lr 0.001
Epoch[8/50](100/221) || training loss 0.07878 || training accuracy 92.27% || lr 0.001
Epoch[8/50](120/221) || training loss 0.07703 || training accuracy 92.27% || lr 0.001
Epoch[8/50](140/221) || training loss 0.06353 || training accuracy 92.81% || lr 0.001
Epoch[8/50](160/221) || training loss 0.06211 || training accuracy 93.59% || lr 0.001
Epoch[8/50](180/221) || training loss 0.05462 || training accuracy 93.44% || lr 0.001
Epoch[8/50](200/221) || training loss 0.07613 || training accuracy 92.11% || lr 0.001
Epoch[8/50](220/221) || training loss 0.06802 || training accuracy 93.20% || lr 0.001
Calculating validation results...
New best model for val accuracy : 73.76%! saving the best model..
[Val] acc : 73.76%, loss: 0.45 || best acc : 73.76%, best loss: 0.42

Epoch[9/50](20/221) || training loss 0.04075 || training accuracy 95.78% || lr 0.001
Epoch[9/50](40/221) || training loss 0.03789 || training accuracy 95.39% || lr 0.001
Epoch[9/50](60/221) || training loss 0.03162 || training accuracy 96.25% || lr 0.001
Epoch[9/50](80/221) || training loss 0.04075 || training accuracy 94.84% || lr 0.001
Epoch[9/50](100/221) || training loss 0.05273 || training accuracy 94.53% || lr 0.001
Epoch[9/50](120/221) || training loss 0.06484 || training accuracy 93.05% || lr 0.001
Epoch[9/50](140/221) || training loss 0.06581 || training accuracy 93.59% || lr 0.001
Epoch[9/50](160/221) || training loss 0.05536 || training accuracy 94.22% || lr 0.001
Epoch[9/50](180/221) || training loss 0.06128 || training accuracy 93.83% || lr 0.001
Epoch[9/50](200/221) || training loss 0.06566 || training accuracy 92.97% || lr 0.001
Epoch[9/50](220/221) || training loss 0.06836 || training accuracy 92.81% || lr 0.001
Calculating validation results...
[Val] acc : 71.20%, loss: 0.55 || best acc : 73.76%, best loss: 0.42

Epoch[10/50](20/221) || training loss 0.07208 || training accuracy 93.05% || lr 0.001
Epoch[10/50](40/221) || training loss 0.05595 || training accuracy 93.59% || lr 0.001
Epoch[10/50](60/221) || training loss 0.07237 || training accuracy 92.73% || lr 0.001
Epoch[10/50](80/221) || training loss 0.1279 || training accuracy 89.61% || lr 0.001
Epoch[10/50](100/221) || training loss 0.07761 || training accuracy 92.34% || lr 0.001
Epoch[10/50](120/221) || training loss 0.08906 || training accuracy 91.56% || lr 0.001
Epoch[10/50](140/221) || training loss 0.06772 || training accuracy 93.20% || lr 0.001
Epoch[10/50](160/221) || training loss 0.07397 || training accuracy 92.19% || lr 0.001
Epoch[10/50](180/221) || training loss 0.0554 || training accuracy 93.59% || lr 0.001
Epoch[10/50](200/221) || training loss 0.05907 || training accuracy 94.38% || lr 0.001
Epoch[10/50](220/221) || training loss 0.06724 || training accuracy 93.98% || lr 0.001
Calculating validation results...
[Val] acc : 61.86%, loss:  1.1 || best acc : 73.76%, best loss: 0.42

Epoch[11/50](20/221) || training loss 0.04881 || training accuracy 94.06% || lr 0.001
Epoch[11/50](40/221) || training loss 0.04334 || training accuracy 95.08% || lr 0.001
Epoch[11/50](60/221) || training loss 0.0473 || training accuracy 94.06% || lr 0.001
Epoch[11/50](80/221) || training loss 0.04585 || training accuracy 95.62% || lr 0.001
Epoch[11/50](100/221) || training loss 0.045 || training accuracy 94.53% || lr 0.001
Epoch[11/50](120/221) || training loss 0.03919 || training accuracy 96.09% || lr 0.001
Epoch[11/50](140/221) || training loss 0.03539 || training accuracy 96.41% || lr 0.001
Epoch[11/50](160/221) || training loss 0.03235 || training accuracy 96.56% || lr 0.001
Epoch[11/50](180/221) || training loss 0.06114 || training accuracy 94.45% || lr 0.001
Epoch[11/50](200/221) || training loss 0.04148 || training accuracy 95.47% || lr 0.001
Epoch[11/50](220/221) || training loss 0.06446 || training accuracy 93.44% || lr 0.001
Calculating validation results...
New best model for val accuracy : 77.97%! saving the best model..
[Val] acc : 77.97%, loss: 0.47 || best acc : 77.97%, best loss: 0.42

Epoch[12/50](20/221) || training loss 0.04523 || training accuracy 94.69% || lr 0.001
Epoch[12/50](40/221) || training loss 0.0471 || training accuracy 94.61% || lr 0.001
Epoch[12/50](60/221) || training loss 0.04815 || training accuracy 94.69% || lr 0.001
Epoch[12/50](80/221) || training loss 0.0419 || training accuracy 95.78% || lr 0.001
Epoch[12/50](100/221) || training loss 0.03858 || training accuracy 95.78% || lr 0.001
Epoch[12/50](120/221) || training loss 0.05151 || training accuracy 95.00% || lr 0.001
Epoch[12/50](140/221) || training loss 0.04274 || training accuracy 94.61% || lr 0.001
Epoch[12/50](160/221) || training loss 0.05625 || training accuracy 94.45% || lr 0.001
Epoch[12/50](180/221) || training loss 0.03523 || training accuracy 96.17% || lr 0.001
Epoch[12/50](200/221) || training loss 0.05366 || training accuracy 95.23% || lr 0.001
Epoch[12/50](220/221) || training loss 0.04462 || training accuracy 95.00% || lr 0.001
Calculating validation results...
[Val] acc : 72.06%, loss:  0.5 || best acc : 77.97%, best loss: 0.42

Epoch[13/50](20/221) || training loss 0.03611 || training accuracy 96.48% || lr 0.001
Epoch[13/50](40/221) || training loss 0.03584 || training accuracy 95.94% || lr 0.001
Epoch[13/50](60/221) || training loss 0.03185 || training accuracy 96.80% || lr 0.001
Epoch[13/50](80/221) || training loss 0.02452 || training accuracy 96.33% || lr 0.001
Epoch[13/50](100/221) || training loss 0.03605 || training accuracy 95.70% || lr 0.001
Epoch[13/50](120/221) || training loss 0.03243 || training accuracy 95.78% || lr 0.001
Epoch[13/50](140/221) || training loss 0.03559 || training accuracy 95.31% || lr 0.001
Epoch[13/50](160/221) || training loss 0.03949 || training accuracy 96.02% || lr 0.001
Epoch[13/50](180/221) || training loss 0.0378 || training accuracy 96.25% || lr 0.001
Epoch[13/50](200/221) || training loss 0.04378 || training accuracy 94.92% || lr 0.001
Epoch[13/50](220/221) || training loss 0.03609 || training accuracy 96.33% || lr 0.001
Calculating validation results...
[Val] acc : 76.13%, loss: 0.48 || best acc : 77.97%, best loss: 0.42

Epoch[14/50](20/221) || training loss 0.04007 || training accuracy 96.41% || lr 0.001
Epoch[14/50](40/221) || training loss 0.03018 || training accuracy 96.17% || lr 0.001
Epoch[14/50](60/221) || training loss 0.02184 || training accuracy 97.97% || lr 0.001
Epoch[14/50](80/221) || training loss 0.03226 || training accuracy 97.11% || lr 0.001
Epoch[14/50](100/221) || training loss 0.03538 || training accuracy 96.56% || lr 0.001
Epoch[14/50](120/221) || training loss 0.03475 || training accuracy 94.92% || lr 0.001
Epoch[14/50](140/221) || training loss 0.04446 || training accuracy 94.53% || lr 0.001
Epoch[14/50](160/221) || training loss 0.05079 || training accuracy 94.92% || lr 0.001
Epoch[14/50](180/221) || training loss 0.0573 || training accuracy 95.31% || lr 0.001
Epoch[14/50](200/221) || training loss 0.04024 || training accuracy 95.08% || lr 0.001
Epoch[14/50](220/221) || training loss 0.04435 || training accuracy 95.00% || lr 0.001
Calculating validation results...
[Val] acc : 76.23%, loss: 0.49 || best acc : 77.97%, best loss: 0.42

Epoch[15/50](20/221) || training loss 0.04479 || training accuracy 95.86% || lr 0.001
Epoch[15/50](40/221) || training loss 0.04729 || training accuracy 94.61% || lr 0.001
Epoch[15/50](60/221) || training loss 0.04483 || training accuracy 95.16% || lr 0.001
Epoch[15/50](80/221) || training loss 0.04799 || training accuracy 96.25% || lr 0.001
Epoch[15/50](100/221) || training loss 0.03928 || training accuracy 95.23% || lr 0.001
Epoch[15/50](120/221) || training loss 0.04229 || training accuracy 95.86% || lr 0.001
Epoch[15/50](140/221) || training loss 0.06563 || training accuracy 93.83% || lr 0.001
Epoch[15/50](160/221) || training loss 0.06773 || training accuracy 93.36% || lr 0.001
Epoch[15/50](180/221) || training loss 0.05843 || training accuracy 93.52% || lr 0.001
Epoch[15/50](200/221) || training loss 0.06608 || training accuracy 93.12% || lr 0.001
Epoch[15/50](220/221) || training loss 0.05134 || training accuracy 94.06% || lr 0.001
Calculating validation results...
[Val] acc : 77.02%, loss: 0.37 || best acc : 77.97%, best loss: 0.37

Epoch[16/50](20/221) || training loss 0.02917 || training accuracy 96.17% || lr 0.001
Epoch[16/50](40/221) || training loss 0.02877 || training accuracy 96.48% || lr 0.001
Epoch[16/50](60/221) || training loss 0.02592 || training accuracy 97.27% || lr 0.001
Epoch[16/50](80/221) || training loss 0.0273 || training accuracy 97.34% || lr 0.001
Epoch[16/50](100/221) || training loss 0.0293 || training accuracy 97.03% || lr 0.001
Epoch[16/50](120/221) || training loss 0.02246 || training accuracy 97.89% || lr 0.001
Epoch[16/50](140/221) || training loss 0.04373 || training accuracy 95.55% || lr 0.001
Epoch[16/50](160/221) || training loss 0.04867 || training accuracy 94.45% || lr 0.001
Epoch[16/50](180/221) || training loss 0.04755 || training accuracy 94.61% || lr 0.001
Epoch[16/50](200/221) || training loss 0.05778 || training accuracy 94.14% || lr 0.001
Epoch[16/50](220/221) || training loss 0.04844 || training accuracy 96.64% || lr 0.001
Calculating validation results...
New best model for val accuracy : 78.29%! saving the best model..
[Val] acc : 78.29%, loss: 0.37 || best acc : 78.29%, best loss: 0.37

Epoch[17/50](20/221) || training loss 0.03194 || training accuracy 96.95% || lr 0.001
Epoch[17/50](40/221) || training loss 0.02343 || training accuracy 97.27% || lr 0.001
Epoch[17/50](60/221) || training loss 0.03356 || training accuracy 96.56% || lr 0.001
Epoch[17/50](80/221) || training loss 0.04 || training accuracy 95.86% || lr 0.001
Epoch[17/50](100/221) || training loss 0.04319 || training accuracy 95.47% || lr 0.001
Epoch[17/50](120/221) || training loss 0.03692 || training accuracy 96.41% || lr 0.001
Epoch[17/50](140/221) || training loss 0.03243 || training accuracy 96.33% || lr 0.001
Epoch[17/50](160/221) || training loss 0.04638 || training accuracy 95.55% || lr 0.001
Epoch[17/50](180/221) || training loss 0.03892 || training accuracy 96.25% || lr 0.001
Epoch[17/50](200/221) || training loss 0.04514 || training accuracy 95.23% || lr 0.001
Epoch[17/50](220/221) || training loss 0.05543 || training accuracy 94.77% || lr 0.001
Calculating validation results...
[Val] acc : 68.95%, loss: 0.58 || best acc : 78.29%, best loss: 0.37

Epoch[18/50](20/221) || training loss 0.03892 || training accuracy 95.94% || lr 0.001
Epoch[18/50](40/221) || training loss 0.03774 || training accuracy 95.86% || lr 0.001
Epoch[18/50](60/221) || training loss 0.02448 || training accuracy 97.58% || lr 0.001
Epoch[18/50](80/221) || training loss 0.02371 || training accuracy 96.88% || lr 0.001
Epoch[18/50](100/221) || training loss 0.03375 || training accuracy 96.80% || lr 0.001
Epoch[18/50](120/221) || training loss 0.03256 || training accuracy 96.48% || lr 0.001
Epoch[18/50](140/221) || training loss 0.02384 || training accuracy 97.42% || lr 0.001
Epoch[18/50](160/221) || training loss 0.02171 || training accuracy 97.19% || lr 0.001
Epoch[18/50](180/221) || training loss 0.02003 || training accuracy 97.97% || lr 0.001
Epoch[18/50](200/221) || training loss 0.02493 || training accuracy 96.88% || lr 0.001
Epoch[18/50](220/221) || training loss 0.02931 || training accuracy 96.88% || lr 0.001
Calculating validation results...
[Val] acc : 78.20%, loss: 0.41 || best acc : 78.29%, best loss: 0.37

Epoch[19/50](20/221) || training loss 0.02237 || training accuracy 97.73% || lr 0.001
Epoch[19/50](40/221) || training loss 0.01455 || training accuracy 98.05% || lr 0.001
Epoch[19/50](60/221) || training loss 0.0232 || training accuracy 97.89% || lr 0.001
Epoch[19/50](80/221) || training loss 0.02184 || training accuracy 97.81% || lr 0.001
Epoch[19/50](100/221) || training loss 0.02259 || training accuracy 97.27% || lr 0.001
Epoch[19/50](120/221) || training loss 0.0182 || training accuracy 98.12% || lr 0.001
Epoch[19/50](140/221) || training loss 0.02897 || training accuracy 97.27% || lr 0.001
Epoch[19/50](160/221) || training loss 0.04013 || training accuracy 96.02% || lr 0.001
Epoch[19/50](180/221) || training loss 0.04751 || training accuracy 95.78% || lr 0.001
Epoch[19/50](200/221) || training loss 0.05341 || training accuracy 94.84% || lr 0.001
Epoch[19/50](220/221) || training loss 0.05237 || training accuracy 94.61% || lr 0.001
Calculating validation results...
[Val] acc : 74.58%, loss: 0.43 || best acc : 78.29%, best loss: 0.37

Epoch[20/50](20/221) || training loss 0.02927 || training accuracy 96.95% || lr 0.001
Epoch[20/50](40/221) || training loss 0.03091 || training accuracy 96.88% || lr 0.001
Epoch[20/50](60/221) || training loss 0.02992 || training accuracy 96.72% || lr 0.001
Epoch[20/50](80/221) || training loss 0.02944 || training accuracy 96.25% || lr 0.001
Epoch[20/50](100/221) || training loss 0.02536 || training accuracy 97.11% || lr 0.001
Epoch[20/50](120/221) || training loss 0.02694 || training accuracy 97.42% || lr 0.001
Epoch[20/50](140/221) || training loss 0.03326 || training accuracy 96.56% || lr 0.001
Epoch[20/50](160/221) || training loss 0.05578 || training accuracy 95.08% || lr 0.001
Epoch[20/50](180/221) || training loss 0.06594 || training accuracy 94.45% || lr 0.001
Epoch[20/50](200/221) || training loss 0.05261 || training accuracy 95.16% || lr 0.001
Epoch[20/50](220/221) || training loss 0.03577 || training accuracy 95.94% || lr 0.001
Calculating validation results...
New best model for val accuracy : 78.92%! saving the best model..
[Val] acc : 78.92%, loss: 0.39 || best acc : 78.92%, best loss: 0.37

Epoch[21/50](20/221) || training loss 0.03074 || training accuracy 96.17% || lr 0.001
Epoch[21/50](40/221) || training loss 0.02834 || training accuracy 96.95% || lr 0.001
Epoch[21/50](60/221) || training loss 0.0217 || training accuracy 98.12% || lr 0.001
Epoch[21/50](80/221) || training loss 0.0228 || training accuracy 97.42% || lr 0.001
Epoch[21/50](100/221) || training loss 0.01234 || training accuracy 98.44% || lr 0.001
Epoch[21/50](120/221) || training loss 0.01104 || training accuracy 98.59% || lr 0.001
Epoch[21/50](140/221) || training loss 0.01716 || training accuracy 97.97% || lr 0.001
Epoch[21/50](160/221) || training loss 0.01208 || training accuracy 98.75% || lr 0.001
Epoch[21/50](180/221) || training loss 0.01068 || training accuracy 98.52% || lr 0.001
Epoch[21/50](200/221) || training loss 0.0221 || training accuracy 97.89% || lr 0.001
Epoch[21/50](220/221) || training loss 0.03159 || training accuracy 96.02% || lr 0.001
Calculating validation results...
[Val] acc : 76.30%, loss:  0.5 || best acc : 78.92%, best loss: 0.37

Epoch[22/50](20/221) || training loss 0.02999 || training accuracy 95.94% || lr 0.001
Epoch[22/50](40/221) || training loss 0.02316 || training accuracy 97.34% || lr 0.001
Epoch[22/50](60/221) || training loss 0.01766 || training accuracy 97.73% || lr 0.001
Epoch[22/50](80/221) || training loss 0.01443 || training accuracy 98.28% || lr 0.001
Epoch[22/50](100/221) || training loss 0.02259 || training accuracy 97.58% || lr 0.001
Epoch[22/50](120/221) || training loss 0.02059 || training accuracy 98.20% || lr 0.001
Epoch[22/50](140/221) || training loss 0.01372 || training accuracy 97.89% || lr 0.001
Epoch[22/50](160/221) || training loss 0.02605 || training accuracy 97.42% || lr 0.001
Epoch[22/50](180/221) || training loss 0.01581 || training accuracy 98.05% || lr 0.001
Epoch[22/50](200/221) || training loss 0.02417 || training accuracy 97.58% || lr 0.001
Epoch[22/50](220/221) || training loss 0.02928 || training accuracy 96.72% || lr 0.001
Calculating validation results...
[Val] acc : 76.00%, loss: 0.53 || best acc : 78.92%, best loss: 0.37

Epoch[23/50](20/221) || training loss 0.04307 || training accuracy 96.17% || lr 0.001
Epoch[23/50](40/221) || training loss 0.05075 || training accuracy 95.08% || lr 0.001
Epoch[23/50](60/221) || training loss 0.04338 || training accuracy 95.78% || lr 0.001
Epoch[23/50](80/221) || training loss 0.03522 || training accuracy 96.56% || lr 0.001
Epoch[23/50](100/221) || training loss 0.04328 || training accuracy 96.33% || lr 0.001
Epoch[23/50](120/221) || training loss 0.03237 || training accuracy 96.56% || lr 0.001
Epoch[23/50](140/221) || training loss 0.02227 || training accuracy 97.03% || lr 0.001
Epoch[23/50](160/221) || training loss 0.01533 || training accuracy 98.12% || lr 0.001
Epoch[23/50](180/221) || training loss 0.01933 || training accuracy 97.66% || lr 0.001
Epoch[23/50](200/221) || training loss 0.02093 || training accuracy 97.66% || lr 0.001
Epoch[23/50](220/221) || training loss 0.01892 || training accuracy 97.58% || lr 0.001
Calculating validation results...
New best model for val accuracy : 79.11%! saving the best model..
[Val] acc : 79.11%, loss: 0.46 || best acc : 79.11%, best loss: 0.37

Epoch[24/50](20/221) || training loss 0.01707 || training accuracy 97.81% || lr 0.001
Epoch[24/50](40/221) || training loss 0.02827 || training accuracy 97.58% || lr 0.001
Epoch[24/50](60/221) || training loss 0.02178 || training accuracy 97.58% || lr 0.001
Epoch[24/50](80/221) || training loss 0.01677 || training accuracy 97.81% || lr 0.001
Epoch[24/50](100/221) || training loss 0.03741 || training accuracy 96.80% || lr 0.001
Epoch[24/50](120/221) || training loss 0.04761 || training accuracy 95.47% || lr 0.001
Epoch[24/50](140/221) || training loss 0.04843 || training accuracy 95.31% || lr 0.001
Epoch[24/50](160/221) || training loss 0.03999 || training accuracy 95.78% || lr 0.001
Epoch[24/50](180/221) || training loss 0.02643 || training accuracy 97.42% || lr 0.001
Epoch[24/50](200/221) || training loss 0.01793 || training accuracy 97.97% || lr 0.001
Epoch[24/50](220/221) || training loss 0.02393 || training accuracy 97.66% || lr 0.001
Calculating validation results...
[Val] acc : 78.29%, loss: 0.51 || best acc : 79.11%, best loss: 0.37

Epoch[25/50](20/221) || training loss 0.01978 || training accuracy 97.89% || lr 0.001
Epoch[25/50](40/221) || training loss 0.01869 || training accuracy 97.81% || lr 0.001
Epoch[25/50](60/221) || training loss 0.01184 || training accuracy 98.44% || lr 0.001
Epoch[25/50](80/221) || training loss 0.007033 || training accuracy 98.83% || lr 0.001
Epoch[25/50](100/221) || training loss 0.01659 || training accuracy 97.81% || lr 0.001
Epoch[25/50](120/221) || training loss 0.01838 || training accuracy 98.28% || lr 0.001
Epoch[25/50](140/221) || training loss 0.03802 || training accuracy 97.73% || lr 0.001
Epoch[25/50](160/221) || training loss 0.02167 || training accuracy 97.11% || lr 0.001
Epoch[25/50](180/221) || training loss 0.02359 || training accuracy 97.73% || lr 0.001
Epoch[25/50](200/221) || training loss 0.01352 || training accuracy 98.28% || lr 0.001
Epoch[25/50](220/221) || training loss 0.02016 || training accuracy 97.66% || lr 0.001
Calculating validation results...
[Val] acc : 73.95%, loss: 0.48 || best acc : 79.11%, best loss: 0.37

Epoch[26/50](20/221) || training loss 0.01247 || training accuracy 98.44% || lr 0.001
Epoch[26/50](40/221) || training loss 0.01402 || training accuracy 98.52% || lr 0.001
Epoch[26/50](60/221) || training loss 0.01236 || training accuracy 98.20% || lr 0.001
Epoch[26/50](80/221) || training loss 0.009247 || training accuracy 98.98% || lr 0.001
Epoch[26/50](100/221) || training loss 0.01541 || training accuracy 97.97% || lr 0.001
Epoch[26/50](120/221) || training loss 0.01881 || training accuracy 98.12% || lr 0.001
Epoch[26/50](140/221) || training loss 0.01124 || training accuracy 98.59% || lr 0.001
Epoch[26/50](160/221) || training loss 0.009153 || training accuracy 99.14% || lr 0.001
Epoch[26/50](180/221) || training loss 0.00836 || training accuracy 98.36% || lr 0.001
Epoch[26/50](200/221) || training loss 0.008244 || training accuracy 98.98% || lr 0.001
Epoch[26/50](220/221) || training loss 0.007059 || training accuracy 99.30% || lr 0.001
Calculating validation results...
[Val] acc : 77.25%, loss: 0.42 || best acc : 79.11%, best loss: 0.37

Epoch[27/50](20/221) || training loss 0.01192 || training accuracy 98.44% || lr 0.001
Epoch[27/50](40/221) || training loss 0.01282 || training accuracy 98.59% || lr 0.001
Epoch[27/50](60/221) || training loss 0.01218 || training accuracy 98.67% || lr 0.001
Epoch[27/50](80/221) || training loss 0.01628 || training accuracy 97.89% || lr 0.001
Epoch[27/50](100/221) || training loss 0.02763 || training accuracy 97.58% || lr 0.001
Epoch[27/50](120/221) || training loss 0.01637 || training accuracy 98.28% || lr 0.001
Epoch[27/50](140/221) || training loss 0.01451 || training accuracy 98.12% || lr 0.001
Epoch[27/50](160/221) || training loss 0.01444 || training accuracy 98.12% || lr 0.001
Epoch[27/50](180/221) || training loss 0.01741 || training accuracy 98.28% || lr 0.001
Epoch[27/50](200/221) || training loss 0.02141 || training accuracy 97.58% || lr 0.001
Epoch[27/50](220/221) || training loss 0.02576 || training accuracy 96.64% || lr 0.001
Calculating validation results...
[Val] acc : 73.80%, loss:  0.6 || best acc : 79.11%, best loss: 0.37

Epoch[28/50](20/221) || training loss 0.02206 || training accuracy 97.73% || lr 0.0001
Epoch[28/50](40/221) || training loss 0.01262 || training accuracy 98.67% || lr 0.0001
Epoch[28/50](60/221) || training loss 0.01249 || training accuracy 98.52% || lr 0.0001
Epoch[28/50](80/221) || training loss 0.008657 || training accuracy 99.14% || lr 0.0001
Epoch[28/50](100/221) || training loss 0.004406 || training accuracy 99.53% || lr 0.0001
Epoch[28/50](120/221) || training loss 0.007608 || training accuracy 99.14% || lr 0.0001
Epoch[28/50](140/221) || training loss 0.00479 || training accuracy 99.53% || lr 0.0001
Epoch[28/50](160/221) || training loss 0.007472 || training accuracy 98.98% || lr 0.0001
Epoch[28/50](180/221) || training loss 0.004199 || training accuracy 99.69% || lr 0.0001
Epoch[28/50](200/221) || training loss 0.002774 || training accuracy 99.61% || lr 0.0001
Epoch[28/50](220/221) || training loss 0.004253 || training accuracy 99.84% || lr 0.0001
Calculating validation results...
New best model for val accuracy : 80.17%! saving the best model..
[Val] acc : 80.17%, loss: 0.39 || best acc : 80.17%, best loss: 0.37

Epoch[29/50](20/221) || training loss 0.003027 || training accuracy 99.84% || lr 0.0001
Epoch[29/50](40/221) || training loss 0.002654 || training accuracy 99.61% || lr 0.0001
Epoch[29/50](60/221) || training loss 0.002736 || training accuracy 99.77% || lr 0.0001
Epoch[29/50](80/221) || training loss 0.002568 || training accuracy 99.77% || lr 0.0001
Epoch[29/50](100/221) || training loss 0.002453 || training accuracy 99.84% || lr 0.0001
Epoch[29/50](120/221) || training loss 0.001307 || training accuracy 99.92% || lr 0.0001
Epoch[29/50](140/221) || training loss 0.001708 || training accuracy 99.84% || lr 0.0001
Epoch[29/50](160/221) || training loss 0.001404 || training accuracy 99.92% || lr 0.0001
Epoch[29/50](180/221) || training loss 0.002297 || training accuracy 99.84% || lr 0.0001
Epoch[29/50](200/221) || training loss 0.001991 || training accuracy 99.77% || lr 0.0001
Epoch[29/50](220/221) || training loss 0.003387 || training accuracy 99.53% || lr 0.0001
Calculating validation results...
New best model for val accuracy : 80.59%! saving the best model..
[Val] acc : 80.59%, loss: 0.39 || best acc : 80.59%, best loss: 0.37

Epoch[30/50](20/221) || training loss 0.0009282 || training accuracy 100.00% || lr 0.0001
Epoch[30/50](40/221) || training loss 0.001522 || training accuracy 99.92% || lr 0.0001
Epoch[30/50](60/221) || training loss 0.002109 || training accuracy 99.77% || lr 0.0001
Epoch[30/50](80/221) || training loss 0.00162 || training accuracy 99.77% || lr 0.0001
Epoch[30/50](100/221) || training loss 0.0008989 || training accuracy 100.00% || lr 0.0001
Epoch[30/50](120/221) || training loss 0.001214 || training accuracy 99.92% || lr 0.0001
Epoch[30/50](140/221) || training loss 0.000968 || training accuracy 100.00% || lr 0.0001
Epoch[30/50](160/221) || training loss 0.0009988 || training accuracy 99.92% || lr 0.0001
Epoch[30/50](180/221) || training loss 0.001161 || training accuracy 99.92% || lr 0.0001
Epoch[30/50](200/221) || training loss 0.0009981 || training accuracy 99.92% || lr 0.0001
Epoch[30/50](220/221) || training loss 0.003228 || training accuracy 99.61% || lr 0.0001
Calculating validation results...
New best model for val accuracy : 80.66%! saving the best model..
[Val] acc : 80.66%, loss:  0.4 || best acc : 80.66%, best loss: 0.37

Epoch[31/50](20/221) || training loss 0.0009831 || training accuracy 99.92% || lr 0.0001
Epoch[31/50](40/221) || training loss 0.001227 || training accuracy 99.92% || lr 0.0001
Epoch[31/50](60/221) || training loss 0.001216 || training accuracy 99.84% || lr 0.0001
Epoch[31/50](80/221) || training loss 0.0008288 || training accuracy 99.92% || lr 0.0001
Epoch[31/50](100/221) || training loss 0.002403 || training accuracy 99.77% || lr 0.0001
Epoch[31/50](120/221) || training loss 0.001195 || training accuracy 99.92% || lr 0.0001
Epoch[31/50](140/221) || training loss 0.0007569 || training accuracy 100.00% || lr 0.0001
Epoch[31/50](160/221) || training loss 0.000905 || training accuracy 99.92% || lr 0.0001
Epoch[31/50](180/221) || training loss 0.0007333 || training accuracy 100.00% || lr 0.0001
Epoch[31/50](200/221) || training loss 0.0009303 || training accuracy 100.00% || lr 0.0001
Epoch[31/50](220/221) || training loss 0.000672 || training accuracy 100.00% || lr 0.0001
Calculating validation results...
New best model for val accuracy : 80.91%! saving the best model..
[Val] acc : 80.91%, loss: 0.41 || best acc : 80.91%, best loss: 0.37

Epoch[32/50](20/221) || training loss 0.0009337 || training accuracy 99.92% || lr 0.0001
Epoch[32/50](40/221) || training loss 0.001052 || training accuracy 99.92% || lr 0.0001
Epoch[32/50](60/221) || training loss 0.000932 || training accuracy 99.92% || lr 0.0001
Epoch[32/50](80/221) || training loss 0.0004946 || training accuracy 100.00% || lr 0.0001
Epoch[32/50](100/221) || training loss 0.001005 || training accuracy 99.92% || lr 0.0001
Epoch[32/50](120/221) || training loss 0.0006802 || training accuracy 99.92% || lr 0.0001
Epoch[32/50](140/221) || training loss 0.0006002 || training accuracy 100.00% || lr 0.0001
Epoch[32/50](160/221) || training loss 0.0006828 || training accuracy 100.00% || lr 0.0001
Epoch[32/50](180/221) || training loss 0.0005396 || training accuracy 100.00% || lr 0.0001
Epoch[32/50](200/221) || training loss 0.0006713 || training accuracy 100.00% || lr 0.0001
Epoch[32/50](220/221) || training loss 0.0003697 || training accuracy 100.00% || lr 0.0001
Calculating validation results...
New best model for val accuracy : 81.12%! saving the best model..
[Val] acc : 81.12%, loss: 0.41 || best acc : 81.12%, best loss: 0.37

Epoch[33/50](20/221) || training loss 0.0006659 || training accuracy 100.00% || lr 0.0001
Epoch[33/50](40/221) || training loss 0.0008249 || training accuracy 99.92% || lr 0.0001
Epoch[33/50](60/221) || training loss 0.0005361 || training accuracy 100.00% || lr 0.0001
Epoch[33/50](80/221) || training loss 0.0007222 || training accuracy 99.92% || lr 0.0001
Epoch[33/50](100/221) || training loss 0.0003974 || training accuracy 100.00% || lr 0.0001
Epoch[33/50](120/221) || training loss 0.00114 || training accuracy 99.92% || lr 0.0001
Epoch[33/50](140/221) || training loss 0.000648 || training accuracy 99.92% || lr 0.0001
Epoch[33/50](160/221) || training loss 0.0004772 || training accuracy 100.00% || lr 0.0001
Epoch[33/50](180/221) || training loss 0.0003361 || training accuracy 100.00% || lr 0.0001
Epoch[33/50](200/221) || training loss 0.0006197 || training accuracy 99.92% || lr 0.0001
Epoch[33/50](220/221) || training loss 0.0004383 || training accuracy 100.00% || lr 0.0001
Calculating validation results...
[Val] acc : 80.83%, loss: 0.42 || best acc : 81.12%, best loss: 0.37

Epoch[34/50](20/221) || training loss 0.0006835 || training accuracy 99.92% || lr 0.0001
Epoch[34/50](40/221) || training loss 0.0004546 || training accuracy 100.00% || lr 0.0001
Epoch[34/50](60/221) || training loss 0.0008789 || training accuracy 99.92% || lr 0.0001
Epoch[34/50](80/221) || training loss 0.0004919 || training accuracy 100.00% || lr 0.0001
Epoch[34/50](100/221) || training loss 0.0002742 || training accuracy 100.00% || lr 0.0001
Epoch[34/50](120/221) || training loss 0.0006761 || training accuracy 99.92% || lr 0.0001
Epoch[34/50](140/221) || training loss 0.0005979 || training accuracy 100.00% || lr 0.0001
Epoch[34/50](160/221) || training loss 0.0003013 || training accuracy 100.00% || lr 0.0001
Epoch[34/50](180/221) || training loss 0.0003412 || training accuracy 100.00% || lr 0.0001
Epoch[34/50](200/221) || training loss 0.0003385 || training accuracy 100.00% || lr 0.0001
Epoch[34/50](220/221) || training loss 0.0007527 || training accuracy 99.84% || lr 0.0001
Calculating validation results...
[Val] acc : 80.74%, loss: 0.43 || best acc : 81.12%, best loss: 0.37

Epoch[35/50](20/221) || training loss 0.000732 || training accuracy 99.92% || lr 0.0001
Epoch[35/50](40/221) || training loss 0.000245 || training accuracy 100.00% || lr 0.0001
Epoch[35/50](60/221) || training loss 0.0006125 || training accuracy 99.92% || lr 0.0001
Epoch[35/50](80/221) || training loss 0.0003214 || training accuracy 100.00% || lr 0.0001
Epoch[35/50](100/221) || training loss 0.0004909 || training accuracy 100.00% || lr 0.0001
Epoch[35/50](120/221) || training loss 0.000207 || training accuracy 100.00% || lr 0.0001
Epoch[35/50](140/221) || training loss 0.0004752 || training accuracy 99.92% || lr 0.0001
Epoch[35/50](160/221) || training loss 0.000452 || training accuracy 100.00% || lr 0.0001
Epoch[35/50](180/221) || training loss 0.0002404 || training accuracy 100.00% || lr 0.0001
Epoch[35/50](200/221) || training loss 0.0002269 || training accuracy 100.00% || lr 0.0001
Epoch[35/50](220/221) || training loss 0.0003651 || training accuracy 99.92% || lr 0.0001
Calculating validation results...
[Val] acc : 80.68%, loss: 0.45 || best acc : 81.12%, best loss: 0.37

Epoch[36/50](20/221) || training loss 0.0002127 || training accuracy 100.00% || lr 0.0001
Epoch[36/50](40/221) || training loss 0.0001975 || training accuracy 100.00% || lr 0.0001
Epoch[36/50](60/221) || training loss 0.0005055 || training accuracy 99.92% || lr 0.0001
Epoch[36/50](80/221) || training loss 0.0002104 || training accuracy 100.00% || lr 0.0001
Epoch[36/50](100/221) || training loss 0.0004071 || training accuracy 100.00% || lr 0.0001
Epoch[36/50](120/221) || training loss 0.0003218 || training accuracy 100.00% || lr 0.0001
Epoch[36/50](140/221) || training loss 0.0003229 || training accuracy 100.00% || lr 0.0001
Epoch[36/50](160/221) || training loss 0.0007348 || training accuracy 99.84% || lr 0.0001
Epoch[36/50](180/221) || training loss 0.0002206 || training accuracy 100.00% || lr 0.0001
Epoch[36/50](200/221) || training loss 0.000189 || training accuracy 100.00% || lr 0.0001
Epoch[36/50](220/221) || training loss 0.0003172 || training accuracy 100.00% || lr 0.0001
Calculating validation results...
[Val] acc : 80.93%, loss: 0.44 || best acc : 81.12%, best loss: 0.37

Epoch[37/50](20/221) || training loss 0.0001799 || training accuracy 100.00% || lr 0.0001
Epoch[37/50](40/221) || training loss 0.0002212 || training accuracy 100.00% || lr 0.0001
Epoch[37/50](60/221) || training loss 0.000236 || training accuracy 100.00% || lr 0.0001
Epoch[37/50](80/221) || training loss 0.0003333 || training accuracy 99.92% || lr 0.0001
Epoch[37/50](100/221) || training loss 0.0004756 || training accuracy 100.00% || lr 0.0001
Epoch[37/50](120/221) || training loss 0.0002273 || training accuracy 100.00% || lr 0.0001
Epoch[37/50](140/221) || training loss 0.0002663 || training accuracy 100.00% || lr 0.0001
Epoch[37/50](160/221) || training loss 0.0002382 || training accuracy 100.00% || lr 0.0001
Epoch[37/50](180/221) || training loss 0.0005348 || training accuracy 99.92% || lr 0.0001
Epoch[37/50](200/221) || training loss 0.0001722 || training accuracy 100.00% || lr 0.0001
Epoch[37/50](220/221) || training loss 0.0002012 || training accuracy 100.00% || lr 0.0001
Calculating validation results...
[Val] acc : 81.10%, loss: 0.44 || best acc : 81.12%, best loss: 0.37

Epoch[38/50](20/221) || training loss 0.0004251 || training accuracy 100.00% || lr 0.0001
Epoch[38/50](40/221) || training loss 0.0002706 || training accuracy 100.00% || lr 0.0001
Epoch[38/50](60/221) || training loss 0.0001331 || training accuracy 100.00% || lr 0.0001
Epoch[38/50](80/221) || training loss 0.0001508 || training accuracy 100.00% || lr 0.0001
Epoch[38/50](100/221) || training loss 0.0003714 || training accuracy 100.00% || lr 0.0001
Epoch[38/50](120/221) || training loss 0.0001477 || training accuracy 100.00% || lr 0.0001
Epoch[38/50](140/221) || training loss 0.000471 || training accuracy 99.92% || lr 0.0001
Epoch[38/50](160/221) || training loss 0.0001676 || training accuracy 100.00% || lr 0.0001
Epoch[38/50](180/221) || training loss 0.0002092 || training accuracy 100.00% || lr 0.0001
Epoch[38/50](200/221) || training loss 0.0001163 || training accuracy 100.00% || lr 0.0001
Epoch[38/50](220/221) || training loss 0.0003357 || training accuracy 99.92% || lr 0.0001
Calculating validation results...
[Val] acc : 81.04%, loss: 0.44 || best acc : 81.12%, best loss: 0.37

Epoch[39/50](20/221) || training loss 0.0001772 || training accuracy 100.00% || lr 1e-05
Epoch[39/50](40/221) || training loss 0.0001621 || training accuracy 100.00% || lr 1e-05
Epoch[39/50](60/221) || training loss 0.0001845 || training accuracy 100.00% || lr 1e-05
Epoch[39/50](80/221) || training loss 0.0006799 || training accuracy 99.92% || lr 1e-05
Epoch[39/50](100/221) || training loss 0.0001578 || training accuracy 100.00% || lr 1e-05
Epoch[39/50](120/221) || training loss 0.0001154 || training accuracy 100.00% || lr 1e-05
Epoch[39/50](140/221) || training loss 9.103e-05 || training accuracy 100.00% || lr 1e-05
Epoch[39/50](160/221) || training loss 0.0001259 || training accuracy 100.00% || lr 1e-05
Epoch[39/50](180/221) || training loss 0.000215 || training accuracy 100.00% || lr 1e-05
Epoch[39/50](200/221) || training loss 0.000101 || training accuracy 100.00% || lr 1e-05
Epoch[39/50](220/221) || training loss 0.0001447 || training accuracy 100.00% || lr 1e-05
Calculating validation results...
[Val] acc : 80.97%, loss: 0.45 || best acc : 81.12%, best loss: 0.37

Epoch[40/50](20/221) || training loss 0.0001305 || training accuracy 100.00% || lr 1e-05
Epoch[40/50](40/221) || training loss 0.000253 || training accuracy 99.92% || lr 1e-05
Epoch[40/50](60/221) || training loss 8.708e-05 || training accuracy 100.00% || lr 1e-05
Epoch[40/50](80/221) || training loss 0.0001195 || training accuracy 100.00% || lr 1e-05
Epoch[40/50](100/221) || training loss 0.0003421 || training accuracy 99.92% || lr 1e-05
Epoch[40/50](120/221) || training loss 0.0001144 || training accuracy 100.00% || lr 1e-05
Epoch[40/50](140/221) || training loss 0.0002279 || training accuracy 100.00% || lr 1e-05
Epoch[40/50](160/221) || training loss 0.0001546 || training accuracy 100.00% || lr 1e-05
Epoch[40/50](180/221) || training loss 0.0001736 || training accuracy 100.00% || lr 1e-05
Epoch[40/50](200/221) || training loss 0.0002694 || training accuracy 100.00% || lr 1e-05
Epoch[40/50](220/221) || training loss 0.0001133 || training accuracy 100.00% || lr 1e-05
Calculating validation results...
New best model for val accuracy : 81.14%! saving the best model..
[Val] acc : 81.14%, loss: 0.44 || best acc : 81.14%, best loss: 0.37

Epoch[41/50](20/221) || training loss 0.0001602 || training accuracy 100.00% || lr 1e-05
Epoch[41/50](40/221) || training loss 0.0002337 || training accuracy 100.00% || lr 1e-05
Epoch[41/50](60/221) || training loss 0.000187 || training accuracy 100.00% || lr 1e-05
Epoch[41/50](80/221) || training loss 0.0002162 || training accuracy 100.00% || lr 1e-05
Epoch[41/50](100/221) || training loss 0.0001093 || training accuracy 100.00% || lr 1e-05
Epoch[41/50](120/221) || training loss 0.0001823 || training accuracy 100.00% || lr 1e-05
Epoch[41/50](140/221) || training loss 0.0001526 || training accuracy 100.00% || lr 1e-05
Epoch[41/50](160/221) || training loss 0.000185 || training accuracy 100.00% || lr 1e-05
Epoch[41/50](180/221) || training loss 6.761e-05 || training accuracy 100.00% || lr 1e-05
Epoch[41/50](200/221) || training loss 0.0001256 || training accuracy 100.00% || lr 1e-05
Epoch[41/50](220/221) || training loss 0.0003086 || training accuracy 100.00% || lr 1e-05
Calculating validation results...
New best model for val accuracy : 81.31%! saving the best model..
[Val] acc : 81.31%, loss: 0.44 || best acc : 81.31%, best loss: 0.37

Epoch[42/50](20/221) || training loss 0.0001289 || training accuracy 100.00% || lr 1e-05
Epoch[42/50](40/221) || training loss 0.0001724 || training accuracy 100.00% || lr 1e-05
Epoch[42/50](60/221) || training loss 0.0001906 || training accuracy 100.00% || lr 1e-05
Epoch[42/50](80/221) || training loss 0.0002118 || training accuracy 100.00% || lr 1e-05
Epoch[42/50](100/221) || training loss 9.412e-05 || training accuracy 100.00% || lr 1e-05
Epoch[42/50](120/221) || training loss 0.0001761 || training accuracy 100.00% || lr 1e-05
Epoch[42/50](140/221) || training loss 0.0001055 || training accuracy 100.00% || lr 1e-05
Epoch[42/50](160/221) || training loss 0.0001936 || training accuracy 100.00% || lr 1e-05
Epoch[42/50](180/221) || training loss 0.0001754 || training accuracy 100.00% || lr 1e-05
Epoch[42/50](200/221) || training loss 0.0001203 || training accuracy 100.00% || lr 1e-05
Epoch[42/50](220/221) || training loss 0.0002943 || training accuracy 100.00% || lr 1e-05
Calculating validation results...
[Val] acc : 80.89%, loss: 0.45 || best acc : 81.31%, best loss: 0.37

Epoch[43/50](20/221) || training loss 0.0001455 || training accuracy 100.00% || lr 1e-05
Epoch[43/50](40/221) || training loss 0.0001477 || training accuracy 100.00% || lr 1e-05
Epoch[43/50](60/221) || training loss 0.0001061 || training accuracy 100.00% || lr 1e-05
Epoch[43/50](80/221) || training loss 8.754e-05 || training accuracy 100.00% || lr 1e-05
Epoch[43/50](100/221) || training loss 0.0002327 || training accuracy 100.00% || lr 1e-05
Epoch[43/50](120/221) || training loss 0.0001464 || training accuracy 100.00% || lr 1e-05
Epoch[43/50](140/221) || training loss 0.0002091 || training accuracy 100.00% || lr 1e-05
Epoch[43/50](160/221) || training loss 0.0001322 || training accuracy 100.00% || lr 1e-05
Epoch[43/50](180/221) || training loss 0.0002737 || training accuracy 100.00% || lr 1e-05
Epoch[43/50](200/221) || training loss 0.0002339 || training accuracy 100.00% || lr 1e-05
Epoch[43/50](220/221) || training loss 0.0001049 || training accuracy 100.00% || lr 1e-05
Calculating validation results...
[Val] acc : 80.70%, loss: 0.47 || best acc : 81.31%, best loss: 0.37

Epoch[44/50](20/221) || training loss 0.0001028 || training accuracy 100.00% || lr 1e-05
Epoch[44/50](40/221) || training loss 0.0002072 || training accuracy 100.00% || lr 1e-05
Epoch[44/50](60/221) || training loss 0.0002508 || training accuracy 100.00% || lr 1e-05
Epoch[44/50](80/221) || training loss 0.0001188 || training accuracy 100.00% || lr 1e-05
Epoch[44/50](100/221) || training loss 9.102e-05 || training accuracy 100.00% || lr 1e-05
Epoch[44/50](120/221) || training loss 0.0002265 || training accuracy 100.00% || lr 1e-05
Epoch[44/50](140/221) || training loss 0.0001207 || training accuracy 100.00% || lr 1e-05
Epoch[44/50](160/221) || training loss 0.0002181 || training accuracy 100.00% || lr 1e-05
Epoch[44/50](180/221) || training loss 7.991e-05 || training accuracy 100.00% || lr 1e-05
Epoch[44/50](200/221) || training loss 8.87e-05 || training accuracy 100.00% || lr 1e-05
Epoch[44/50](220/221) || training loss 0.0001304 || training accuracy 100.00% || lr 1e-05
Calculating validation results...
[Val] acc : 81.02%, loss: 0.45 || best acc : 81.31%, best loss: 0.37

Epoch[45/50](20/221) || training loss 0.000107 || training accuracy 100.00% || lr 1e-05
Epoch[45/50](40/221) || training loss 0.0001095 || training accuracy 100.00% || lr 1e-05
Epoch[45/50](60/221) || training loss 0.0001959 || training accuracy 100.00% || lr 1e-05
Epoch[45/50](80/221) || training loss 0.0001162 || training accuracy 100.00% || lr 1e-05
Epoch[45/50](100/221) || training loss 0.0002009 || training accuracy 100.00% || lr 1e-05
Epoch[45/50](120/221) || training loss 0.0001882 || training accuracy 100.00% || lr 1e-05
Epoch[45/50](140/221) || training loss 0.000171 || training accuracy 100.00% || lr 1e-05
Epoch[45/50](160/221) || training loss 0.0004765 || training accuracy 100.00% || lr 1e-05
Epoch[45/50](180/221) || training loss 0.0003126 || training accuracy 99.92% || lr 1e-05
Epoch[45/50](200/221) || training loss 0.0001838 || training accuracy 100.00% || lr 1e-05
Epoch[45/50](220/221) || training loss 0.0001113 || training accuracy 100.00% || lr 1e-05
Calculating validation results...
[Val] acc : 80.85%, loss: 0.46 || best acc : 81.31%, best loss: 0.37

Epoch[46/50](20/221) || training loss 0.0001151 || training accuracy 100.00% || lr 1e-05
Epoch[46/50](40/221) || training loss 8.349e-05 || training accuracy 100.00% || lr 1e-05
Epoch[46/50](60/221) || training loss 0.0006409 || training accuracy 99.84% || lr 1e-05
Epoch[46/50](80/221) || training loss 0.0001671 || training accuracy 100.00% || lr 1e-05
Epoch[46/50](100/221) || training loss 7.127e-05 || training accuracy 100.00% || lr 1e-05
Epoch[46/50](120/221) || training loss 0.0001615 || training accuracy 100.00% || lr 1e-05
Epoch[46/50](140/221) || training loss 0.0001333 || training accuracy 100.00% || lr 1e-05
Epoch[46/50](160/221) || training loss 0.0001449 || training accuracy 100.00% || lr 1e-05
Epoch[46/50](180/221) || training loss 0.0001262 || training accuracy 100.00% || lr 1e-05
Epoch[46/50](200/221) || training loss 0.000111 || training accuracy 100.00% || lr 1e-05
Epoch[46/50](220/221) || training loss 0.0001659 || training accuracy 100.00% || lr 1e-05
Calculating validation results...
New best model for val accuracy : 81.35%! saving the best model..
[Val] acc : 81.35%, loss: 0.44 || best acc : 81.35%, best loss: 0.37

Epoch[47/50](20/221) || training loss 6.95e-05 || training accuracy 100.00% || lr 1e-05
Epoch[47/50](40/221) || training loss 0.0001102 || training accuracy 100.00% || lr 1e-05
Epoch[47/50](60/221) || training loss 0.0001035 || training accuracy 100.00% || lr 1e-05
Epoch[47/50](80/221) || training loss 9.977e-05 || training accuracy 100.00% || lr 1e-05
Epoch[47/50](100/221) || training loss 0.0002057 || training accuracy 100.00% || lr 1e-05
Epoch[47/50](120/221) || training loss 0.0001501 || training accuracy 100.00% || lr 1e-05
Epoch[47/50](140/221) || training loss 0.0001213 || training accuracy 100.00% || lr 1e-05
Epoch[47/50](160/221) || training loss 0.0001681 || training accuracy 100.00% || lr 1e-05
Epoch[47/50](180/221) || training loss 0.000101 || training accuracy 100.00% || lr 1e-05
Epoch[47/50](200/221) || training loss 0.0001415 || training accuracy 100.00% || lr 1e-05
Epoch[47/50](220/221) || training loss 0.000119 || training accuracy 100.00% || lr 1e-05
Calculating validation results...
[Val] acc : 80.99%, loss: 0.45 || best acc : 81.35%, best loss: 0.37

Epoch[48/50](20/221) || training loss 0.0001774 || training accuracy 100.00% || lr 1e-05
Epoch[48/50](40/221) || training loss 0.0001385 || training accuracy 100.00% || lr 1e-05
Epoch[48/50](60/221) || training loss 0.0002015 || training accuracy 100.00% || lr 1e-05
Epoch[48/50](80/221) || training loss 0.0001991 || training accuracy 100.00% || lr 1e-05
Epoch[48/50](100/221) || training loss 0.0001783 || training accuracy 100.00% || lr 1e-05
Epoch[48/50](120/221) || training loss 0.0001651 || training accuracy 100.00% || lr 1e-05
Epoch[48/50](140/221) || training loss 6.123e-05 || training accuracy 100.00% || lr 1e-05
Epoch[48/50](160/221) || training loss 9.059e-05 || training accuracy 100.00% || lr 1e-05
Epoch[48/50](180/221) || training loss 8.27e-05 || training accuracy 100.00% || lr 1e-05
Epoch[48/50](200/221) || training loss 0.000271 || training accuracy 99.92% || lr 1e-05
Epoch[48/50](220/221) || training loss 0.0001152 || training accuracy 100.00% || lr 1e-05
Calculating validation results...
[Val] acc : 80.95%, loss: 0.45 || best acc : 81.35%, best loss: 0.37

Epoch[49/50](20/221) || training loss 0.0001522 || training accuracy 100.00% || lr 1e-05
Epoch[49/50](40/221) || training loss 0.0001193 || training accuracy 100.00% || lr 1e-05
Epoch[49/50](60/221) || training loss 0.000101 || training accuracy 100.00% || lr 1e-05
Epoch[49/50](80/221) || training loss 0.0002077 || training accuracy 100.00% || lr 1e-05
Epoch[49/50](100/221) || training loss 0.0002053 || training accuracy 100.00% || lr 1e-05
Epoch[49/50](120/221) || training loss 0.0001744 || training accuracy 100.00% || lr 1e-05
Epoch[49/50](140/221) || training loss 0.0001292 || training accuracy 100.00% || lr 1e-05
Epoch[49/50](160/221) || training loss 0.0001205 || training accuracy 100.00% || lr 1e-05
Epoch[49/50](180/221) || training loss 8.454e-05 || training accuracy 100.00% || lr 1e-05
Epoch[49/50](200/221) || training loss 0.0005686 || training accuracy 99.92% || lr 1e-05
Epoch[49/50](220/221) || training loss 0.0001359 || training accuracy 100.00% || lr 1e-05
Calculating validation results...
[Val] acc : 81.12%, loss: 0.45 || best acc : 81.35%, best loss: 0.37

