Namespace(augmentation='CustomAugmentation', batch_size=64, criterion='focal', data_dir='/opt/ml/input/data/train/images', dataset='MaskSplitByProfileDataset', epochs=50, log_interval=20, lr=0.001, lr_decay_step=20, model='ResNet', model_dir='./model', name='exp', optimizer='SGD', resize=[224, 224], seed=42, val_ratio=0.2, valid_batch_size=64)
Epoch[0/50](20/221) || training loss 2.079 || training accuracy 26.33% || lr 0.001
Epoch[0/50](40/221) || training loss 0.7832 || training accuracy 67.03% || lr 0.001
Epoch[0/50](60/221) || training loss 0.3801 || training accuracy 75.39% || lr 0.001
Epoch[0/50](80/221) || training loss 0.2507 || training accuracy 81.02% || lr 0.001
Epoch[0/50](100/221) || training loss 0.2106 || training accuracy 79.84% || lr 0.001
Epoch[0/50](120/221) || training loss 0.2049 || training accuracy 82.34% || lr 0.001
Epoch[0/50](140/221) || training loss 0.2145 || training accuracy 81.02% || lr 0.001
Epoch[0/50](160/221) || training loss 0.1821 || training accuracy 83.05% || lr 0.001
Epoch[0/50](180/221) || training loss 0.1821 || training accuracy 83.44% || lr 0.001
Epoch[0/50](200/221) || training loss 0.193 || training accuracy 81.95% || lr 0.001
Epoch[0/50](220/221) || training loss 0.1798 || training accuracy 82.58% || lr 0.001
Calculating validation results...
/opt/ml/level1_imageclassification_cv-level1-cv-07/utils.py:58: UserWarning: This overload of addcmul_ is deprecated:
	addcmul_(Number value, Tensor tensor1, Tensor tensor2)
Consider using one of the following signatures instead:
	addcmul_(Tensor tensor1, Tensor tensor2, *, Number value) (Triggered internally at  ../torch/csrc/utils/python_arg_parser.cpp:1174.)
  exp_avg_sq.mul_(beta2).addcmul_(1 - beta2, grad, grad)
New best model for val accuracy : 28.19%! saving the best model..
[Val] acc : 28.19%, loss:  2.5 || best acc : 28.19%, best loss:  2.5

Epoch[1/50](20/221) || training loss 0.1484 || training accuracy 84.53% || lr 0.001
Epoch[1/50](40/221) || training loss 0.1153 || training accuracy 87.89% || lr 0.001
Epoch[1/50](60/221) || training loss 0.1289 || training accuracy 88.20% || lr 0.001
Epoch[1/50](80/221) || training loss 0.1168 || training accuracy 89.06% || lr 0.001
Epoch[1/50](100/221) || training loss 0.1213 || training accuracy 86.80% || lr 0.001
Epoch[1/50](120/221) || training loss 0.1192 || training accuracy 87.19% || lr 0.001
Epoch[1/50](140/221) || training loss 0.1437 || training accuracy 85.55% || lr 0.001
Epoch[1/50](160/221) || training loss 0.1658 || training accuracy 84.77% || lr 0.001
Epoch[1/50](180/221) || training loss 0.1873 || training accuracy 83.67% || lr 0.001
Epoch[1/50](200/221) || training loss 0.1184 || training accuracy 86.72% || lr 0.001
Epoch[1/50](220/221) || training loss 0.1198 || training accuracy 88.52% || lr 0.001
Calculating validation results...
New best model for val accuracy : 65.84%! saving the best model..
[Val] acc : 65.84%, loss: 0.55 || best acc : 65.84%, best loss: 0.55

Epoch[2/50](20/221) || training loss 0.1165 || training accuracy 88.67% || lr 0.001
Epoch[2/50](40/221) || training loss 0.09861 || training accuracy 90.62% || lr 0.001
Epoch[2/50](60/221) || training loss 0.1528 || training accuracy 86.64% || lr 0.001
Epoch[2/50](80/221) || training loss 0.09996 || training accuracy 89.06% || lr 0.001
Epoch[2/50](100/221) || training loss 0.09004 || training accuracy 90.78% || lr 0.001
Epoch[2/50](120/221) || training loss 0.09959 || training accuracy 89.84% || lr 0.001
Epoch[2/50](140/221) || training loss 0.1036 || training accuracy 89.30% || lr 0.001
Epoch[2/50](160/221) || training loss 0.0976 || training accuracy 89.77% || lr 0.001
Epoch[2/50](180/221) || training loss 0.1248 || training accuracy 86.80% || lr 0.001
Epoch[2/50](200/221) || training loss 0.08431 || training accuracy 91.25% || lr 0.001
Epoch[2/50](220/221) || training loss 0.1137 || training accuracy 87.81% || lr 0.001
Calculating validation results...
[Val] acc : 58.67%, loss:  1.1 || best acc : 65.84%, best loss: 0.55

Epoch[3/50](20/221) || training loss 0.08016 || training accuracy 90.86% || lr 0.001
Epoch[3/50](40/221) || training loss 0.09365 || training accuracy 90.62% || lr 0.001
Epoch[3/50](60/221) || training loss 0.09656 || training accuracy 89.77% || lr 0.001
Epoch[3/50](80/221) || training loss 0.1047 || training accuracy 90.94% || lr 0.001
Epoch[3/50](100/221) || training loss 0.1376 || training accuracy 86.72% || lr 0.001
Epoch[3/50](120/221) || training loss 0.1164 || training accuracy 86.72% || lr 0.001
Epoch[3/50](140/221) || training loss 0.08284 || training accuracy 90.08% || lr 0.001
Epoch[3/50](160/221) || training loss 0.08147 || training accuracy 91.25% || lr 0.001
Epoch[3/50](180/221) || training loss 0.05971 || training accuracy 93.28% || lr 0.001
Epoch[3/50](200/221) || training loss 0.07207 || training accuracy 92.89% || lr 0.001
Epoch[3/50](220/221) || training loss 0.09597 || training accuracy 90.47% || lr 0.001
Calculating validation results...
[Val] acc : 41.82%, loss:  2.2 || best acc : 65.84%, best loss: 0.55

Epoch[4/50](20/221) || training loss 0.07877 || training accuracy 92.89% || lr 0.001
Epoch[4/50](40/221) || training loss 0.05944 || training accuracy 93.67% || lr 0.001
Epoch[4/50](60/221) || training loss 0.0613 || training accuracy 94.38% || lr 0.001
Epoch[4/50](80/221) || training loss 0.08492 || training accuracy 93.05% || lr 0.001
Epoch[4/50](100/221) || training loss 0.08706 || training accuracy 92.34% || lr 0.001
Epoch[4/50](120/221) || training loss 0.07273 || training accuracy 91.72% || lr 0.001
Epoch[4/50](140/221) || training loss 0.06648 || training accuracy 93.28% || lr 0.001
Epoch[4/50](160/221) || training loss 0.1056 || training accuracy 90.16% || lr 0.001
Epoch[4/50](180/221) || training loss 0.1075 || training accuracy 91.17% || lr 0.001
Epoch[4/50](200/221) || training loss 0.1165 || training accuracy 89.38% || lr 0.001
Epoch[4/50](220/221) || training loss 0.09463 || training accuracy 88.44% || lr 0.001
Calculating validation results...
[Val] acc : 54.84%, loss:  1.5 || best acc : 65.84%, best loss: 0.55

Epoch[5/50](20/221) || training loss 0.07102 || training accuracy 92.97% || lr 0.001
Epoch[5/50](40/221) || training loss 0.05478 || training accuracy 94.14% || lr 0.001
Epoch[5/50](60/221) || training loss 0.05925 || training accuracy 93.91% || lr 0.001
Epoch[5/50](80/221) || training loss 0.06815 || training accuracy 94.45% || lr 0.001
Epoch[5/50](100/221) || training loss 0.05755 || training accuracy 93.67% || lr 0.001
Epoch[5/50](120/221) || training loss 0.06746 || training accuracy 92.89% || lr 0.001
Epoch[5/50](140/221) || training loss 0.06726 || training accuracy 93.28% || lr 0.001
Epoch[5/50](160/221) || training loss 0.04042 || training accuracy 95.70% || lr 0.001
Epoch[5/50](180/221) || training loss 0.03882 || training accuracy 94.92% || lr 0.001
Epoch[5/50](200/221) || training loss 0.05695 || training accuracy 93.98% || lr 0.001
Epoch[5/50](220/221) || training loss 0.05635 || training accuracy 93.28% || lr 0.001
Calculating validation results...
New best model for val accuracy : 68.97%! saving the best model..
[Val] acc : 68.97%, loss: 0.65 || best acc : 68.97%, best loss: 0.55

Epoch[6/50](20/221) || training loss 0.05653 || training accuracy 94.77% || lr 0.001
Epoch[6/50](40/221) || training loss 0.03808 || training accuracy 95.94% || lr 0.001
Epoch[6/50](60/221) || training loss 0.07815 || training accuracy 93.28% || lr 0.001
Epoch[6/50](80/221) || training loss 0.04932 || training accuracy 95.23% || lr 0.001
Epoch[6/50](100/221) || training loss 0.0636 || training accuracy 92.66% || lr 0.001
Epoch[6/50](120/221) || training loss 0.04736 || training accuracy 94.92% || lr 0.001
Epoch[6/50](140/221) || training loss 0.0487 || training accuracy 94.53% || lr 0.001
Epoch[6/50](160/221) || training loss 0.04872 || training accuracy 94.84% || lr 0.001
Epoch[6/50](180/221) || training loss 0.04055 || training accuracy 95.70% || lr 0.001
Epoch[6/50](200/221) || training loss 0.05895 || training accuracy 94.84% || lr 0.001
Epoch[6/50](220/221) || training loss 0.0629 || training accuracy 94.45% || lr 0.001
Calculating validation results...
[Val] acc : 67.43%, loss: 0.66 || best acc : 68.97%, best loss: 0.55

Epoch[7/50](20/221) || training loss 0.04857 || training accuracy 94.84% || lr 0.001
Epoch[7/50](40/221) || training loss 0.04264 || training accuracy 95.31% || lr 0.001
Epoch[7/50](60/221) || training loss 0.04505 || training accuracy 96.25% || lr 0.001
Epoch[7/50](80/221) || training loss 0.04208 || training accuracy 94.61% || lr 0.001
Epoch[7/50](100/221) || training loss 0.05997 || training accuracy 94.38% || lr 0.001
Epoch[7/50](120/221) || training loss 0.06696 || training accuracy 92.89% || lr 0.001
Epoch[7/50](140/221) || training loss 0.08051 || training accuracy 92.50% || lr 0.001
Epoch[7/50](160/221) || training loss 0.06521 || training accuracy 93.59% || lr 0.001
Epoch[7/50](180/221) || training loss 0.06853 || training accuracy 91.80% || lr 0.001
Epoch[7/50](200/221) || training loss 0.06696 || training accuracy 93.05% || lr 0.001
Epoch[7/50](220/221) || training loss 0.05091 || training accuracy 94.22% || lr 0.001
Calculating validation results...
New best model for val accuracy : 70.46%! saving the best model..
[Val] acc : 70.46%, loss: 0.62 || best acc : 70.46%, best loss: 0.55

Epoch[8/50](20/221) || training loss 0.04406 || training accuracy 95.86% || lr 0.001
Epoch[8/50](40/221) || training loss 0.04977 || training accuracy 94.14% || lr 0.001
Epoch[8/50](60/221) || training loss 0.03606 || training accuracy 95.78% || lr 0.001
Epoch[8/50](80/221) || training loss 0.03563 || training accuracy 96.88% || lr 0.001
Epoch[8/50](100/221) || training loss 0.06102 || training accuracy 94.53% || lr 0.001
Epoch[8/50](120/221) || training loss 0.0791 || training accuracy 93.67% || lr 0.001
Epoch[8/50](140/221) || training loss 0.04419 || training accuracy 95.47% || lr 0.001
Epoch[8/50](160/221) || training loss 0.05214 || training accuracy 95.55% || lr 0.001
Epoch[8/50](180/221) || training loss 0.05379 || training accuracy 95.08% || lr 0.001
Epoch[8/50](200/221) || training loss 0.05275 || training accuracy 94.30% || lr 0.001
Epoch[8/50](220/221) || training loss 0.05426 || training accuracy 94.77% || lr 0.001
Calculating validation results...
New best model for val accuracy : 75.81%! saving the best model..
[Val] acc : 75.81%, loss:  0.6 || best acc : 75.81%, best loss: 0.55

Epoch[9/50](20/221) || training loss 0.04145 || training accuracy 96.09% || lr 0.001
Epoch[9/50](40/221) || training loss 0.02724 || training accuracy 96.64% || lr 0.001
Epoch[9/50](60/221) || training loss 0.04113 || training accuracy 96.02% || lr 0.001
Epoch[9/50](80/221) || training loss 0.03596 || training accuracy 96.25% || lr 0.001
Epoch[9/50](100/221) || training loss 0.03843 || training accuracy 96.17% || lr 0.001
Epoch[9/50](120/221) || training loss 0.03206 || training accuracy 96.41% || lr 0.001
Epoch[9/50](140/221) || training loss 0.03646 || training accuracy 95.70% || lr 0.001
Epoch[9/50](160/221) || training loss 0.04221 || training accuracy 95.62% || lr 0.001
Epoch[9/50](180/221) || training loss 0.04749 || training accuracy 94.61% || lr 0.001
Epoch[9/50](200/221) || training loss 0.03884 || training accuracy 96.25% || lr 0.001
Epoch[9/50](220/221) || training loss 0.04976 || training accuracy 94.61% || lr 0.001
Calculating validation results...
[Val] acc : 73.48%, loss: 0.49 || best acc : 75.81%, best loss: 0.49

Epoch[10/50](20/221) || training loss 0.05884 || training accuracy 95.16% || lr 0.001
Epoch[10/50](40/221) || training loss 0.03807 || training accuracy 96.33% || lr 0.001
Epoch[10/50](60/221) || training loss 0.02885 || training accuracy 96.33% || lr 0.001
Epoch[10/50](80/221) || training loss 0.03867 || training accuracy 97.03% || lr 0.001
Epoch[10/50](100/221) || training loss 0.02161 || training accuracy 97.19% || lr 0.001
Epoch[10/50](120/221) || training loss 0.02318 || training accuracy 97.42% || lr 0.001
Epoch[10/50](140/221) || training loss 0.02131 || training accuracy 97.89% || lr 0.001
Epoch[10/50](160/221) || training loss 0.02423 || training accuracy 97.50% || lr 0.001
Epoch[10/50](180/221) || training loss 0.03424 || training accuracy 96.64% || lr 0.001
Epoch[10/50](200/221) || training loss 0.02562 || training accuracy 96.88% || lr 0.001
Epoch[10/50](220/221) || training loss 0.02654 || training accuracy 97.66% || lr 0.001
Calculating validation results...
[Val] acc : 74.58%, loss: 0.63 || best acc : 75.81%, best loss: 0.49

Epoch[11/50](20/221) || training loss 0.02069 || training accuracy 97.34% || lr 0.001
Epoch[11/50](40/221) || training loss 0.0284 || training accuracy 97.73% || lr 0.001
Epoch[11/50](60/221) || training loss 0.02588 || training accuracy 97.42% || lr 0.001
Epoch[11/50](80/221) || training loss 0.02719 || training accuracy 97.11% || lr 0.001
Epoch[11/50](100/221) || training loss 0.01808 || training accuracy 97.73% || lr 0.001
Epoch[11/50](120/221) || training loss 0.03976 || training accuracy 96.64% || lr 0.001
Epoch[11/50](140/221) || training loss 0.0427 || training accuracy 95.55% || lr 0.001
Epoch[11/50](160/221) || training loss 0.02886 || training accuracy 96.72% || lr 0.001
Epoch[11/50](180/221) || training loss 0.03102 || training accuracy 96.64% || lr 0.001
Epoch[11/50](200/221) || training loss 0.02907 || training accuracy 96.72% || lr 0.001
Epoch[11/50](220/221) || training loss 0.03832 || training accuracy 96.33% || lr 0.001
Calculating validation results...
New best model for val accuracy : 77.16%! saving the best model..
[Val] acc : 77.16%, loss:  0.5 || best acc : 77.16%, best loss: 0.49

Epoch[12/50](20/221) || training loss 0.02668 || training accuracy 97.66% || lr 0.001
Epoch[12/50](40/221) || training loss 0.02166 || training accuracy 97.34% || lr 0.001
Epoch[12/50](60/221) || training loss 0.02707 || training accuracy 97.81% || lr 0.001
Epoch[12/50](80/221) || training loss 0.03453 || training accuracy 96.95% || lr 0.001
Epoch[12/50](100/221) || training loss 0.02706 || training accuracy 96.88% || lr 0.001
Epoch[12/50](120/221) || training loss 0.0309 || training accuracy 96.41% || lr 0.001
Epoch[12/50](140/221) || training loss 0.03809 || training accuracy 96.17% || lr 0.001
Epoch[12/50](160/221) || training loss 0.03665 || training accuracy 96.17% || lr 0.001
Epoch[12/50](180/221) || training loss 0.03482 || training accuracy 96.72% || lr 0.001
Epoch[12/50](200/221) || training loss 0.03912 || training accuracy 96.56% || lr 0.001
Epoch[12/50](220/221) || training loss 0.03632 || training accuracy 95.94% || lr 0.001
Calculating validation results...
[Val] acc : 70.73%, loss:  0.8 || best acc : 77.16%, best loss: 0.49

Epoch[13/50](20/221) || training loss 0.03774 || training accuracy 96.80% || lr 0.001
Epoch[13/50](40/221) || training loss 0.03882 || training accuracy 96.48% || lr 0.001
Epoch[13/50](60/221) || training loss 0.03589 || training accuracy 95.94% || lr 0.001
Epoch[13/50](80/221) || training loss 0.04343 || training accuracy 95.70% || lr 0.001
Epoch[13/50](100/221) || training loss 0.05421 || training accuracy 94.45% || lr 0.001
Epoch[13/50](120/221) || training loss 0.04988 || training accuracy 95.55% || lr 0.001
Epoch[13/50](140/221) || training loss 0.04295 || training accuracy 95.23% || lr 0.001
Epoch[13/50](160/221) || training loss 0.06636 || training accuracy 94.84% || lr 0.001
Epoch[13/50](180/221) || training loss 0.05866 || training accuracy 94.92% || lr 0.001
Epoch[13/50](200/221) || training loss 0.04673 || training accuracy 95.62% || lr 0.001
Epoch[13/50](220/221) || training loss 0.03943 || training accuracy 96.09% || lr 0.001
Calculating validation results...
[Val] acc : 74.62%, loss: 0.47 || best acc : 77.16%, best loss: 0.47

Epoch[14/50](20/221) || training loss 0.01986 || training accuracy 97.89% || lr 0.001
Epoch[14/50](40/221) || training loss 0.01785 || training accuracy 97.73% || lr 0.001
Epoch[14/50](60/221) || training loss 0.02643 || training accuracy 97.97% || lr 0.001
Epoch[14/50](80/221) || training loss 0.02216 || training accuracy 97.50% || lr 0.001
Epoch[14/50](100/221) || training loss 0.03544 || training accuracy 97.73% || lr 0.001
Epoch[14/50](120/221) || training loss 0.02832 || training accuracy 96.56% || lr 0.001
Epoch[14/50](140/221) || training loss 0.03501 || training accuracy 96.48% || lr 0.001
Epoch[14/50](160/221) || training loss 0.04706 || training accuracy 95.55% || lr 0.001
Epoch[14/50](180/221) || training loss 0.03065 || training accuracy 97.27% || lr 0.001
Epoch[14/50](200/221) || training loss 0.03566 || training accuracy 96.56% || lr 0.001
Epoch[14/50](220/221) || training loss 0.02918 || training accuracy 96.95% || lr 0.001
Calculating validation results...
New best model for val accuracy : 77.27%! saving the best model..
[Val] acc : 77.27%, loss: 0.49 || best acc : 77.27%, best loss: 0.47

Epoch[15/50](20/221) || training loss 0.01967 || training accuracy 98.36% || lr 0.001
Epoch[15/50](40/221) || training loss 0.01594 || training accuracy 98.67% || lr 0.001
Epoch[15/50](60/221) || training loss 0.01989 || training accuracy 98.36% || lr 0.001
Epoch[15/50](80/221) || training loss 0.04064 || training accuracy 96.33% || lr 0.001
Epoch[15/50](100/221) || training loss 0.02719 || training accuracy 97.42% || lr 0.001
Epoch[15/50](120/221) || training loss 0.03296 || training accuracy 97.27% || lr 0.001
Epoch[15/50](140/221) || training loss 0.03146 || training accuracy 96.72% || lr 0.001
Epoch[15/50](160/221) || training loss 0.04551 || training accuracy 96.17% || lr 0.001
Epoch[15/50](180/221) || training loss 0.03525 || training accuracy 96.80% || lr 0.001
Epoch[15/50](200/221) || training loss 0.03533 || training accuracy 96.64% || lr 0.001
Epoch[15/50](220/221) || training loss 0.02547 || training accuracy 97.19% || lr 0.001
Calculating validation results...
[Val] acc : 75.85%, loss: 0.63 || best acc : 77.27%, best loss: 0.47

Epoch[16/50](20/221) || training loss 0.01579 || training accuracy 97.66% || lr 0.001
Epoch[16/50](40/221) || training loss 0.0178 || training accuracy 97.58% || lr 0.001
Epoch[16/50](60/221) || training loss 0.0235 || training accuracy 97.58% || lr 0.001
Epoch[16/50](80/221) || training loss 0.02217 || training accuracy 97.27% || lr 0.001
Epoch[16/50](100/221) || training loss 0.02505 || training accuracy 96.95% || lr 0.001
Epoch[16/50](120/221) || training loss 0.03645 || training accuracy 96.09% || lr 0.001
Epoch[16/50](140/221) || training loss 0.04908 || training accuracy 94.53% || lr 0.001
Epoch[16/50](160/221) || training loss 0.06117 || training accuracy 94.53% || lr 0.001
Epoch[16/50](180/221) || training loss 0.04969 || training accuracy 95.39% || lr 0.001
Epoch[16/50](200/221) || training loss 0.04315 || training accuracy 96.41% || lr 0.001
Epoch[16/50](220/221) || training loss 0.0728 || training accuracy 93.83% || lr 0.001
Calculating validation results...
[Val] acc : 75.75%, loss: 0.54 || best acc : 77.27%, best loss: 0.47

Epoch[17/50](20/221) || training loss 0.04179 || training accuracy 96.02% || lr 0.001
Epoch[17/50](40/221) || training loss 0.04153 || training accuracy 96.25% || lr 0.001
Epoch[17/50](60/221) || training loss 0.05723 || training accuracy 95.70% || lr 0.001
Epoch[17/50](80/221) || training loss 0.03243 || training accuracy 96.72% || lr 0.001
Epoch[17/50](100/221) || training loss 0.02989 || training accuracy 96.48% || lr 0.001
Epoch[17/50](120/221) || training loss 0.02955 || training accuracy 96.80% || lr 0.001
Epoch[17/50](140/221) || training loss 0.04115 || training accuracy 96.09% || lr 0.001
Epoch[17/50](160/221) || training loss 0.04146 || training accuracy 96.17% || lr 0.001
Epoch[17/50](180/221) || training loss 0.03297 || training accuracy 97.34% || lr 0.001
Epoch[17/50](200/221) || training loss 0.04295 || training accuracy 95.78% || lr 0.001
Epoch[17/50](220/221) || training loss 0.04956 || training accuracy 96.02% || lr 0.001
Calculating validation results...
New best model for val accuracy : 77.63%! saving the best model..
[Val] acc : 77.63%, loss: 0.44 || best acc : 77.63%, best loss: 0.44

Epoch[18/50](20/221) || training loss 0.04109 || training accuracy 96.33% || lr 0.001
Epoch[18/50](40/221) || training loss 0.04874 || training accuracy 96.02% || lr 0.001
Epoch[18/50](60/221) || training loss 0.04847 || training accuracy 95.47% || lr 0.001
Epoch[18/50](80/221) || training loss 0.03258 || training accuracy 97.03% || lr 0.001
Epoch[18/50](100/221) || training loss 0.01953 || training accuracy 97.34% || lr 0.001
Epoch[18/50](120/221) || training loss 0.02336 || training accuracy 97.73% || lr 0.001
Epoch[18/50](140/221) || training loss 0.02141 || training accuracy 97.66% || lr 0.001
Epoch[18/50](160/221) || training loss 0.01721 || training accuracy 98.05% || lr 0.001
Epoch[18/50](180/221) || training loss 0.007662 || training accuracy 99.30% || lr 0.001
Epoch[18/50](200/221) || training loss 0.01465 || training accuracy 98.44% || lr 0.001
Epoch[18/50](220/221) || training loss 0.01086 || training accuracy 98.98% || lr 0.001
Calculating validation results...
New best model for val accuracy : 79.72%! saving the best model..
[Val] acc : 79.72%, loss: 0.42 || best acc : 79.72%, best loss: 0.42

Epoch[19/50](20/221) || training loss 0.006216 || training accuracy 99.30% || lr 0.001
Epoch[19/50](40/221) || training loss 0.007383 || training accuracy 99.06% || lr 0.001
Epoch[19/50](60/221) || training loss 0.008611 || training accuracy 98.98% || lr 0.001
Epoch[19/50](80/221) || training loss 0.003986 || training accuracy 99.69% || lr 0.001
Epoch[19/50](100/221) || training loss 0.004589 || training accuracy 99.45% || lr 0.001
Epoch[19/50](120/221) || training loss 0.001632 || training accuracy 99.77% || lr 0.001
Epoch[19/50](140/221) || training loss 0.004534 || training accuracy 99.53% || lr 0.001
Epoch[19/50](160/221) || training loss 0.01254 || training accuracy 98.75% || lr 0.001
Epoch[19/50](180/221) || training loss 0.009647 || training accuracy 99.14% || lr 0.001
Epoch[19/50](200/221) || training loss 0.01788 || training accuracy 97.97% || lr 0.001
Epoch[19/50](220/221) || training loss 0.01401 || training accuracy 98.36% || lr 0.001
Calculating validation results...
[Val] acc : 78.43%, loss: 0.47 || best acc : 79.72%, best loss: 0.42

Epoch[20/50](20/221) || training loss 0.01387 || training accuracy 98.59% || lr 0.001
Epoch[20/50](40/221) || training loss 0.0117 || training accuracy 98.52% || lr 0.001
Epoch[20/50](60/221) || training loss 0.008891 || training accuracy 98.83% || lr 0.001
Epoch[20/50](80/221) || training loss 0.02012 || training accuracy 97.50% || lr 0.001
Epoch[20/50](100/221) || training loss 0.02461 || training accuracy 97.42% || lr 0.001
Epoch[20/50](120/221) || training loss 0.0242 || training accuracy 98.36% || lr 0.001
Epoch[20/50](140/221) || training loss 0.02011 || training accuracy 98.12% || lr 0.001
Epoch[20/50](160/221) || training loss 0.01151 || training accuracy 98.59% || lr 0.001
Epoch[20/50](180/221) || training loss 0.01296 || training accuracy 98.59% || lr 0.001
Epoch[20/50](200/221) || training loss 0.02165 || training accuracy 97.81% || lr 0.001
Epoch[20/50](220/221) || training loss 0.02891 || training accuracy 97.34% || lr 0.001
Calculating validation results...
[Val] acc : 78.33%, loss: 0.46 || best acc : 79.72%, best loss: 0.42

Epoch[21/50](20/221) || training loss 0.01494 || training accuracy 98.20% || lr 0.001
Epoch[21/50](40/221) || training loss 0.01404 || training accuracy 98.28% || lr 0.001
Epoch[21/50](60/221) || training loss 0.01779 || training accuracy 98.36% || lr 0.001
Epoch[21/50](80/221) || training loss 0.01426 || training accuracy 98.52% || lr 0.001
Epoch[21/50](100/221) || training loss 0.02269 || training accuracy 97.58% || lr 0.001
Epoch[21/50](120/221) || training loss 0.02414 || training accuracy 97.42% || lr 0.001
Epoch[21/50](140/221) || training loss 0.02233 || training accuracy 98.12% || lr 0.001
Epoch[21/50](160/221) || training loss 0.01983 || training accuracy 98.05% || lr 0.001
Epoch[21/50](180/221) || training loss 0.01739 || training accuracy 98.20% || lr 0.001
Epoch[21/50](200/221) || training loss 0.01955 || training accuracy 97.42% || lr 0.001
Epoch[21/50](220/221) || training loss 0.02527 || training accuracy 97.42% || lr 0.001
Calculating validation results...
[Val] acc : 77.06%, loss:  0.6 || best acc : 79.72%, best loss: 0.42

Epoch[22/50](20/221) || training loss 0.02642 || training accuracy 97.19% || lr 0.001
Epoch[22/50](40/221) || training loss 0.01754 || training accuracy 97.97% || lr 0.001
Epoch[22/50](60/221) || training loss 0.02941 || training accuracy 97.50% || lr 0.001
Epoch[22/50](80/221) || training loss 0.02813 || training accuracy 97.11% || lr 0.001
Epoch[22/50](100/221) || training loss 0.02108 || training accuracy 98.05% || lr 0.001
Epoch[22/50](120/221) || training loss 0.02532 || training accuracy 97.42% || lr 0.001
Epoch[22/50](140/221) || training loss 0.02286 || training accuracy 96.88% || lr 0.001
Epoch[22/50](160/221) || training loss 0.02393 || training accuracy 97.42% || lr 0.001
Epoch[22/50](180/221) || training loss 0.03539 || training accuracy 96.88% || lr 0.001
Epoch[22/50](200/221) || training loss 0.05261 || training accuracy 95.23% || lr 0.001
Epoch[22/50](220/221) || training loss 0.04683 || training accuracy 95.47% || lr 0.001
Calculating validation results...
[Val] acc : 70.54%, loss: 0.72 || best acc : 79.72%, best loss: 0.42

Epoch[23/50](20/221) || training loss 0.03907 || training accuracy 96.41% || lr 0.001
Epoch[23/50](40/221) || training loss 0.03837 || training accuracy 96.48% || lr 0.001
Epoch[23/50](60/221) || training loss 0.022 || training accuracy 97.97% || lr 0.001
Epoch[23/50](80/221) || training loss 0.01572 || training accuracy 98.36% || lr 0.001
Epoch[23/50](100/221) || training loss 0.01439 || training accuracy 99.06% || lr 0.001
Epoch[23/50](120/221) || training loss 0.02456 || training accuracy 97.27% || lr 0.001
Epoch[23/50](140/221) || training loss 0.02336 || training accuracy 97.50% || lr 0.001
Epoch[23/50](160/221) || training loss 0.01968 || training accuracy 98.05% || lr 0.001
Epoch[23/50](180/221) || training loss 0.02038 || training accuracy 98.12% || lr 0.001
Epoch[23/50](200/221) || training loss 0.02141 || training accuracy 98.05% || lr 0.001
Epoch[23/50](220/221) || training loss 0.0117 || training accuracy 98.59% || lr 0.001
Calculating validation results...
[Val] acc : 78.01%, loss: 0.48 || best acc : 79.72%, best loss: 0.42

Epoch[24/50](20/221) || training loss 0.008251 || training accuracy 99.14% || lr 0.001
Epoch[24/50](40/221) || training loss 0.01047 || training accuracy 98.98% || lr 0.001
Epoch[24/50](60/221) || training loss 0.01052 || training accuracy 98.91% || lr 0.001
Epoch[24/50](80/221) || training loss 0.009525 || training accuracy 99.22% || lr 0.001
Epoch[24/50](100/221) || training loss 0.01503 || training accuracy 98.75% || lr 0.001
Epoch[24/50](120/221) || training loss 0.01402 || training accuracy 98.83% || lr 0.001
Epoch[24/50](140/221) || training loss 0.008939 || training accuracy 99.06% || lr 0.001
Epoch[24/50](160/221) || training loss 0.008976 || training accuracy 98.59% || lr 0.001
Epoch[24/50](180/221) || training loss 0.01256 || training accuracy 98.59% || lr 0.001
Epoch[24/50](200/221) || training loss 0.02159 || training accuracy 97.66% || lr 0.001
Epoch[24/50](220/221) || training loss 0.021 || training accuracy 97.58% || lr 0.001
Calculating validation results...
[Val] acc : 77.71%, loss: 0.53 || best acc : 79.72%, best loss: 0.42

Epoch[25/50](20/221) || training loss 0.01362 || training accuracy 98.52% || lr 0.001
Epoch[25/50](40/221) || training loss 0.03211 || training accuracy 97.73% || lr 0.001
Epoch[25/50](60/221) || training loss 0.02513 || training accuracy 97.50% || lr 0.001
Epoch[25/50](80/221) || training loss 0.03273 || training accuracy 97.11% || lr 0.001
Epoch[25/50](100/221) || training loss 0.02876 || training accuracy 97.11% || lr 0.001
Epoch[25/50](120/221) || training loss 0.02501 || training accuracy 97.42% || lr 0.001
Epoch[25/50](140/221) || training loss 0.02349 || training accuracy 97.73% || lr 0.001
Epoch[25/50](160/221) || training loss 0.02062 || training accuracy 97.11% || lr 0.001
Epoch[25/50](180/221) || training loss 0.01707 || training accuracy 97.81% || lr 0.001
Epoch[25/50](200/221) || training loss 0.01675 || training accuracy 98.67% || lr 0.001
Epoch[25/50](220/221) || training loss 0.01807 || training accuracy 98.12% || lr 0.001
Calculating validation results...
[Val] acc : 79.26%, loss: 0.44 || best acc : 79.72%, best loss: 0.42

Epoch[26/50](20/221) || training loss 0.0276 || training accuracy 97.58% || lr 0.001
Epoch[26/50](40/221) || training loss 0.01935 || training accuracy 98.20% || lr 0.001
Epoch[26/50](60/221) || training loss 0.01959 || training accuracy 97.11% || lr 0.001
Epoch[26/50](80/221) || training loss 0.01582 || training accuracy 97.89% || lr 0.001
Epoch[26/50](100/221) || training loss 0.02209 || training accuracy 97.73% || lr 0.001
Epoch[26/50](120/221) || training loss 0.02052 || training accuracy 97.97% || lr 0.001
Epoch[26/50](140/221) || training loss 0.01692 || training accuracy 97.97% || lr 0.001
Epoch[26/50](160/221) || training loss 0.02398 || training accuracy 97.19% || lr 0.001
Epoch[26/50](180/221) || training loss 0.02042 || training accuracy 97.81% || lr 0.001
Epoch[26/50](200/221) || training loss 0.01185 || training accuracy 98.36% || lr 0.001
Epoch[26/50](220/221) || training loss 0.006069 || training accuracy 99.22% || lr 0.001
Calculating validation results...
New best model for val accuracy : 80.04%! saving the best model..
[Val] acc : 80.04%, loss: 0.45 || best acc : 80.04%, best loss: 0.42

Epoch[27/50](20/221) || training loss 0.00308 || training accuracy 99.61% || lr 0.001
Epoch[27/50](40/221) || training loss 0.005037 || training accuracy 99.22% || lr 0.001
Epoch[27/50](60/221) || training loss 0.006096 || training accuracy 98.91% || lr 0.001
Epoch[27/50](80/221) || training loss 0.02047 || training accuracy 98.12% || lr 0.001
Epoch[27/50](100/221) || training loss 0.01586 || training accuracy 98.36% || lr 0.001
Epoch[27/50](120/221) || training loss 0.01534 || training accuracy 98.59% || lr 0.001
Epoch[27/50](140/221) || training loss 0.0164 || training accuracy 98.52% || lr 0.001
Epoch[27/50](160/221) || training loss 0.0174 || training accuracy 98.28% || lr 0.001
Epoch[27/50](180/221) || training loss 0.02248 || training accuracy 98.12% || lr 0.001
Epoch[27/50](200/221) || training loss 0.02752 || training accuracy 97.58% || lr 0.001
Epoch[27/50](220/221) || training loss 0.01449 || training accuracy 98.20% || lr 0.001
Calculating validation results...
[Val] acc : 77.04%, loss:  0.5 || best acc : 80.04%, best loss: 0.42

Epoch[28/50](20/221) || training loss 0.02699 || training accuracy 98.12% || lr 0.001
Epoch[28/50](40/221) || training loss 0.0194 || training accuracy 97.89% || lr 0.001
Epoch[28/50](60/221) || training loss 0.01498 || training accuracy 98.59% || lr 0.001
Epoch[28/50](80/221) || training loss 0.02218 || training accuracy 97.42% || lr 0.001
Epoch[28/50](100/221) || training loss 0.02652 || training accuracy 96.95% || lr 0.001
Epoch[28/50](120/221) || training loss 0.0296 || training accuracy 97.27% || lr 0.001
Epoch[28/50](140/221) || training loss 0.04524 || training accuracy 96.02% || lr 0.001
Epoch[28/50](160/221) || training loss 0.04631 || training accuracy 95.70% || lr 0.001
Epoch[28/50](180/221) || training loss 0.03452 || training accuracy 96.80% || lr 0.001
Epoch[28/50](200/221) || training loss 0.02682 || training accuracy 96.95% || lr 0.001
Epoch[28/50](220/221) || training loss 0.0198 || training accuracy 98.05% || lr 0.001
Calculating validation results...
[Val] acc : 78.37%, loss:  0.5 || best acc : 80.04%, best loss: 0.42

Epoch[29/50](20/221) || training loss 0.01443 || training accuracy 98.44% || lr 0.001
Epoch[29/50](40/221) || training loss 0.006546 || training accuracy 98.98% || lr 0.001
Epoch[29/50](60/221) || training loss 0.004341 || training accuracy 99.45% || lr 0.001
Epoch[29/50](80/221) || training loss 0.00661 || training accuracy 99.30% || lr 0.001
Epoch[29/50](100/221) || training loss 0.00513 || training accuracy 99.53% || lr 0.001
Epoch[29/50](120/221) || training loss 0.00714 || training accuracy 99.06% || lr 0.001
Epoch[29/50](140/221) || training loss 0.008524 || training accuracy 98.98% || lr 0.001
Epoch[29/50](160/221) || training loss 0.009819 || training accuracy 99.14% || lr 0.001
Epoch[29/50](180/221) || training loss 0.00839 || training accuracy 99.22% || lr 0.001
Epoch[29/50](200/221) || training loss 0.007338 || training accuracy 99.30% || lr 0.001
Epoch[29/50](220/221) || training loss 0.01092 || training accuracy 98.91% || lr 0.001
Calculating validation results...
[Val] acc : 77.99%, loss: 0.49 || best acc : 80.04%, best loss: 0.42

Epoch[30/50](20/221) || training loss 0.003426 || training accuracy 99.45% || lr 0.0001
Epoch[30/50](40/221) || training loss 0.002863 || training accuracy 99.61% || lr 0.0001
Epoch[30/50](60/221) || training loss 0.003947 || training accuracy 99.61% || lr 0.0001
Epoch[30/50](80/221) || training loss 0.00199 || training accuracy 99.84% || lr 0.0001
Epoch[30/50](100/221) || training loss 0.002803 || training accuracy 99.53% || lr 0.0001
Epoch[30/50](120/221) || training loss 0.0009801 || training accuracy 99.92% || lr 0.0001
Epoch[30/50](140/221) || training loss 0.002598 || training accuracy 99.77% || lr 0.0001
Epoch[30/50](160/221) || training loss 0.001314 || training accuracy 99.77% || lr 0.0001
Epoch[30/50](180/221) || training loss 0.001295 || training accuracy 99.84% || lr 0.0001
Epoch[30/50](200/221) || training loss 0.003942 || training accuracy 99.61% || lr 0.0001
Epoch[30/50](220/221) || training loss 0.0006921 || training accuracy 100.00% || lr 0.0001
Calculating validation results...
[Val] acc : 79.94%, loss: 0.48 || best acc : 80.04%, best loss: 0.42

Epoch[31/50](20/221) || training loss 0.0009175 || training accuracy 99.92% || lr 0.0001
Epoch[31/50](40/221) || training loss 0.000646 || training accuracy 100.00% || lr 0.0001
Epoch[31/50](60/221) || training loss 0.0005632 || training accuracy 100.00% || lr 0.0001
Epoch[31/50](80/221) || training loss 0.0008199 || training accuracy 99.92% || lr 0.0001
Epoch[31/50](100/221) || training loss 0.001432 || training accuracy 99.84% || lr 0.0001
Epoch[31/50](120/221) || training loss 0.0004064 || training accuracy 100.00% || lr 0.0001
Epoch[31/50](140/221) || training loss 0.001396 || training accuracy 99.92% || lr 0.0001
Epoch[31/50](160/221) || training loss 0.0004657 || training accuracy 100.00% || lr 0.0001
Epoch[31/50](180/221) || training loss 0.0004778 || training accuracy 100.00% || lr 0.0001
Epoch[31/50](200/221) || training loss 0.0004388 || training accuracy 99.92% || lr 0.0001
Epoch[31/50](220/221) || training loss 0.0002847 || training accuracy 100.00% || lr 0.0001
Calculating validation results...
New best model for val accuracy : 80.23%! saving the best model..
[Val] acc : 80.23%, loss: 0.48 || best acc : 80.23%, best loss: 0.42

Epoch[32/50](20/221) || training loss 0.0004665 || training accuracy 100.00% || lr 0.0001
Epoch[32/50](40/221) || training loss 0.0005165 || training accuracy 100.00% || lr 0.0001
Epoch[32/50](60/221) || training loss 0.0003522 || training accuracy 100.00% || lr 0.0001
Epoch[32/50](80/221) || training loss 0.000299 || training accuracy 100.00% || lr 0.0001
Epoch[32/50](100/221) || training loss 0.0003771 || training accuracy 100.00% || lr 0.0001
Epoch[32/50](120/221) || training loss 0.000369 || training accuracy 100.00% || lr 0.0001
Epoch[32/50](140/221) || training loss 0.0002989 || training accuracy 100.00% || lr 0.0001
Epoch[32/50](160/221) || training loss 0.0004699 || training accuracy 100.00% || lr 0.0001
Epoch[32/50](180/221) || training loss 0.0002629 || training accuracy 100.00% || lr 0.0001
Epoch[32/50](200/221) || training loss 0.0002932 || training accuracy 100.00% || lr 0.0001
Epoch[32/50](220/221) || training loss 0.0003382 || training accuracy 100.00% || lr 0.0001
Calculating validation results...
New best model for val accuracy : 80.61%! saving the best model..
[Val] acc : 80.61%, loss: 0.46 || best acc : 80.61%, best loss: 0.42

Epoch[33/50](20/221) || training loss 0.0003062 || training accuracy 100.00% || lr 0.0001
Epoch[33/50](40/221) || training loss 0.0003999 || training accuracy 100.00% || lr 0.0001
Epoch[33/50](60/221) || training loss 0.000344 || training accuracy 100.00% || lr 0.0001
Epoch[33/50](80/221) || training loss 0.0001911 || training accuracy 100.00% || lr 0.0001
Epoch[33/50](100/221) || training loss 0.0002698 || training accuracy 100.00% || lr 0.0001
Epoch[33/50](120/221) || training loss 0.0003858 || training accuracy 100.00% || lr 0.0001
Epoch[33/50](140/221) || training loss 0.0001188 || training accuracy 100.00% || lr 0.0001
Epoch[33/50](160/221) || training loss 0.0003005 || training accuracy 100.00% || lr 0.0001
Epoch[33/50](180/221) || training loss 0.0002655 || training accuracy 100.00% || lr 0.0001
Epoch[33/50](200/221) || training loss 0.0004349 || training accuracy 99.92% || lr 0.0001
Epoch[33/50](220/221) || training loss 0.001333 || training accuracy 99.92% || lr 0.0001
Calculating validation results...
[Val] acc : 80.36%, loss: 0.47 || best acc : 80.61%, best loss: 0.42

Epoch[34/50](20/221) || training loss 0.0002812 || training accuracy 100.00% || lr 0.0001
Epoch[34/50](40/221) || training loss 0.0006386 || training accuracy 99.92% || lr 0.0001
Epoch[34/50](60/221) || training loss 0.0004044 || training accuracy 100.00% || lr 0.0001
Epoch[34/50](80/221) || training loss 0.0002541 || training accuracy 100.00% || lr 0.0001
Epoch[34/50](100/221) || training loss 0.0001225 || training accuracy 100.00% || lr 0.0001
Epoch[34/50](120/221) || training loss 0.0002523 || training accuracy 100.00% || lr 0.0001
Epoch[34/50](140/221) || training loss 0.0002226 || training accuracy 100.00% || lr 0.0001
Epoch[34/50](160/221) || training loss 0.0001635 || training accuracy 100.00% || lr 0.0001
Epoch[34/50](180/221) || training loss 0.0002188 || training accuracy 100.00% || lr 0.0001
Epoch[34/50](200/221) || training loss 0.0003873 || training accuracy 100.00% || lr 0.0001
Epoch[34/50](220/221) || training loss 0.0001291 || training accuracy 100.00% || lr 0.0001
Calculating validation results...
[Val] acc : 80.53%, loss: 0.48 || best acc : 80.61%, best loss: 0.42

Epoch[35/50](20/221) || training loss 0.0001445 || training accuracy 100.00% || lr 0.0001
Epoch[35/50](40/221) || training loss 8.192e-05 || training accuracy 100.00% || lr 0.0001
Epoch[35/50](60/221) || training loss 0.000288 || training accuracy 100.00% || lr 0.0001
Epoch[35/50](80/221) || training loss 0.0001272 || training accuracy 100.00% || lr 0.0001
Epoch[35/50](100/221) || training loss 0.000218 || training accuracy 100.00% || lr 0.0001
Epoch[35/50](120/221) || training loss 0.0001548 || training accuracy 100.00% || lr 0.0001
Epoch[35/50](140/221) || training loss 0.0001585 || training accuracy 100.00% || lr 0.0001
Epoch[35/50](160/221) || training loss 0.0001544 || training accuracy 100.00% || lr 0.0001
Epoch[35/50](180/221) || training loss 0.0001423 || training accuracy 100.00% || lr 0.0001
Epoch[35/50](200/221) || training loss 0.0001281 || training accuracy 100.00% || lr 0.0001
Epoch[35/50](220/221) || training loss 7.971e-05 || training accuracy 100.00% || lr 0.0001
Calculating validation results...
[Val] acc : 80.61%, loss: 0.48 || best acc : 80.61%, best loss: 0.42

Epoch[36/50](20/221) || training loss 0.000297 || training accuracy 100.00% || lr 0.0001
Epoch[36/50](40/221) || training loss 9.329e-05 || training accuracy 100.00% || lr 0.0001
Epoch[36/50](60/221) || training loss 7.918e-05 || training accuracy 100.00% || lr 0.0001
Epoch[36/50](80/221) || training loss 7.179e-05 || training accuracy 100.00% || lr 0.0001
Epoch[36/50](100/221) || training loss 9.133e-05 || training accuracy 100.00% || lr 0.0001
Epoch[36/50](120/221) || training loss 0.0001098 || training accuracy 100.00% || lr 0.0001
Epoch[36/50](140/221) || training loss 0.0001782 || training accuracy 100.00% || lr 0.0001
Epoch[36/50](160/221) || training loss 0.0001208 || training accuracy 100.00% || lr 0.0001
Epoch[36/50](180/221) || training loss 0.0001772 || training accuracy 100.00% || lr 0.0001
Epoch[36/50](200/221) || training loss 0.0002835 || training accuracy 100.00% || lr 0.0001
Epoch[36/50](220/221) || training loss 0.0007212 || training accuracy 99.84% || lr 0.0001
Calculating validation results...
New best model for val accuracy : 80.83%! saving the best model..
[Val] acc : 80.83%, loss: 0.47 || best acc : 80.83%, best loss: 0.42

Epoch[37/50](20/221) || training loss 0.000593 || training accuracy 99.92% || lr 0.0001
Epoch[37/50](40/221) || training loss 0.0001421 || training accuracy 100.00% || lr 0.0001
Epoch[37/50](60/221) || training loss 0.0001488 || training accuracy 100.00% || lr 0.0001
Epoch[37/50](80/221) || training loss 0.0002001 || training accuracy 100.00% || lr 0.0001
Epoch[37/50](100/221) || training loss 0.0001364 || training accuracy 100.00% || lr 0.0001
Epoch[37/50](120/221) || training loss 8.855e-05 || training accuracy 100.00% || lr 0.0001
Epoch[37/50](140/221) || training loss 0.0001234 || training accuracy 100.00% || lr 0.0001
Epoch[37/50](160/221) || training loss 0.0006042 || training accuracy 99.92% || lr 0.0001
Epoch[37/50](180/221) || training loss 0.0002493 || training accuracy 100.00% || lr 0.0001
Epoch[37/50](200/221) || training loss 5.137e-05 || training accuracy 100.00% || lr 0.0001
Epoch[37/50](220/221) || training loss 0.0001395 || training accuracy 100.00% || lr 0.0001
Calculating validation results...
[Val] acc : 80.70%, loss: 0.49 || best acc : 80.83%, best loss: 0.42

Epoch[38/50](20/221) || training loss 0.0001304 || training accuracy 100.00% || lr 0.0001
Epoch[38/50](40/221) || training loss 0.0001302 || training accuracy 100.00% || lr 0.0001
Epoch[38/50](60/221) || training loss 8.065e-05 || training accuracy 100.00% || lr 0.0001
Epoch[38/50](80/221) || training loss 0.0001847 || training accuracy 100.00% || lr 0.0001
Epoch[38/50](100/221) || training loss 7.688e-05 || training accuracy 100.00% || lr 0.0001
Epoch[38/50](120/221) || training loss 8.762e-05 || training accuracy 100.00% || lr 0.0001
Epoch[38/50](140/221) || training loss 0.0001072 || training accuracy 100.00% || lr 0.0001
Epoch[38/50](160/221) || training loss 0.0001576 || training accuracy 100.00% || lr 0.0001
Epoch[38/50](180/221) || training loss 0.0001824 || training accuracy 100.00% || lr 0.0001
Epoch[38/50](200/221) || training loss 0.0001265 || training accuracy 100.00% || lr 0.0001
Epoch[38/50](220/221) || training loss 0.0002262 || training accuracy 100.00% || lr 0.0001
Calculating validation results...
[Val] acc : 80.76%, loss: 0.49 || best acc : 80.83%, best loss: 0.42

Epoch[39/50](20/221) || training loss 0.0001361 || training accuracy 100.00% || lr 0.0001
Epoch[39/50](40/221) || training loss 8.682e-05 || training accuracy 100.00% || lr 0.0001
Epoch[39/50](60/221) || training loss 9.22e-05 || training accuracy 100.00% || lr 0.0001
Epoch[39/50](80/221) || training loss 0.0001426 || training accuracy 100.00% || lr 0.0001
Epoch[39/50](100/221) || training loss 0.0001473 || training accuracy 100.00% || lr 0.0001
Epoch[39/50](120/221) || training loss 6.718e-05 || training accuracy 100.00% || lr 0.0001
Epoch[39/50](140/221) || training loss 4.966e-05 || training accuracy 100.00% || lr 0.0001
Epoch[39/50](160/221) || training loss 4.189e-05 || training accuracy 100.00% || lr 0.0001
Epoch[39/50](180/221) || training loss 0.0001064 || training accuracy 100.00% || lr 0.0001
Epoch[39/50](200/221) || training loss 0.0001696 || training accuracy 100.00% || lr 0.0001
Epoch[39/50](220/221) || training loss 0.0001484 || training accuracy 100.00% || lr 0.0001
Calculating validation results...
[Val] acc : 80.80%, loss: 0.49 || best acc : 80.83%, best loss: 0.42

Epoch[40/50](20/221) || training loss 5.945e-05 || training accuracy 100.00% || lr 0.0001
Epoch[40/50](40/221) || training loss 0.0001056 || training accuracy 100.00% || lr 0.0001
Epoch[40/50](60/221) || training loss 5.063e-05 || training accuracy 100.00% || lr 0.0001
Epoch[40/50](80/221) || training loss 4.3e-05 || training accuracy 100.00% || lr 0.0001
Epoch[40/50](100/221) || training loss 0.0001263 || training accuracy 100.00% || lr 0.0001
Epoch[40/50](120/221) || training loss 8.206e-05 || training accuracy 100.00% || lr 0.0001
Epoch[40/50](140/221) || training loss 0.0002227 || training accuracy 100.00% || lr 0.0001
Epoch[40/50](160/221) || training loss 4.007e-05 || training accuracy 100.00% || lr 0.0001
Epoch[40/50](180/221) || training loss 0.0001244 || training accuracy 100.00% || lr 0.0001
Epoch[40/50](200/221) || training loss 4.118e-05 || training accuracy 100.00% || lr 0.0001
Epoch[40/50](220/221) || training loss 3.57e-05 || training accuracy 100.00% || lr 0.0001
Calculating validation results...
[Val] acc : 80.76%, loss:  0.5 || best acc : 80.83%, best loss: 0.42

Epoch[41/50](20/221) || training loss 3.927e-05 || training accuracy 100.00% || lr 1e-05
Epoch[41/50](40/221) || training loss 0.0001097 || training accuracy 100.00% || lr 1e-05
Epoch[41/50](60/221) || training loss 9.968e-05 || training accuracy 100.00% || lr 1e-05
Epoch[41/50](80/221) || training loss 2.533e-05 || training accuracy 100.00% || lr 1e-05
Epoch[41/50](100/221) || training loss 7.22e-05 || training accuracy 100.00% || lr 1e-05
Epoch[41/50](120/221) || training loss 8.757e-05 || training accuracy 100.00% || lr 1e-05
Epoch[41/50](140/221) || training loss 5.729e-05 || training accuracy 100.00% || lr 1e-05
Epoch[41/50](160/221) || training loss 4.668e-05 || training accuracy 100.00% || lr 1e-05
Epoch[41/50](180/221) || training loss 4.698e-05 || training accuracy 100.00% || lr 1e-05
Epoch[41/50](200/221) || training loss 3.688e-05 || training accuracy 100.00% || lr 1e-05
Epoch[41/50](220/221) || training loss 8.818e-05 || training accuracy 100.00% || lr 1e-05
Calculating validation results...
New best model for val accuracy : 80.91%! saving the best model..
[Val] acc : 80.91%, loss: 0.48 || best acc : 80.91%, best loss: 0.42

Epoch[42/50](20/221) || training loss 4.19e-05 || training accuracy 100.00% || lr 1e-05
Epoch[42/50](40/221) || training loss 3.994e-05 || training accuracy 100.00% || lr 1e-05
Epoch[42/50](60/221) || training loss 8.526e-05 || training accuracy 100.00% || lr 1e-05
Epoch[42/50](80/221) || training loss 7.259e-05 || training accuracy 100.00% || lr 1e-05
Epoch[42/50](100/221) || training loss 4.643e-05 || training accuracy 100.00% || lr 1e-05
Epoch[42/50](120/221) || training loss 5.395e-05 || training accuracy 100.00% || lr 1e-05
Epoch[42/50](140/221) || training loss 0.0002016 || training accuracy 100.00% || lr 1e-05
Epoch[42/50](160/221) || training loss 0.00011 || training accuracy 100.00% || lr 1e-05
Epoch[42/50](180/221) || training loss 9.718e-05 || training accuracy 100.00% || lr 1e-05
Epoch[42/50](200/221) || training loss 9.548e-05 || training accuracy 100.00% || lr 1e-05
Epoch[42/50](220/221) || training loss 9.197e-05 || training accuracy 100.00% || lr 1e-05
Calculating validation results...
[Val] acc : 80.91%, loss:  0.5 || best acc : 80.91%, best loss: 0.42

Epoch[43/50](20/221) || training loss 5.863e-05 || training accuracy 100.00% || lr 1e-05
Epoch[43/50](40/221) || training loss 3.503e-05 || training accuracy 100.00% || lr 1e-05
Epoch[43/50](60/221) || training loss 4.443e-05 || training accuracy 100.00% || lr 1e-05
Epoch[43/50](80/221) || training loss 4.648e-05 || training accuracy 100.00% || lr 1e-05
Epoch[43/50](100/221) || training loss 0.001078 || training accuracy 99.92% || lr 1e-05
Epoch[43/50](120/221) || training loss 7.592e-05 || training accuracy 100.00% || lr 1e-05
Epoch[43/50](140/221) || training loss 4.22e-05 || training accuracy 100.00% || lr 1e-05
Epoch[43/50](160/221) || training loss 5.751e-05 || training accuracy 100.00% || lr 1e-05
Epoch[43/50](180/221) || training loss 4.78e-05 || training accuracy 100.00% || lr 1e-05
Epoch[43/50](200/221) || training loss 5.064e-05 || training accuracy 100.00% || lr 1e-05
Epoch[43/50](220/221) || training loss 3.856e-05 || training accuracy 100.00% || lr 1e-05
Calculating validation results...
[Val] acc : 80.72%, loss: 0.51 || best acc : 80.91%, best loss: 0.42

Epoch[44/50](20/221) || training loss 0.0001831 || training accuracy 100.00% || lr 1e-05
Epoch[44/50](40/221) || training loss 6.342e-05 || training accuracy 100.00% || lr 1e-05
Epoch[44/50](60/221) || training loss 0.0001037 || training accuracy 100.00% || lr 1e-05
Epoch[44/50](80/221) || training loss 9.558e-05 || training accuracy 100.00% || lr 1e-05
Epoch[44/50](100/221) || training loss 4.366e-05 || training accuracy 100.00% || lr 1e-05
Epoch[44/50](120/221) || training loss 0.000121 || training accuracy 100.00% || lr 1e-05
Epoch[44/50](140/221) || training loss 6.496e-05 || training accuracy 100.00% || lr 1e-05
Epoch[44/50](160/221) || training loss 8.313e-05 || training accuracy 100.00% || lr 1e-05
Epoch[44/50](180/221) || training loss 0.0001233 || training accuracy 100.00% || lr 1e-05
Epoch[44/50](200/221) || training loss 4.341e-05 || training accuracy 100.00% || lr 1e-05
Epoch[44/50](220/221) || training loss 8.424e-05 || training accuracy 100.00% || lr 1e-05
Calculating validation results...
New best model for val accuracy : 80.97%! saving the best model..
[Val] acc : 80.97%, loss: 0.49 || best acc : 80.97%, best loss: 0.42

Epoch[45/50](20/221) || training loss 8.12e-05 || training accuracy 100.00% || lr 1e-05
Epoch[45/50](40/221) || training loss 5.756e-05 || training accuracy 100.00% || lr 1e-05
Epoch[45/50](60/221) || training loss 7.946e-05 || training accuracy 100.00% || lr 1e-05
Epoch[45/50](80/221) || training loss 7.226e-05 || training accuracy 100.00% || lr 1e-05
Epoch[45/50](100/221) || training loss 6.446e-05 || training accuracy 100.00% || lr 1e-05
Epoch[45/50](120/221) || training loss 6.522e-05 || training accuracy 100.00% || lr 1e-05
Epoch[45/50](140/221) || training loss 5.537e-05 || training accuracy 100.00% || lr 1e-05
Epoch[45/50](160/221) || training loss 7.689e-05 || training accuracy 100.00% || lr 1e-05
Epoch[45/50](180/221) || training loss 2.374e-05 || training accuracy 100.00% || lr 1e-05
Epoch[45/50](200/221) || training loss 5.515e-05 || training accuracy 100.00% || lr 1e-05
Epoch[45/50](220/221) || training loss 9.045e-05 || training accuracy 100.00% || lr 1e-05
Calculating validation results...
New best model for val accuracy : 81.04%! saving the best model..
[Val] acc : 81.04%, loss:  0.5 || best acc : 81.04%, best loss: 0.42

Epoch[46/50](20/221) || training loss 0.0001459 || training accuracy 100.00% || lr 1e-05
Epoch[46/50](40/221) || training loss 4.871e-05 || training accuracy 100.00% || lr 1e-05
Epoch[46/50](60/221) || training loss 0.0003982 || training accuracy 99.92% || lr 1e-05
Epoch[46/50](80/221) || training loss 5.804e-05 || training accuracy 100.00% || lr 1e-05
Epoch[46/50](100/221) || training loss 5.645e-05 || training accuracy 100.00% || lr 1e-05
Epoch[46/50](120/221) || training loss 0.0001712 || training accuracy 100.00% || lr 1e-05
Epoch[46/50](140/221) || training loss 0.0001585 || training accuracy 100.00% || lr 1e-05
Epoch[46/50](160/221) || training loss 6.175e-05 || training accuracy 100.00% || lr 1e-05
Epoch[46/50](180/221) || training loss 3.168e-05 || training accuracy 100.00% || lr 1e-05
Epoch[46/50](200/221) || training loss 6.338e-05 || training accuracy 100.00% || lr 1e-05
Epoch[46/50](220/221) || training loss 5.26e-05 || training accuracy 100.00% || lr 1e-05
Calculating validation results...
[Val] acc : 80.83%, loss: 0.49 || best acc : 81.04%, best loss: 0.42

Epoch[47/50](20/221) || training loss 3.647e-05 || training accuracy 100.00% || lr 1e-05
Epoch[47/50](40/221) || training loss 5.013e-05 || training accuracy 100.00% || lr 1e-05
Epoch[47/50](60/221) || training loss 5.075e-05 || training accuracy 100.00% || lr 1e-05
Epoch[47/50](80/221) || training loss 5.648e-05 || training accuracy 100.00% || lr 1e-05
Epoch[47/50](100/221) || training loss 6.856e-05 || training accuracy 100.00% || lr 1e-05
Epoch[47/50](120/221) || training loss 0.0001351 || training accuracy 100.00% || lr 1e-05
Epoch[47/50](140/221) || training loss 3.982e-05 || training accuracy 100.00% || lr 1e-05
Epoch[47/50](160/221) || training loss 7.778e-05 || training accuracy 100.00% || lr 1e-05
Epoch[47/50](180/221) || training loss 9.264e-05 || training accuracy 100.00% || lr 1e-05
Epoch[47/50](200/221) || training loss 0.0001014 || training accuracy 100.00% || lr 1e-05
Epoch[47/50](220/221) || training loss 0.0002548 || training accuracy 99.92% || lr 1e-05
Calculating validation results...
[Val] acc : 80.83%, loss: 0.49 || best acc : 81.04%, best loss: 0.42

Epoch[48/50](20/221) || training loss 7.913e-05 || training accuracy 100.00% || lr 1e-05
Epoch[48/50](40/221) || training loss 0.0001462 || training accuracy 100.00% || lr 1e-05
Epoch[48/50](60/221) || training loss 7.981e-05 || training accuracy 100.00% || lr 1e-05
Epoch[48/50](80/221) || training loss 5.382e-05 || training accuracy 100.00% || lr 1e-05
Epoch[48/50](100/221) || training loss 3.246e-05 || training accuracy 100.00% || lr 1e-05
Epoch[48/50](120/221) || training loss 4.533e-05 || training accuracy 100.00% || lr 1e-05
Epoch[48/50](140/221) || training loss 5.436e-05 || training accuracy 100.00% || lr 1e-05
Epoch[48/50](160/221) || training loss 4.673e-05 || training accuracy 100.00% || lr 1e-05
Epoch[48/50](180/221) || training loss 4.85e-05 || training accuracy 100.00% || lr 1e-05
Epoch[48/50](200/221) || training loss 3.156e-05 || training accuracy 100.00% || lr 1e-05
Epoch[48/50](220/221) || training loss 6.082e-05 || training accuracy 100.00% || lr 1e-05
Calculating validation results...
[Val] acc : 80.91%, loss: 0.49 || best acc : 81.04%, best loss: 0.42

Epoch[49/50](20/221) || training loss 4.574e-05 || training accuracy 100.00% || lr 1e-05
Epoch[49/50](40/221) || training loss 2.496e-05 || training accuracy 100.00% || lr 1e-05
Epoch[49/50](60/221) || training loss 9.373e-05 || training accuracy 100.00% || lr 1e-05
Epoch[49/50](80/221) || training loss 7.886e-05 || training accuracy 100.00% || lr 1e-05
Epoch[49/50](100/221) || training loss 5.394e-05 || training accuracy 100.00% || lr 1e-05
Epoch[49/50](120/221) || training loss 5.078e-05 || training accuracy 100.00% || lr 1e-05
Epoch[49/50](140/221) || training loss 6.536e-05 || training accuracy 100.00% || lr 1e-05
Epoch[49/50](160/221) || training loss 7.721e-05 || training accuracy 100.00% || lr 1e-05
Epoch[49/50](180/221) || training loss 7.116e-05 || training accuracy 100.00% || lr 1e-05
Epoch[49/50](200/221) || training loss 0.0005611 || training accuracy 99.92% || lr 1e-05
Epoch[49/50](220/221) || training loss 4.145e-05 || training accuracy 100.00% || lr 1e-05
Calculating validation results...
[Val] acc : 80.85%, loss: 0.48 || best acc : 81.04%, best loss: 0.42

