Namespace(augmentation='CustomAugmentation', batch_size=64, criterion='focal', data_dir='/opt/ml/input/data/train/images', dataset='MaskSplitByProfileDataset', epochs=60, log_interval=20, lr=0.0005, lr_decay_step=20, model='ResNet', model_dir='./model', name='exp_aug_v8', optimizer='SGD', resize=[224, 224], seed=42, val_ratio=0.2, valid_batch_size=64)
Epoch[0/60](20/221) || training loss 2.457 || training accuracy 11.95% || lr 0.0005
Epoch[0/60](40/221) || training loss 2.204 || training accuracy 17.89% || lr 0.0005
Epoch[0/60](60/221) || training loss 2.09 || training accuracy 20.55% || lr 0.0005
Epoch[0/60](80/221) || training loss 2.157 || training accuracy 19.69% || lr 0.0005
Epoch[0/60](100/221) || training loss 2.128 || training accuracy 21.02% || lr 0.0005
Epoch[0/60](120/221) || training loss 1.884 || training accuracy 27.66% || lr 0.0005
Epoch[0/60](140/221) || training loss 1.831 || training accuracy 29.77% || lr 0.0005
Epoch[0/60](160/221) || training loss 1.746 || training accuracy 32.42% || lr 0.0005
Epoch[0/60](180/221) || training loss 1.52 || training accuracy 36.80% || lr 0.0005
Epoch[0/60](200/221) || training loss 1.463 || training accuracy 37.11% || lr 0.0005
Epoch[0/60](220/221) || training loss 1.324 || training accuracy 39.77% || lr 0.0005
Calculating validation results...
/opt/ml/level1_imageclassification_cv-level1-cv-07/utils.py:58: UserWarning: This overload of addcmul_ is deprecated:
	addcmul_(Number value, Tensor tensor1, Tensor tensor2)
Consider using one of the following signatures instead:
	addcmul_(Tensor tensor1, Tensor tensor2, *, Number value) (Triggered internally at  ../torch/csrc/utils/python_arg_parser.cpp:1174.)
  exp_avg_sq.mul_(beta2).addcmul_(1 - beta2, grad, grad)
New best model for val accuracy : 36.55%! saving the best model..
[Val] acc : 36.55%, loss:  1.4 || best acc : 36.55%, best loss:  1.4

Epoch[1/60](20/221) || training loss 1.315 || training accuracy 40.62% || lr 0.0005
Epoch[1/60](40/221) || training loss 1.185 || training accuracy 43.91% || lr 0.0005
Epoch[1/60](60/221) || training loss 1.115 || training accuracy 47.03% || lr 0.0005
Epoch[1/60](80/221) || training loss 0.9554 || training accuracy 50.70% || lr 0.0005
Epoch[1/60](100/221) || training loss 0.9577 || training accuracy 50.39% || lr 0.0005
Epoch[1/60](120/221) || training loss 0.8252 || training accuracy 57.03% || lr 0.0005
Epoch[1/60](140/221) || training loss 0.8017 || training accuracy 55.86% || lr 0.0005
Epoch[1/60](160/221) || training loss 0.8277 || training accuracy 56.09% || lr 0.0005
Epoch[1/60](180/221) || training loss 0.6999 || training accuracy 58.98% || lr 0.0005
Epoch[1/60](200/221) || training loss 0.6747 || training accuracy 61.33% || lr 0.0005
Epoch[1/60](220/221) || training loss 0.6706 || training accuracy 60.70% || lr 0.0005
Calculating validation results...
New best model for val accuracy : 53.35%! saving the best model..
[Val] acc : 53.35%, loss:  1.0 || best acc : 53.35%, best loss:  1.0

Epoch[2/60](20/221) || training loss 0.6371 || training accuracy 62.81% || lr 0.0005
Epoch[2/60](40/221) || training loss 0.5996 || training accuracy 62.89% || lr 0.0005
Epoch[2/60](60/221) || training loss 0.6239 || training accuracy 62.58% || lr 0.0005
Epoch[2/60](80/221) || training loss 0.5687 || training accuracy 63.83% || lr 0.0005
Epoch[2/60](100/221) || training loss 0.5759 || training accuracy 63.05% || lr 0.0005
Epoch[2/60](120/221) || training loss 0.5338 || training accuracy 64.30% || lr 0.0005
Epoch[2/60](140/221) || training loss 0.5595 || training accuracy 63.75% || lr 0.0005
Epoch[2/60](160/221) || training loss 0.5702 || training accuracy 63.91% || lr 0.0005
Epoch[2/60](180/221) || training loss 0.5508 || training accuracy 64.45% || lr 0.0005
Epoch[2/60](200/221) || training loss 0.544 || training accuracy 65.31% || lr 0.0005
Epoch[2/60](220/221) || training loss 0.5055 || training accuracy 63.12% || lr 0.0005
Calculating validation results...
New best model for val accuracy : 62.71%! saving the best model..
[Val] acc : 62.71%, loss: 0.62 || best acc : 62.71%, best loss: 0.62

Epoch[3/60](20/221) || training loss 0.436 || training accuracy 69.38% || lr 0.0005
Epoch[3/60](40/221) || training loss 0.4622 || training accuracy 69.30% || lr 0.0005
Epoch[3/60](60/221) || training loss 0.3899 || training accuracy 72.50% || lr 0.0005
Epoch[3/60](80/221) || training loss 0.3974 || training accuracy 69.06% || lr 0.0005
Epoch[3/60](100/221) || training loss 0.4432 || training accuracy 68.05% || lr 0.0005
Epoch[3/60](120/221) || training loss 0.4557 || training accuracy 68.12% || lr 0.0005
Epoch[3/60](140/221) || training loss 0.403 || training accuracy 69.92% || lr 0.0005
Epoch[3/60](160/221) || training loss 0.3903 || training accuracy 70.62% || lr 0.0005
Epoch[3/60](180/221) || training loss 0.4231 || training accuracy 70.23% || lr 0.0005
Epoch[3/60](200/221) || training loss 0.4335 || training accuracy 70.16% || lr 0.0005
Epoch[3/60](220/221) || training loss 0.3817 || training accuracy 70.70% || lr 0.0005
Calculating validation results...
New best model for val accuracy : 68.28%! saving the best model..
[Val] acc : 68.28%, loss: 0.49 || best acc : 68.28%, best loss: 0.49

Epoch[4/60](20/221) || training loss 0.3257 || training accuracy 73.98% || lr 0.0005
Epoch[4/60](40/221) || training loss 0.3159 || training accuracy 75.23% || lr 0.0005
Epoch[4/60](60/221) || training loss 0.3512 || training accuracy 72.50% || lr 0.0005
Epoch[4/60](80/221) || training loss 0.3406 || training accuracy 73.28% || lr 0.0005
Epoch[4/60](100/221) || training loss 0.3407 || training accuracy 73.28% || lr 0.0005
Epoch[4/60](120/221) || training loss 0.3596 || training accuracy 74.14% || lr 0.0005
Epoch[4/60](140/221) || training loss 0.324 || training accuracy 73.91% || lr 0.0005
Epoch[4/60](160/221) || training loss 0.2956 || training accuracy 76.56% || lr 0.0005
Epoch[4/60](180/221) || training loss 0.2825 || training accuracy 76.02% || lr 0.0005
Epoch[4/60](200/221) || training loss 0.3148 || training accuracy 73.98% || lr 0.0005
Epoch[4/60](220/221) || training loss 0.3501 || training accuracy 73.75% || lr 0.0005
Calculating validation results...
[Val] acc : 68.17%, loss: 0.51 || best acc : 68.28%, best loss: 0.49

Epoch[5/60](20/221) || training loss 0.2851 || training accuracy 75.23% || lr 0.0005
Epoch[5/60](40/221) || training loss 0.3156 || training accuracy 74.53% || lr 0.0005
Epoch[5/60](60/221) || training loss 0.2766 || training accuracy 77.50% || lr 0.0005
Epoch[5/60](80/221) || training loss 0.2334 || training accuracy 78.91% || lr 0.0005
Epoch[5/60](100/221) || training loss 0.2578 || training accuracy 76.88% || lr 0.0005
Epoch[5/60](120/221) || training loss 0.2807 || training accuracy 75.00% || lr 0.0005
Epoch[5/60](140/221) || training loss 0.3176 || training accuracy 74.38% || lr 0.0005
Epoch[5/60](160/221) || training loss 0.2974 || training accuracy 75.55% || lr 0.0005
Epoch[5/60](180/221) || training loss 0.2581 || training accuracy 77.42% || lr 0.0005
Epoch[5/60](200/221) || training loss 0.2602 || training accuracy 76.33% || lr 0.0005
Epoch[5/60](220/221) || training loss 0.2639 || training accuracy 79.14% || lr 0.0005
Calculating validation results...
New best model for val accuracy : 71.77%! saving the best model..
[Val] acc : 71.77%, loss: 0.47 || best acc : 71.77%, best loss: 0.47

Epoch[6/60](20/221) || training loss 0.2041 || training accuracy 82.11% || lr 0.0005
Epoch[6/60](40/221) || training loss 0.22 || training accuracy 79.84% || lr 0.0005
Epoch[6/60](60/221) || training loss 0.2019 || training accuracy 81.48% || lr 0.0005
Epoch[6/60](80/221) || training loss 0.2179 || training accuracy 77.73% || lr 0.0005
Epoch[6/60](100/221) || training loss 0.2621 || training accuracy 75.47% || lr 0.0005
Epoch[6/60](120/221) || training loss 0.2781 || training accuracy 73.75% || lr 0.0005
Epoch[6/60](140/221) || training loss 0.226 || training accuracy 80.62% || lr 0.0005
Epoch[6/60](160/221) || training loss 0.2646 || training accuracy 76.80% || lr 0.0005
Epoch[6/60](180/221) || training loss 0.2334 || training accuracy 77.19% || lr 0.0005
Epoch[6/60](200/221) || training loss 0.2328 || training accuracy 78.12% || lr 0.0005
Epoch[6/60](220/221) || training loss 0.2181 || training accuracy 82.58% || lr 0.0005
Calculating validation results...
New best model for val accuracy : 73.27%! saving the best model..
[Val] acc : 73.27%, loss: 0.39 || best acc : 73.27%, best loss: 0.39

Epoch[7/60](20/221) || training loss 0.2238 || training accuracy 79.22% || lr 0.0005
Epoch[7/60](40/221) || training loss 0.2101 || training accuracy 81.48% || lr 0.0005
Epoch[7/60](60/221) || training loss 0.1954 || training accuracy 82.58% || lr 0.0005
Epoch[7/60](80/221) || training loss 0.2169 || training accuracy 81.09% || lr 0.0005
Epoch[7/60](100/221) || training loss 0.2384 || training accuracy 80.47% || lr 0.0005
Epoch[7/60](120/221) || training loss 0.2888 || training accuracy 77.03% || lr 0.0005
Epoch[7/60](140/221) || training loss 0.2281 || training accuracy 79.84% || lr 0.0005
Epoch[7/60](160/221) || training loss 0.2306 || training accuracy 80.00% || lr 0.0005
Epoch[7/60](180/221) || training loss 0.2064 || training accuracy 80.94% || lr 0.0005
Epoch[7/60](200/221) || training loss 0.204 || training accuracy 81.80% || lr 0.0005
Epoch[7/60](220/221) || training loss 0.1673 || training accuracy 81.95% || lr 0.0005
Calculating validation results...
New best model for val accuracy : 74.03%! saving the best model..
[Val] acc : 74.03%, loss: 0.37 || best acc : 74.03%, best loss: 0.37

Epoch[8/60](20/221) || training loss 0.1687 || training accuracy 82.97% || lr 0.0005
Epoch[8/60](40/221) || training loss 0.1479 || training accuracy 85.31% || lr 0.0005
Epoch[8/60](60/221) || training loss 0.211 || training accuracy 80.47% || lr 0.0005
Epoch[8/60](80/221) || training loss 0.1817 || training accuracy 82.58% || lr 0.0005
Epoch[8/60](100/221) || training loss 0.196 || training accuracy 81.64% || lr 0.0005
Epoch[8/60](120/221) || training loss 0.1777 || training accuracy 83.59% || lr 0.0005
Epoch[8/60](140/221) || training loss 0.1723 || training accuracy 82.97% || lr 0.0005
Epoch[8/60](160/221) || training loss 0.1823 || training accuracy 82.34% || lr 0.0005
Epoch[8/60](180/221) || training loss 0.1641 || training accuracy 84.45% || lr 0.0005
Epoch[8/60](200/221) || training loss 0.1855 || training accuracy 82.73% || lr 0.0005
Epoch[8/60](220/221) || training loss 0.1818 || training accuracy 81.95% || lr 0.0005
Calculating validation results...
[Val] acc : 71.89%, loss:  0.4 || best acc : 74.03%, best loss: 0.37

Epoch[9/60](20/221) || training loss 0.1427 || training accuracy 86.02% || lr 0.0005
Epoch[9/60](40/221) || training loss 0.1448 || training accuracy 85.23% || lr 0.0005
Epoch[9/60](60/221) || training loss 0.1217 || training accuracy 85.78% || lr 0.0005
Epoch[9/60](80/221) || training loss 0.1756 || training accuracy 83.83% || lr 0.0005
Epoch[9/60](100/221) || training loss 0.2103 || training accuracy 80.62% || lr 0.0005
Epoch[9/60](120/221) || training loss 0.1678 || training accuracy 83.28% || lr 0.0005
Epoch[9/60](140/221) || training loss 0.1573 || training accuracy 85.31% || lr 0.0005
Epoch[9/60](160/221) || training loss 0.1783 || training accuracy 82.66% || lr 0.0005
Epoch[9/60](180/221) || training loss 0.2047 || training accuracy 81.09% || lr 0.0005
Epoch[9/60](200/221) || training loss 0.1968 || training accuracy 79.84% || lr 0.0005
Epoch[9/60](220/221) || training loss 0.1654 || training accuracy 83.44% || lr 0.0005
Calculating validation results...
New best model for val accuracy : 74.67%! saving the best model..
[Val] acc : 74.67%, loss: 0.37 || best acc : 74.67%, best loss: 0.37

Epoch[10/60](20/221) || training loss 0.1262 || training accuracy 86.33% || lr 0.0005
Epoch[10/60](40/221) || training loss 0.1348 || training accuracy 86.33% || lr 0.0005
Epoch[10/60](60/221) || training loss 0.1354 || training accuracy 85.08% || lr 0.0005
Epoch[10/60](80/221) || training loss 0.1735 || training accuracy 84.61% || lr 0.0005
Epoch[10/60](100/221) || training loss 0.152 || training accuracy 83.83% || lr 0.0005
Epoch[10/60](120/221) || training loss 0.1619 || training accuracy 84.61% || lr 0.0005
Epoch[10/60](140/221) || training loss 0.1582 || training accuracy 83.12% || lr 0.0005
Epoch[10/60](160/221) || training loss 0.1529 || training accuracy 84.77% || lr 0.0005
Epoch[10/60](180/221) || training loss 0.1699 || training accuracy 84.06% || lr 0.0005
Epoch[10/60](200/221) || training loss 0.1558 || training accuracy 84.30% || lr 0.0005
Epoch[10/60](220/221) || training loss 0.161 || training accuracy 84.45% || lr 0.0005
Calculating validation results...
[Val] acc : 62.88%, loss: 0.48 || best acc : 74.67%, best loss: 0.37

Epoch[11/60](20/221) || training loss 0.1615 || training accuracy 84.22% || lr 0.0005
Epoch[11/60](40/221) || training loss 0.1303 || training accuracy 85.62% || lr 0.0005
Epoch[11/60](60/221) || training loss 0.1311 || training accuracy 87.19% || lr 0.0005
Epoch[11/60](80/221) || training loss 0.1235 || training accuracy 85.86% || lr 0.0005
Epoch[11/60](100/221) || training loss 0.1645 || training accuracy 84.45% || lr 0.0005
Epoch[11/60](120/221) || training loss 0.1776 || training accuracy 83.83% || lr 0.0005
Epoch[11/60](140/221) || training loss 0.1404 || training accuracy 85.31% || lr 0.0005
Epoch[11/60](160/221) || training loss 0.1514 || training accuracy 83.91% || lr 0.0005
Epoch[11/60](180/221) || training loss 0.1294 || training accuracy 85.94% || lr 0.0005
Epoch[11/60](200/221) || training loss 0.1207 || training accuracy 87.11% || lr 0.0005
Epoch[11/60](220/221) || training loss 0.1539 || training accuracy 85.00% || lr 0.0005
Calculating validation results...
New best model for val accuracy : 75.28%! saving the best model..
[Val] acc : 75.28%, loss: 0.35 || best acc : 75.28%, best loss: 0.35

Epoch[12/60](20/221) || training loss 0.1306 || training accuracy 87.19% || lr 0.0005
Epoch[12/60](40/221) || training loss 0.1126 || training accuracy 87.50% || lr 0.0005
Epoch[12/60](60/221) || training loss 0.1319 || training accuracy 88.52% || lr 0.0005
Epoch[12/60](80/221) || training loss 0.1401 || training accuracy 86.41% || lr 0.0005
Epoch[12/60](100/221) || training loss 0.1251 || training accuracy 85.86% || lr 0.0005
Epoch[12/60](120/221) || training loss 0.1687 || training accuracy 85.31% || lr 0.0005
Epoch[12/60](140/221) || training loss 0.1447 || training accuracy 85.47% || lr 0.0005
Epoch[12/60](160/221) || training loss 0.1647 || training accuracy 84.69% || lr 0.0005
Epoch[12/60](180/221) || training loss 0.1464 || training accuracy 83.98% || lr 0.0005
Epoch[12/60](200/221) || training loss 0.1481 || training accuracy 86.09% || lr 0.0005
Epoch[12/60](220/221) || training loss 0.1211 || training accuracy 85.23% || lr 0.0005
Calculating validation results...
[Val] acc : 71.70%, loss: 0.49 || best acc : 75.28%, best loss: 0.35

Epoch[13/60](20/221) || training loss 0.118 || training accuracy 87.34% || lr 0.0005
Epoch[13/60](40/221) || training loss 0.1069 || training accuracy 87.66% || lr 0.0005
Epoch[13/60](60/221) || training loss 0.1452 || training accuracy 86.80% || lr 0.0005
Epoch[13/60](80/221) || training loss 0.1284 || training accuracy 86.95% || lr 0.0005
Epoch[13/60](100/221) || training loss 0.124 || training accuracy 85.62% || lr 0.0005
Epoch[13/60](120/221) || training loss 0.1442 || training accuracy 86.41% || lr 0.0005
Epoch[13/60](140/221) || training loss 0.143 || training accuracy 85.86% || lr 0.0005
Epoch[13/60](160/221) || training loss 0.14 || training accuracy 85.70% || lr 0.0005
Epoch[13/60](180/221) || training loss 0.1272 || training accuracy 86.72% || lr 0.0005
Epoch[13/60](200/221) || training loss 0.1445 || training accuracy 85.55% || lr 0.0005
Epoch[13/60](220/221) || training loss 0.136 || training accuracy 87.03% || lr 0.0005
Calculating validation results...
[Val] acc : 75.09%, loss: 0.32 || best acc : 75.28%, best loss: 0.32

Epoch[14/60](20/221) || training loss 0.1199 || training accuracy 88.98% || lr 0.0005
Epoch[14/60](40/221) || training loss 0.1377 || training accuracy 85.31% || lr 0.0005
Epoch[14/60](60/221) || training loss 0.1425 || training accuracy 85.55% || lr 0.0005
Epoch[14/60](80/221) || training loss 0.1392 || training accuracy 86.02% || lr 0.0005
Epoch[14/60](100/221) || training loss 0.1166 || training accuracy 88.12% || lr 0.0005
Epoch[14/60](120/221) || training loss 0.09693 || training accuracy 89.61% || lr 0.0005
Epoch[14/60](140/221) || training loss 0.1263 || training accuracy 87.11% || lr 0.0005
Epoch[14/60](160/221) || training loss 0.1368 || training accuracy 85.39% || lr 0.0005
Epoch[14/60](180/221) || training loss 0.1085 || training accuracy 88.12% || lr 0.0005
Epoch[14/60](200/221) || training loss 0.1028 || training accuracy 87.42% || lr 0.0005
Epoch[14/60](220/221) || training loss 0.1232 || training accuracy 87.58% || lr 0.0005
Calculating validation results...
[Val] acc : 71.30%, loss: 0.45 || best acc : 75.28%, best loss: 0.32

Epoch[15/60](20/221) || training loss 0.1181 || training accuracy 87.73% || lr 0.0005
Epoch[15/60](40/221) || training loss 0.1165 || training accuracy 87.81% || lr 0.0005
Epoch[15/60](60/221) || training loss 0.09531 || training accuracy 90.62% || lr 0.0005
Epoch[15/60](80/221) || training loss 0.1203 || training accuracy 87.50% || lr 0.0005
Epoch[15/60](100/221) || training loss 0.114 || training accuracy 87.19% || lr 0.0005
Epoch[15/60](120/221) || training loss 0.09755 || training accuracy 88.91% || lr 0.0005
Epoch[15/60](140/221) || training loss 0.1045 || training accuracy 87.50% || lr 0.0005
Epoch[15/60](160/221) || training loss 0.1154 || training accuracy 88.36% || lr 0.0005
Epoch[15/60](180/221) || training loss 0.09108 || training accuracy 89.22% || lr 0.0005
Epoch[15/60](200/221) || training loss 0.123 || training accuracy 88.59% || lr 0.0005
Epoch[15/60](220/221) || training loss 0.1178 || training accuracy 88.75% || lr 0.0005
Calculating validation results...
[Val] acc : 73.50%, loss: 0.41 || best acc : 75.28%, best loss: 0.32

Epoch[16/60](20/221) || training loss 0.1009 || training accuracy 89.77% || lr 0.0005
Epoch[16/60](40/221) || training loss 0.08768 || training accuracy 90.70% || lr 0.0005
Epoch[16/60](60/221) || training loss 0.08031 || training accuracy 90.62% || lr 0.0005
Epoch[16/60](80/221) || training loss 0.09528 || training accuracy 90.94% || lr 0.0005
Epoch[16/60](100/221) || training loss 0.09447 || training accuracy 89.45% || lr 0.0005
Epoch[16/60](120/221) || training loss 0.1177 || training accuracy 88.52% || lr 0.0005
Epoch[16/60](140/221) || training loss 0.1251 || training accuracy 86.72% || lr 0.0005
Epoch[16/60](160/221) || training loss 0.1095 || training accuracy 88.12% || lr 0.0005
Epoch[16/60](180/221) || training loss 0.1413 || training accuracy 86.17% || lr 0.0005
Epoch[16/60](200/221) || training loss 0.1277 || training accuracy 86.56% || lr 0.0005
Epoch[16/60](220/221) || training loss 0.1428 || training accuracy 86.88% || lr 0.0005
Calculating validation results...
[Val] acc : 70.18%, loss: 0.58 || best acc : 75.28%, best loss: 0.32

Epoch[17/60](20/221) || training loss 0.1451 || training accuracy 85.78% || lr 0.0005
Epoch[17/60](40/221) || training loss 0.1131 || training accuracy 88.67% || lr 0.0005
Epoch[17/60](60/221) || training loss 0.1069 || training accuracy 87.50% || lr 0.0005
Epoch[17/60](80/221) || training loss 0.09379 || training accuracy 89.22% || lr 0.0005
Epoch[17/60](100/221) || training loss 0.08746 || training accuracy 90.78% || lr 0.0005
Epoch[17/60](120/221) || training loss 0.07194 || training accuracy 90.94% || lr 0.0005
Epoch[17/60](140/221) || training loss 0.07808 || training accuracy 91.88% || lr 0.0005
Epoch[17/60](160/221) || training loss 0.09003 || training accuracy 90.62% || lr 0.0005
Epoch[17/60](180/221) || training loss 0.1103 || training accuracy 88.12% || lr 0.0005
Epoch[17/60](200/221) || training loss 0.09701 || training accuracy 89.61% || lr 0.0005
Epoch[17/60](220/221) || training loss 0.08206 || training accuracy 90.47% || lr 0.0005
Calculating validation results...
[Val] acc : 74.71%, loss: 0.43 || best acc : 75.28%, best loss: 0.32

Epoch[18/60](20/221) || training loss 0.08848 || training accuracy 91.33% || lr 0.0005
Epoch[18/60](40/221) || training loss 0.09499 || training accuracy 90.16% || lr 0.0005
Epoch[18/60](60/221) || training loss 0.08696 || training accuracy 91.09% || lr 0.0005
Epoch[18/60](80/221) || training loss 0.1446 || training accuracy 86.80% || lr 0.0005
Epoch[18/60](100/221) || training loss 0.1404 || training accuracy 85.86% || lr 0.0005
Epoch[18/60](120/221) || training loss 0.0998 || training accuracy 89.38% || lr 0.0005
Epoch[18/60](140/221) || training loss 0.08839 || training accuracy 90.62% || lr 0.0005
Epoch[18/60](160/221) || training loss 0.1004 || training accuracy 88.67% || lr 0.0005
Epoch[18/60](180/221) || training loss 0.0915 || training accuracy 91.48% || lr 0.0005
Epoch[18/60](200/221) || training loss 0.1005 || training accuracy 89.77% || lr 0.0005
Epoch[18/60](220/221) || training loss 0.07988 || training accuracy 90.94% || lr 0.0005
Calculating validation results...
New best model for val accuracy : 76.66%! saving the best model..
[Val] acc : 76.66%, loss: 0.36 || best acc : 76.66%, best loss: 0.32

Epoch[19/60](20/221) || training loss 0.0594 || training accuracy 93.28% || lr 0.0005
Epoch[19/60](40/221) || training loss 0.08757 || training accuracy 91.64% || lr 0.0005
Epoch[19/60](60/221) || training loss 0.08856 || training accuracy 91.41% || lr 0.0005
Epoch[19/60](80/221) || training loss 0.09514 || training accuracy 89.30% || lr 0.0005
Epoch[19/60](100/221) || training loss 0.09267 || training accuracy 89.92% || lr 0.0005
Epoch[19/60](120/221) || training loss 0.1065 || training accuracy 88.67% || lr 0.0005
Epoch[19/60](140/221) || training loss 0.112 || training accuracy 88.75% || lr 0.0005
Epoch[19/60](160/221) || training loss 0.0943 || training accuracy 89.92% || lr 0.0005
Epoch[19/60](180/221) || training loss 0.1003 || training accuracy 90.08% || lr 0.0005
Epoch[19/60](200/221) || training loss 0.1085 || training accuracy 88.67% || lr 0.0005
Epoch[19/60](220/221) || training loss 0.08635 || training accuracy 90.70% || lr 0.0005
Calculating validation results...
[Val] acc : 65.21%, loss: 0.52 || best acc : 76.66%, best loss: 0.32

Epoch[20/60](20/221) || training loss 0.07502 || training accuracy 92.19% || lr 0.0005
Epoch[20/60](40/221) || training loss 0.07308 || training accuracy 92.73% || lr 0.0005
Epoch[20/60](60/221) || training loss 0.09184 || training accuracy 90.39% || lr 0.0005
Epoch[20/60](80/221) || training loss 0.1134 || training accuracy 88.91% || lr 0.0005
Epoch[20/60](100/221) || training loss 0.1175 || training accuracy 87.81% || lr 0.0005
Epoch[20/60](120/221) || training loss 0.1141 || training accuracy 88.98% || lr 0.0005
Epoch[20/60](140/221) || training loss 0.09076 || training accuracy 90.39% || lr 0.0005
Epoch[20/60](160/221) || training loss 0.07729 || training accuracy 91.02% || lr 0.0005
Epoch[20/60](180/221) || training loss 0.07439 || training accuracy 92.58% || lr 0.0005
Epoch[20/60](200/221) || training loss 0.06946 || training accuracy 91.33% || lr 0.0005
Epoch[20/60](220/221) || training loss 0.07561 || training accuracy 90.86% || lr 0.0005
Calculating validation results...
[Val] acc : 72.87%, loss: 0.45 || best acc : 76.66%, best loss: 0.32

Epoch[21/60](20/221) || training loss 0.06135 || training accuracy 93.20% || lr 0.0005
Epoch[21/60](40/221) || training loss 0.05609 || training accuracy 93.36% || lr 0.0005
Epoch[21/60](60/221) || training loss 0.07336 || training accuracy 91.95% || lr 0.0005
Epoch[21/60](80/221) || training loss 0.07513 || training accuracy 92.73% || lr 0.0005
Epoch[21/60](100/221) || training loss 0.0664 || training accuracy 92.34% || lr 0.0005
Epoch[21/60](120/221) || training loss 0.06495 || training accuracy 93.05% || lr 0.0005
Epoch[21/60](140/221) || training loss 0.1005 || training accuracy 90.39% || lr 0.0005
Epoch[21/60](160/221) || training loss 0.07752 || training accuracy 91.80% || lr 0.0005
Epoch[21/60](180/221) || training loss 0.08357 || training accuracy 91.88% || lr 0.0005
Epoch[21/60](200/221) || training loss 0.07204 || training accuracy 92.50% || lr 0.0005
Epoch[21/60](220/221) || training loss 0.08371 || training accuracy 91.64% || lr 0.0005
Calculating validation results...
[Val] acc : 70.65%, loss: 0.45 || best acc : 76.66%, best loss: 0.32

Epoch[22/60](20/221) || training loss 0.07975 || training accuracy 91.25% || lr 0.0005
Epoch[22/60](40/221) || training loss 0.07473 || training accuracy 91.56% || lr 0.0005
Epoch[22/60](60/221) || training loss 0.06884 || training accuracy 92.34% || lr 0.0005
Epoch[22/60](80/221) || training loss 0.08449 || training accuracy 92.03% || lr 0.0005
Epoch[22/60](100/221) || training loss 0.1352 || training accuracy 90.23% || lr 0.0005
Epoch[22/60](120/221) || training loss 0.1863 || training accuracy 85.55% || lr 0.0005
Epoch[22/60](140/221) || training loss 0.1514 || training accuracy 86.48% || lr 0.0005
Epoch[22/60](160/221) || training loss 0.1589 || training accuracy 85.08% || lr 0.0005
Epoch[22/60](180/221) || training loss 0.1353 || training accuracy 87.89% || lr 0.0005
Epoch[22/60](200/221) || training loss 0.1169 || training accuracy 87.50% || lr 0.0005
Epoch[22/60](220/221) || training loss 0.1222 || training accuracy 88.83% || lr 0.0005
Calculating validation results...
[Val] acc : 71.53%, loss: 0.48 || best acc : 76.66%, best loss: 0.32

Epoch[23/60](20/221) || training loss 0.1037 || training accuracy 90.62% || lr 0.0005
Epoch[23/60](40/221) || training loss 0.09577 || training accuracy 88.83% || lr 0.0005
Epoch[23/60](60/221) || training loss 0.08815 || training accuracy 91.25% || lr 0.0005
Epoch[23/60](80/221) || training loss 0.06861 || training accuracy 91.80% || lr 0.0005
Epoch[23/60](100/221) || training loss 0.07613 || training accuracy 91.95% || lr 0.0005
Epoch[23/60](120/221) || training loss 0.08805 || training accuracy 89.45% || lr 0.0005
Epoch[23/60](140/221) || training loss 0.08554 || training accuracy 90.16% || lr 0.0005
Epoch[23/60](160/221) || training loss 0.06706 || training accuracy 92.34% || lr 0.0005
Epoch[23/60](180/221) || training loss 0.08663 || training accuracy 91.02% || lr 0.0005
Epoch[23/60](200/221) || training loss 0.07745 || training accuracy 91.09% || lr 0.0005
Epoch[23/60](220/221) || training loss 0.07151 || training accuracy 92.66% || lr 0.0005
Calculating validation results...
[Val] acc : 75.20%, loss: 0.38 || best acc : 76.66%, best loss: 0.32

Epoch[24/60](20/221) || training loss 0.06626 || training accuracy 91.95% || lr 0.0005
Epoch[24/60](40/221) || training loss 0.05803 || training accuracy 92.89% || lr 0.0005
Epoch[24/60](60/221) || training loss 0.06197 || training accuracy 93.52% || lr 0.0005
Epoch[24/60](80/221) || training loss 0.06784 || training accuracy 92.03% || lr 0.0005
Epoch[24/60](100/221) || training loss 0.0611 || training accuracy 92.34% || lr 0.0005
Epoch[24/60](120/221) || training loss 0.06714 || training accuracy 93.12% || lr 0.0005
Epoch[24/60](140/221) || training loss 0.07234 || training accuracy 92.73% || lr 0.0005
Epoch[24/60](160/221) || training loss 0.1128 || training accuracy 89.61% || lr 0.0005
Epoch[24/60](180/221) || training loss 0.08631 || training accuracy 91.48% || lr 0.0005
Epoch[24/60](200/221) || training loss 0.0705 || training accuracy 92.81% || lr 0.0005
Epoch[24/60](220/221) || training loss 0.0676 || training accuracy 91.72% || lr 0.0005
Calculating validation results...
New best model for val accuracy : 77.06%! saving the best model..
[Val] acc : 77.06%, loss: 0.34 || best acc : 77.06%, best loss: 0.32

Epoch[25/60](20/221) || training loss 0.03274 || training accuracy 95.94% || lr 5e-05
Epoch[25/60](40/221) || training loss 0.02986 || training accuracy 96.25% || lr 5e-05
Epoch[25/60](60/221) || training loss 0.03708 || training accuracy 96.33% || lr 5e-05
Epoch[25/60](80/221) || training loss 0.02477 || training accuracy 97.34% || lr 5e-05
Epoch[25/60](100/221) || training loss 0.02504 || training accuracy 96.56% || lr 5e-05
Epoch[25/60](120/221) || training loss 0.02196 || training accuracy 97.34% || lr 5e-05
Epoch[25/60](140/221) || training loss 0.02115 || training accuracy 97.03% || lr 5e-05
Epoch[25/60](160/221) || training loss 0.01776 || training accuracy 97.58% || lr 5e-05
Epoch[25/60](180/221) || training loss 0.02055 || training accuracy 96.95% || lr 5e-05
Epoch[25/60](200/221) || training loss 0.02094 || training accuracy 97.27% || lr 5e-05
Epoch[25/60](220/221) || training loss 0.0189 || training accuracy 97.66% || lr 5e-05
Calculating validation results...
New best model for val accuracy : 79.70%! saving the best model..
[Val] acc : 79.70%, loss: 0.32 || best acc : 79.70%, best loss: 0.32

Epoch[26/60](20/221) || training loss 0.01621 || training accuracy 98.36% || lr 5e-05
Epoch[26/60](40/221) || training loss 0.01318 || training accuracy 98.20% || lr 5e-05
Epoch[26/60](60/221) || training loss 0.01131 || training accuracy 98.75% || lr 5e-05
Epoch[26/60](80/221) || training loss 0.01353 || training accuracy 98.36% || lr 5e-05
Epoch[26/60](100/221) || training loss 0.01564 || training accuracy 97.89% || lr 5e-05
Epoch[26/60](120/221) || training loss 0.01234 || training accuracy 98.44% || lr 5e-05
Epoch[26/60](140/221) || training loss 0.0162 || training accuracy 98.28% || lr 5e-05
Epoch[26/60](160/221) || training loss 0.0128 || training accuracy 98.36% || lr 5e-05
Epoch[26/60](180/221) || training loss 0.01087 || training accuracy 98.91% || lr 5e-05
Epoch[26/60](200/221) || training loss 0.0127 || training accuracy 98.36% || lr 5e-05
Epoch[26/60](220/221) || training loss 0.01275 || training accuracy 98.28% || lr 5e-05
Calculating validation results...
[Val] acc : 79.53%, loss: 0.35 || best acc : 79.70%, best loss: 0.32

Epoch[27/60](20/221) || training loss 0.009901 || training accuracy 98.44% || lr 5e-05
Epoch[27/60](40/221) || training loss 0.007455 || training accuracy 99.22% || lr 5e-05
Epoch[27/60](60/221) || training loss 0.00897 || training accuracy 99.14% || lr 5e-05
Epoch[27/60](80/221) || training loss 0.01292 || training accuracy 98.67% || lr 5e-05
Epoch[27/60](100/221) || training loss 0.01031 || training accuracy 98.98% || lr 5e-05
Epoch[27/60](120/221) || training loss 0.01078 || training accuracy 98.91% || lr 5e-05
Epoch[27/60](140/221) || training loss 0.01132 || training accuracy 98.59% || lr 5e-05
Epoch[27/60](160/221) || training loss 0.01565 || training accuracy 98.36% || lr 5e-05
Epoch[27/60](180/221) || training loss 0.01679 || training accuracy 98.20% || lr 5e-05
Epoch[27/60](200/221) || training loss 0.01119 || training accuracy 98.67% || lr 5e-05
Epoch[27/60](220/221) || training loss 0.01113 || training accuracy 99.06% || lr 5e-05
Calculating validation results...
[Val] acc : 79.58%, loss: 0.37 || best acc : 79.70%, best loss: 0.32

Epoch[28/60](20/221) || training loss 0.005886 || training accuracy 99.30% || lr 5e-05
Epoch[28/60](40/221) || training loss 0.00777 || training accuracy 99.14% || lr 5e-05
Epoch[28/60](60/221) || training loss 0.00775 || training accuracy 99.06% || lr 5e-05
Epoch[28/60](80/221) || training loss 0.007218 || training accuracy 99.45% || lr 5e-05
Epoch[28/60](100/221) || training loss 0.009047 || training accuracy 99.06% || lr 5e-05
Epoch[28/60](120/221) || training loss 0.008065 || training accuracy 98.91% || lr 5e-05
Epoch[28/60](140/221) || training loss 0.007367 || training accuracy 99.22% || lr 5e-05
Epoch[28/60](160/221) || training loss 0.009012 || training accuracy 98.59% || lr 5e-05
Epoch[28/60](180/221) || training loss 0.005376 || training accuracy 99.22% || lr 5e-05
Epoch[28/60](200/221) || training loss 0.006672 || training accuracy 99.22% || lr 5e-05
Epoch[28/60](220/221) || training loss 0.008348 || training accuracy 98.91% || lr 5e-05
Calculating validation results...
[Val] acc : 79.37%, loss:  0.4 || best acc : 79.70%, best loss: 0.32

Epoch[29/60](20/221) || training loss 0.008813 || training accuracy 98.98% || lr 5e-05
Epoch[29/60](40/221) || training loss 0.007213 || training accuracy 98.91% || lr 5e-05
Epoch[29/60](60/221) || training loss 0.005874 || training accuracy 99.22% || lr 5e-05
Epoch[29/60](80/221) || training loss 0.004241 || training accuracy 99.45% || lr 5e-05
Epoch[29/60](100/221) || training loss 0.006608 || training accuracy 99.45% || lr 5e-05
Epoch[29/60](120/221) || training loss 0.009675 || training accuracy 99.30% || lr 5e-05
Epoch[29/60](140/221) || training loss 0.005538 || training accuracy 99.38% || lr 5e-05
Epoch[29/60](160/221) || training loss 0.005547 || training accuracy 99.53% || lr 5e-05
Epoch[29/60](180/221) || training loss 0.008004 || training accuracy 98.83% || lr 5e-05
Epoch[29/60](200/221) || training loss 0.005662 || training accuracy 99.38% || lr 5e-05
Epoch[29/60](220/221) || training loss 0.005297 || training accuracy 99.45% || lr 5e-05
Calculating validation results...
[Val] acc : 79.41%, loss: 0.42 || best acc : 79.70%, best loss: 0.32

Epoch[30/60](20/221) || training loss 0.005 || training accuracy 99.22% || lr 5e-05
Epoch[30/60](40/221) || training loss 0.008165 || training accuracy 99.22% || lr 5e-05
Epoch[30/60](60/221) || training loss 0.00344 || training accuracy 99.84% || lr 5e-05
Epoch[30/60](80/221) || training loss 0.003658 || training accuracy 99.45% || lr 5e-05
Epoch[30/60](100/221) || training loss 0.005243 || training accuracy 99.30% || lr 5e-05
Epoch[30/60](120/221) || training loss 0.006354 || training accuracy 99.38% || lr 5e-05
Epoch[30/60](140/221) || training loss 0.005113 || training accuracy 99.38% || lr 5e-05
Epoch[30/60](160/221) || training loss 0.006555 || training accuracy 99.30% || lr 5e-05
Epoch[30/60](180/221) || training loss 0.003256 || training accuracy 99.61% || lr 5e-05
Epoch[30/60](200/221) || training loss 0.00631 || training accuracy 99.06% || lr 5e-05
Epoch[30/60](220/221) || training loss 0.005646 || training accuracy 99.14% || lr 5e-05
Calculating validation results...
[Val] acc : 79.39%, loss: 0.44 || best acc : 79.70%, best loss: 0.32

Epoch[31/60](20/221) || training loss 0.004187 || training accuracy 99.53% || lr 5e-05
Epoch[31/60](40/221) || training loss 0.002992 || training accuracy 99.77% || lr 5e-05
Epoch[31/60](60/221) || training loss 0.004147 || training accuracy 99.53% || lr 5e-05
Epoch[31/60](80/221) || training loss 0.006062 || training accuracy 99.53% || lr 5e-05
Epoch[31/60](100/221) || training loss 0.00327 || training accuracy 99.61% || lr 5e-05
Epoch[31/60](120/221) || training loss 0.004309 || training accuracy 99.53% || lr 5e-05
Epoch[31/60](140/221) || training loss 0.005732 || training accuracy 99.22% || lr 5e-05
Epoch[31/60](160/221) || training loss 0.003947 || training accuracy 99.69% || lr 5e-05
Epoch[31/60](180/221) || training loss 0.005782 || training accuracy 99.30% || lr 5e-05
Epoch[31/60](200/221) || training loss 0.002802 || training accuracy 99.77% || lr 5e-05
Epoch[31/60](220/221) || training loss 0.002716 || training accuracy 99.69% || lr 5e-05
Calculating validation results...
New best model for val accuracy : 79.75%! saving the best model..
[Val] acc : 79.75%, loss: 0.47 || best acc : 79.75%, best loss: 0.32

Epoch[32/60](20/221) || training loss 0.001635 || training accuracy 99.84% || lr 5e-05
Epoch[32/60](40/221) || training loss 0.004564 || training accuracy 99.45% || lr 5e-05
Epoch[32/60](60/221) || training loss 0.00314 || training accuracy 99.45% || lr 5e-05
Epoch[32/60](80/221) || training loss 0.003714 || training accuracy 99.45% || lr 5e-05
Epoch[32/60](100/221) || training loss 0.004978 || training accuracy 99.30% || lr 5e-05
Epoch[32/60](120/221) || training loss 0.003435 || training accuracy 99.45% || lr 5e-05
Epoch[32/60](140/221) || training loss 0.004852 || training accuracy 99.14% || lr 5e-05
Epoch[32/60](160/221) || training loss 0.003676 || training accuracy 99.45% || lr 5e-05
Epoch[32/60](180/221) || training loss 0.002365 || training accuracy 99.77% || lr 5e-05
Epoch[32/60](200/221) || training loss 0.004536 || training accuracy 99.53% || lr 5e-05
Epoch[32/60](220/221) || training loss 0.003536 || training accuracy 99.45% || lr 5e-05
Calculating validation results...
[Val] acc : 79.70%, loss:  0.5 || best acc : 79.75%, best loss: 0.32

Epoch[33/60](20/221) || training loss 0.004089 || training accuracy 99.45% || lr 5e-05
Epoch[33/60](40/221) || training loss 0.001729 || training accuracy 99.92% || lr 5e-05
Epoch[33/60](60/221) || training loss 0.002505 || training accuracy 99.77% || lr 5e-05
Epoch[33/60](80/221) || training loss 0.00302 || training accuracy 99.61% || lr 5e-05
Epoch[33/60](100/221) || training loss 0.003117 || training accuracy 99.61% || lr 5e-05
Epoch[33/60](120/221) || training loss 0.003735 || training accuracy 99.69% || lr 5e-05
Epoch[33/60](140/221) || training loss 0.004287 || training accuracy 99.45% || lr 5e-05
Epoch[33/60](160/221) || training loss 0.003347 || training accuracy 99.77% || lr 5e-05
Epoch[33/60](180/221) || training loss 0.001734 || training accuracy 99.84% || lr 5e-05
Epoch[33/60](200/221) || training loss 0.002376 || training accuracy 99.77% || lr 5e-05
Epoch[33/60](220/221) || training loss 0.00351 || training accuracy 99.61% || lr 5e-05
Calculating validation results...
[Val] acc : 78.84%, loss: 0.53 || best acc : 79.75%, best loss: 0.32

Epoch[34/60](20/221) || training loss 0.001581 || training accuracy 99.92% || lr 5e-05
Epoch[34/60](40/221) || training loss 0.001977 || training accuracy 99.84% || lr 5e-05
Epoch[34/60](60/221) || training loss 0.001807 || training accuracy 99.92% || lr 5e-05
Epoch[34/60](80/221) || training loss 0.002677 || training accuracy 99.69% || lr 5e-05
Epoch[34/60](100/221) || training loss 0.002308 || training accuracy 99.61% || lr 5e-05
Epoch[34/60](120/221) || training loss 0.003043 || training accuracy 99.53% || lr 5e-05
Epoch[34/60](140/221) || training loss 0.00342 || training accuracy 99.84% || lr 5e-05
Epoch[34/60](160/221) || training loss 0.002233 || training accuracy 99.84% || lr 5e-05
Epoch[34/60](180/221) || training loss 0.002326 || training accuracy 99.84% || lr 5e-05
Epoch[34/60](200/221) || training loss 0.004197 || training accuracy 99.45% || lr 5e-05
Epoch[34/60](220/221) || training loss 0.002749 || training accuracy 99.69% || lr 5e-05
Calculating validation results...
[Val] acc : 79.15%, loss: 0.57 || best acc : 79.75%, best loss: 0.32

Epoch[35/60](20/221) || training loss 0.003471 || training accuracy 99.38% || lr 5e-05
Epoch[35/60](40/221) || training loss 0.004239 || training accuracy 99.61% || lr 5e-05
Epoch[35/60](60/221) || training loss 0.006321 || training accuracy 99.38% || lr 5e-05
Epoch[35/60](80/221) || training loss 0.001565 || training accuracy 99.84% || lr 5e-05
Epoch[35/60](100/221) || training loss 0.006076 || training accuracy 99.53% || lr 5e-05
Epoch[35/60](120/221) || training loss 0.00308 || training accuracy 99.45% || lr 5e-05
Epoch[35/60](140/221) || training loss 0.00321 || training accuracy 99.69% || lr 5e-05
Epoch[35/60](160/221) || training loss 0.002522 || training accuracy 99.69% || lr 5e-05
Epoch[35/60](180/221) || training loss 0.002035 || training accuracy 99.92% || lr 5e-05
Epoch[35/60](200/221) || training loss 0.002781 || training accuracy 99.69% || lr 5e-05
Epoch[35/60](220/221) || training loss 0.002776 || training accuracy 99.69% || lr 5e-05
Calculating validation results...
[Val] acc : 79.22%, loss: 0.57 || best acc : 79.75%, best loss: 0.32

Epoch[36/60](20/221) || training loss 0.004966 || training accuracy 99.38% || lr 5e-05
Epoch[36/60](40/221) || training loss 0.002183 || training accuracy 99.61% || lr 5e-05
Epoch[36/60](60/221) || training loss 0.003034 || training accuracy 99.69% || lr 5e-05
Epoch[36/60](80/221) || training loss 0.00162 || training accuracy 99.92% || lr 5e-05
Epoch[36/60](100/221) || training loss 0.004837 || training accuracy 99.38% || lr 5e-05
Epoch[36/60](120/221) || training loss 0.004046 || training accuracy 99.53% || lr 5e-05
Epoch[36/60](140/221) || training loss 0.005667 || training accuracy 99.38% || lr 5e-05
Epoch[36/60](160/221) || training loss 0.002132 || training accuracy 99.84% || lr 5e-05
Epoch[36/60](180/221) || training loss 0.002676 || training accuracy 99.77% || lr 5e-05
Epoch[36/60](200/221) || training loss 0.004829 || training accuracy 99.30% || lr 5e-05
Epoch[36/60](220/221) || training loss 0.003081 || training accuracy 99.61% || lr 5e-05
Calculating validation results...
[Val] acc : 78.07%, loss: 0.53 || best acc : 79.75%, best loss: 0.32

Epoch[37/60](20/221) || training loss 0.002366 || training accuracy 99.77% || lr 5e-06
Epoch[37/60](40/221) || training loss 0.002478 || training accuracy 99.69% || lr 5e-06
Epoch[37/60](60/221) || training loss 0.002425 || training accuracy 99.53% || lr 5e-06
Epoch[37/60](80/221) || training loss 0.002043 || training accuracy 99.61% || lr 5e-06
Epoch[37/60](100/221) || training loss 0.003154 || training accuracy 99.53% || lr 5e-06
Epoch[37/60](120/221) || training loss 0.002126 || training accuracy 99.61% || lr 5e-06
Epoch[37/60](140/221) || training loss 0.001039 || training accuracy 99.92% || lr 5e-06
Epoch[37/60](160/221) || training loss 0.002764 || training accuracy 99.61% || lr 5e-06
Epoch[37/60](180/221) || training loss 0.002647 || training accuracy 99.69% || lr 5e-06
Epoch[37/60](200/221) || training loss 0.001309 || training accuracy 99.92% || lr 5e-06
Epoch[37/60](220/221) || training loss 0.002038 || training accuracy 99.69% || lr 5e-06
Calculating validation results...
[Val] acc : 78.37%, loss: 0.55 || best acc : 79.75%, best loss: 0.32

Epoch[38/60](20/221) || training loss 0.001655 || training accuracy 99.77% || lr 5e-06
Epoch[38/60](40/221) || training loss 0.001716 || training accuracy 99.69% || lr 5e-06
Epoch[38/60](60/221) || training loss 0.002165 || training accuracy 99.69% || lr 5e-06
Epoch[38/60](80/221) || training loss 0.003621 || training accuracy 99.77% || lr 5e-06
Epoch[38/60](100/221) || training loss 0.001836 || training accuracy 99.69% || lr 5e-06
Epoch[38/60](120/221) || training loss 0.003132 || training accuracy 99.53% || lr 5e-06
Epoch[38/60](140/221) || training loss 0.001615 || training accuracy 99.84% || lr 5e-06
Epoch[38/60](160/221) || training loss 0.003075 || training accuracy 99.77% || lr 5e-06
Epoch[38/60](180/221) || training loss 0.002095 || training accuracy 99.77% || lr 5e-06
Epoch[38/60](200/221) || training loss 0.0007735 || training accuracy 100.00% || lr 5e-06
Epoch[38/60](220/221) || training loss 0.002469 || training accuracy 99.69% || lr 5e-06
Calculating validation results...
[Val] acc : 79.34%, loss: 0.56 || best acc : 79.75%, best loss: 0.32

Epoch[39/60](20/221) || training loss 0.002412 || training accuracy 99.77% || lr 5e-06
Epoch[39/60](40/221) || training loss 0.001531 || training accuracy 99.77% || lr 5e-06
Epoch[39/60](60/221) || training loss 0.001958 || training accuracy 99.84% || lr 5e-06
Epoch[39/60](80/221) || training loss 0.000804 || training accuracy 99.92% || lr 5e-06
Epoch[39/60](100/221) || training loss 0.0008379 || training accuracy 100.00% || lr 5e-06
Epoch[39/60](120/221) || training loss 0.0007326 || training accuracy 100.00% || lr 5e-06
Epoch[39/60](140/221) || training loss 0.001813 || training accuracy 99.77% || lr 5e-06
Epoch[39/60](160/221) || training loss 0.004665 || training accuracy 99.53% || lr 5e-06
Epoch[39/60](180/221) || training loss 0.001592 || training accuracy 99.77% || lr 5e-06
Epoch[39/60](200/221) || training loss 0.000839 || training accuracy 99.92% || lr 5e-06
Epoch[39/60](220/221) || training loss 0.001097 || training accuracy 99.92% || lr 5e-06
Calculating validation results...
[Val] acc : 78.75%, loss: 0.55 || best acc : 79.75%, best loss: 0.32

Epoch[40/60](20/221) || training loss 0.001228 || training accuracy 99.92% || lr 5e-06
Epoch[40/60](40/221) || training loss 0.0007709 || training accuracy 100.00% || lr 5e-06
Epoch[40/60](60/221) || training loss 0.0008335 || training accuracy 100.00% || lr 5e-06
Epoch[40/60](80/221) || training loss 0.001707 || training accuracy 99.92% || lr 5e-06
Epoch[40/60](100/221) || training loss 0.001253 || training accuracy 99.84% || lr 5e-06
Epoch[40/60](120/221) || training loss 0.000714 || training accuracy 99.92% || lr 5e-06
Epoch[40/60](140/221) || training loss 0.001574 || training accuracy 99.77% || lr 5e-06
Epoch[40/60](160/221) || training loss 0.001816 || training accuracy 99.69% || lr 5e-06
Epoch[40/60](180/221) || training loss 0.001391 || training accuracy 99.84% || lr 5e-06
Epoch[40/60](200/221) || training loss 0.000484 || training accuracy 100.00% || lr 5e-06
Epoch[40/60](220/221) || training loss 0.0008682 || training accuracy 100.00% || lr 5e-06
Calculating validation results...
[Val] acc : 79.15%, loss: 0.56 || best acc : 79.75%, best loss: 0.32

Epoch[41/60](20/221) || training loss 0.00081 || training accuracy 99.92% || lr 5e-06
Epoch[41/60](40/221) || training loss 0.0005057 || training accuracy 100.00% || lr 5e-06
Epoch[41/60](60/221) || training loss 0.0006557 || training accuracy 100.00% || lr 5e-06
Epoch[41/60](80/221) || training loss 0.001105 || training accuracy 99.84% || lr 5e-06
Epoch[41/60](100/221) || training loss 0.002921 || training accuracy 99.84% || lr 5e-06
Epoch[41/60](120/221) || training loss 0.0006429 || training accuracy 99.92% || lr 5e-06
Epoch[41/60](140/221) || training loss 0.001101 || training accuracy 99.92% || lr 5e-06
Epoch[41/60](160/221) || training loss 0.001127 || training accuracy 99.77% || lr 5e-06
Epoch[41/60](180/221) || training loss 0.001153 || training accuracy 99.84% || lr 5e-06
Epoch[41/60](200/221) || training loss 0.0007141 || training accuracy 100.00% || lr 5e-06
Epoch[41/60](220/221) || training loss 0.001115 || training accuracy 99.92% || lr 5e-06
Calculating validation results...
[Val] acc : 79.32%, loss: 0.56 || best acc : 79.75%, best loss: 0.32

Epoch[42/60](20/221) || training loss 0.0004233 || training accuracy 100.00% || lr 5e-06
Epoch[42/60](40/221) || training loss 0.001419 || training accuracy 99.77% || lr 5e-06
Epoch[42/60](60/221) || training loss 0.002038 || training accuracy 99.92% || lr 5e-06
Epoch[42/60](80/221) || training loss 0.001165 || training accuracy 99.84% || lr 5e-06
Epoch[42/60](100/221) || training loss 0.000644 || training accuracy 100.00% || lr 5e-06
Epoch[42/60](120/221) || training loss 0.002137 || training accuracy 99.77% || lr 5e-06
Epoch[42/60](140/221) || training loss 0.001666 || training accuracy 99.69% || lr 5e-06
Epoch[42/60](160/221) || training loss 0.0008855 || training accuracy 99.92% || lr 5e-06
Epoch[42/60](180/221) || training loss 0.0009827 || training accuracy 99.92% || lr 5e-06
Epoch[42/60](200/221) || training loss 0.0003276 || training accuracy 100.00% || lr 5e-06
Epoch[42/60](220/221) || training loss 0.001847 || training accuracy 99.69% || lr 5e-06
Calculating validation results...
[Val] acc : 79.49%, loss: 0.57 || best acc : 79.75%, best loss: 0.32

Epoch[43/60](20/221) || training loss 0.001818 || training accuracy 99.92% || lr 5e-06
Epoch[43/60](40/221) || training loss 0.0007621 || training accuracy 100.00% || lr 5e-06
Epoch[43/60](60/221) || training loss 0.001797 || training accuracy 99.69% || lr 5e-06
Epoch[43/60](80/221) || training loss 0.0004795 || training accuracy 99.92% || lr 5e-06
Epoch[43/60](100/221) || training loss 0.0006878 || training accuracy 99.92% || lr 5e-06
Epoch[43/60](120/221) || training loss 0.0006516 || training accuracy 100.00% || lr 5e-06
Epoch[43/60](140/221) || training loss 0.0008834 || training accuracy 99.92% || lr 5e-06
Epoch[43/60](160/221) || training loss 0.000419 || training accuracy 100.00% || lr 5e-06
Epoch[43/60](180/221) || training loss 0.0007449 || training accuracy 100.00% || lr 5e-06
Epoch[43/60](200/221) || training loss 0.001101 || training accuracy 99.92% || lr 5e-06
Epoch[43/60](220/221) || training loss 0.002127 || training accuracy 99.77% || lr 5e-06
Calculating validation results...
[Val] acc : 79.41%, loss: 0.58 || best acc : 79.75%, best loss: 0.32

Epoch[44/60](20/221) || training loss 0.001032 || training accuracy 99.77% || lr 5e-06
Epoch[44/60](40/221) || training loss 0.0007983 || training accuracy 99.92% || lr 5e-06
Epoch[44/60](60/221) || training loss 0.0005914 || training accuracy 100.00% || lr 5e-06
Epoch[44/60](80/221) || training loss 0.0003556 || training accuracy 100.00% || lr 5e-06
Epoch[44/60](100/221) || training loss 0.0007144 || training accuracy 100.00% || lr 5e-06
Epoch[44/60](120/221) || training loss 0.001655 || training accuracy 99.77% || lr 5e-06
Epoch[44/60](140/221) || training loss 0.001206 || training accuracy 99.92% || lr 5e-06
Epoch[44/60](160/221) || training loss 0.000857 || training accuracy 99.92% || lr 5e-06
Epoch[44/60](180/221) || training loss 0.0005693 || training accuracy 100.00% || lr 5e-06
Epoch[44/60](200/221) || training loss 0.00162 || training accuracy 99.84% || lr 5e-06
Epoch[44/60](220/221) || training loss 0.0004671 || training accuracy 100.00% || lr 5e-06
Calculating validation results...
[Val] acc : 79.20%, loss: 0.57 || best acc : 79.75%, best loss: 0.32

Epoch[45/60](20/221) || training loss 0.0004694 || training accuracy 100.00% || lr 5e-06
Epoch[45/60](40/221) || training loss 0.0008963 || training accuracy 100.00% || lr 5e-06
Epoch[45/60](60/221) || training loss 0.001207 || training accuracy 99.84% || lr 5e-06
Epoch[45/60](80/221) || training loss 0.0009999 || training accuracy 99.84% || lr 5e-06
Epoch[45/60](100/221) || training loss 0.0005335 || training accuracy 99.92% || lr 5e-06
Epoch[45/60](120/221) || training loss 0.0009024 || training accuracy 99.92% || lr 5e-06
Epoch[45/60](140/221) || training loss 0.000777 || training accuracy 99.92% || lr 5e-06
Epoch[45/60](160/221) || training loss 0.001106 || training accuracy 99.84% || lr 5e-06
Epoch[45/60](180/221) || training loss 0.001444 || training accuracy 99.92% || lr 5e-06
Epoch[45/60](200/221) || training loss 0.001647 || training accuracy 99.69% || lr 5e-06
Epoch[45/60](220/221) || training loss 0.0004183 || training accuracy 100.00% || lr 5e-06
Calculating validation results...
[Val] acc : 79.15%, loss: 0.58 || best acc : 79.75%, best loss: 0.32

Epoch[46/60](20/221) || training loss 0.0009065 || training accuracy 99.92% || lr 5e-06
Epoch[46/60](40/221) || training loss 0.001227 || training accuracy 99.84% || lr 5e-06
Epoch[46/60](60/221) || training loss 0.0008376 || training accuracy 99.92% || lr 5e-06
Epoch[46/60](80/221) || training loss 0.0005066 || training accuracy 99.92% || lr 5e-06
Epoch[46/60](100/221) || training loss 0.0006395 || training accuracy 99.92% || lr 5e-06
Epoch[46/60](120/221) || training loss 0.00115 || training accuracy 99.84% || lr 5e-06
Epoch[46/60](140/221) || training loss 0.0009059 || training accuracy 100.00% || lr 5e-06
Epoch[46/60](160/221) || training loss 0.0004863 || training accuracy 100.00% || lr 5e-06
Epoch[46/60](180/221) || training loss 0.0006016 || training accuracy 99.92% || lr 5e-06
Epoch[46/60](200/221) || training loss 0.0004556 || training accuracy 100.00% || lr 5e-06
Epoch[46/60](220/221) || training loss 0.0003794 || training accuracy 100.00% || lr 5e-06
Calculating validation results...
[Val] acc : 78.75%, loss: 0.58 || best acc : 79.75%, best loss: 0.32

Epoch[47/60](20/221) || training loss 0.001449 || training accuracy 99.77% || lr 5e-06
Epoch[47/60](40/221) || training loss 0.0008296 || training accuracy 99.84% || lr 5e-06
Epoch[47/60](60/221) || training loss 0.0004093 || training accuracy 100.00% || lr 5e-06
Epoch[47/60](80/221) || training loss 0.0005182 || training accuracy 100.00% || lr 5e-06
Epoch[47/60](100/221) || training loss 0.0006014 || training accuracy 100.00% || lr 5e-06
Epoch[47/60](120/221) || training loss 0.0004134 || training accuracy 100.00% || lr 5e-06
Epoch[47/60](140/221) || training loss 0.0007744 || training accuracy 100.00% || lr 5e-06
Epoch[47/60](160/221) || training loss 0.0007929 || training accuracy 99.92% || lr 5e-06
Epoch[47/60](180/221) || training loss 0.0005803 || training accuracy 99.92% || lr 5e-06
Epoch[47/60](200/221) || training loss 0.000293 || training accuracy 100.00% || lr 5e-06
Epoch[47/60](220/221) || training loss 0.0004808 || training accuracy 100.00% || lr 5e-06
Calculating validation results...
[Val] acc : 79.09%, loss:  0.6 || best acc : 79.75%, best loss: 0.32

Epoch[48/60](20/221) || training loss 0.0008997 || training accuracy 99.84% || lr 5.000000000000001e-07
Epoch[48/60](40/221) || training loss 0.0004094 || training accuracy 100.00% || lr 5.000000000000001e-07
Epoch[48/60](60/221) || training loss 0.0007412 || training accuracy 99.92% || lr 5.000000000000001e-07
Epoch[48/60](80/221) || training loss 0.0002267 || training accuracy 100.00% || lr 5.000000000000001e-07
Epoch[48/60](100/221) || training loss 0.001314 || training accuracy 99.77% || lr 5.000000000000001e-07
Epoch[48/60](120/221) || training loss 0.0003834 || training accuracy 100.00% || lr 5.000000000000001e-07
Epoch[48/60](140/221) || training loss 0.0007247 || training accuracy 99.92% || lr 5.000000000000001e-07
Epoch[48/60](160/221) || training loss 0.0005767 || training accuracy 99.92% || lr 5.000000000000001e-07
Epoch[48/60](180/221) || training loss 0.0006842 || training accuracy 99.92% || lr 5.000000000000001e-07
Epoch[48/60](200/221) || training loss 0.000496 || training accuracy 100.00% || lr 5.000000000000001e-07
Epoch[48/60](220/221) || training loss 0.0003656 || training accuracy 100.00% || lr 5.000000000000001e-07
Calculating validation results...
[Val] acc : 79.47%, loss:  0.6 || best acc : 79.75%, best loss: 0.32

Epoch[49/60](20/221) || training loss 0.0006418 || training accuracy 99.92% || lr 5.000000000000001e-07
Epoch[49/60](40/221) || training loss 0.0005712 || training accuracy 100.00% || lr 5.000000000000001e-07
Epoch[49/60](60/221) || training loss 0.0009064 || training accuracy 99.92% || lr 5.000000000000001e-07
Epoch[49/60](80/221) || training loss 0.0003441 || training accuracy 100.00% || lr 5.000000000000001e-07
Epoch[49/60](100/221) || training loss 0.0007526 || training accuracy 99.84% || lr 5.000000000000001e-07
Epoch[49/60](120/221) || training loss 0.000566 || training accuracy 99.84% || lr 5.000000000000001e-07
Epoch[49/60](140/221) || training loss 0.001928 || training accuracy 99.69% || lr 5.000000000000001e-07
Epoch[49/60](160/221) || training loss 0.0005395 || training accuracy 100.00% || lr 5.000000000000001e-07
Epoch[49/60](180/221) || training loss 0.0007956 || training accuracy 99.92% || lr 5.000000000000001e-07
Epoch[49/60](200/221) || training loss 0.0007239 || training accuracy 99.92% || lr 5.000000000000001e-07
Epoch[49/60](220/221) || training loss 0.000766 || training accuracy 100.00% || lr 5.000000000000001e-07
Calculating validation results...
[Val] acc : 79.45%, loss:  0.6 || best acc : 79.75%, best loss: 0.32

Epoch[50/60](20/221) || training loss 0.001137 || training accuracy 99.84% || lr 5.000000000000001e-07
Epoch[50/60](40/221) || training loss 0.0005337 || training accuracy 99.92% || lr 5.000000000000001e-07
Epoch[50/60](60/221) || training loss 0.00047 || training accuracy 100.00% || lr 5.000000000000001e-07
Epoch[50/60](80/221) || training loss 0.0005009 || training accuracy 100.00% || lr 5.000000000000001e-07
Epoch[50/60](100/221) || training loss 0.0002857 || training accuracy 100.00% || lr 5.000000000000001e-07
Epoch[50/60](120/221) || training loss 0.001831 || training accuracy 99.69% || lr 5.000000000000001e-07
Epoch[50/60](140/221) || training loss 0.0009751 || training accuracy 99.92% || lr 5.000000000000001e-07
Epoch[50/60](160/221) || training loss 0.000237 || training accuracy 100.00% || lr 5.000000000000001e-07
Epoch[50/60](180/221) || training loss 0.0007336 || training accuracy 99.92% || lr 5.000000000000001e-07
Epoch[50/60](200/221) || training loss 0.0004523 || training accuracy 99.92% || lr 5.000000000000001e-07
Epoch[50/60](220/221) || training loss 0.0003631 || training accuracy 100.00% || lr 5.000000000000001e-07
Calculating validation results...
[Val] acc : 79.11%, loss: 0.59 || best acc : 79.75%, best loss: 0.32

Epoch[51/60](20/221) || training loss 0.0007381 || training accuracy 99.84% || lr 5.000000000000001e-07
Epoch[51/60](40/221) || training loss 0.0003455 || training accuracy 100.00% || lr 5.000000000000001e-07
Epoch[51/60](60/221) || training loss 0.001165 || training accuracy 99.84% || lr 5.000000000000001e-07
Epoch[51/60](80/221) || training loss 0.001486 || training accuracy 99.92% || lr 5.000000000000001e-07
Epoch[51/60](100/221) || training loss 0.0002213 || training accuracy 100.00% || lr 5.000000000000001e-07
Epoch[51/60](120/221) || training loss 0.0007627 || training accuracy 99.92% || lr 5.000000000000001e-07
Epoch[51/60](140/221) || training loss 0.0006217 || training accuracy 99.92% || lr 5.000000000000001e-07
Epoch[51/60](160/221) || training loss 0.00079 || training accuracy 99.92% || lr 5.000000000000001e-07
Epoch[51/60](180/221) || training loss 0.001244 || training accuracy 99.84% || lr 5.000000000000001e-07
Epoch[51/60](200/221) || training loss 0.0008126 || training accuracy 99.84% || lr 5.000000000000001e-07
Epoch[51/60](220/221) || training loss 0.0007521 || training accuracy 99.92% || lr 5.000000000000001e-07
Calculating validation results...
[Val] acc : 79.22%, loss:  0.6 || best acc : 79.75%, best loss: 0.32

Epoch[52/60](20/221) || training loss 0.0005993 || training accuracy 99.92% || lr 5.000000000000001e-07
Epoch[52/60](40/221) || training loss 0.0006983 || training accuracy 99.92% || lr 5.000000000000001e-07
Epoch[52/60](60/221) || training loss 0.0006808 || training accuracy 100.00% || lr 5.000000000000001e-07
Epoch[52/60](80/221) || training loss 0.0005116 || training accuracy 99.92% || lr 5.000000000000001e-07
Epoch[52/60](100/221) || training loss 0.0003553 || training accuracy 100.00% || lr 5.000000000000001e-07
Epoch[52/60](120/221) || training loss 0.0005238 || training accuracy 100.00% || lr 5.000000000000001e-07
Epoch[52/60](140/221) || training loss 0.000427 || training accuracy 100.00% || lr 5.000000000000001e-07
Epoch[52/60](160/221) || training loss 0.001189 || training accuracy 99.92% || lr 5.000000000000001e-07
Epoch[52/60](180/221) || training loss 0.0002396 || training accuracy 100.00% || lr 5.000000000000001e-07
Epoch[52/60](200/221) || training loss 0.0003333 || training accuracy 100.00% || lr 5.000000000000001e-07
Epoch[52/60](220/221) || training loss 0.0007207 || training accuracy 99.92% || lr 5.000000000000001e-07
Calculating validation results...
[Val] acc : 79.45%, loss: 0.62 || best acc : 79.75%, best loss: 0.32

Epoch[53/60](20/221) || training loss 0.0005183 || training accuracy 100.00% || lr 5.000000000000001e-07
Epoch[53/60](40/221) || training loss 0.0002092 || training accuracy 100.00% || lr 5.000000000000001e-07
Epoch[53/60](60/221) || training loss 0.001039 || training accuracy 99.84% || lr 5.000000000000001e-07
Epoch[53/60](80/221) || training loss 0.0004965 || training accuracy 100.00% || lr 5.000000000000001e-07
Epoch[53/60](100/221) || training loss 0.0006594 || training accuracy 100.00% || lr 5.000000000000001e-07
Epoch[53/60](120/221) || training loss 0.001527 || training accuracy 99.77% || lr 5.000000000000001e-07
Epoch[53/60](140/221) || training loss 0.0004758 || training accuracy 100.00% || lr 5.000000000000001e-07
Epoch[53/60](160/221) || training loss 0.001146 || training accuracy 99.84% || lr 5.000000000000001e-07
Epoch[53/60](180/221) || training loss 0.0004819 || training accuracy 100.00% || lr 5.000000000000001e-07
Epoch[53/60](200/221) || training loss 0.000594 || training accuracy 99.92% || lr 5.000000000000001e-07
Epoch[53/60](220/221) || training loss 0.0009466 || training accuracy 99.84% || lr 5.000000000000001e-07
Calculating validation results...
[Val] acc : 79.26%, loss: 0.59 || best acc : 79.75%, best loss: 0.32

Epoch[54/60](20/221) || training loss 0.0008809 || training accuracy 99.84% || lr 5.000000000000001e-07
Epoch[54/60](40/221) || training loss 0.0002126 || training accuracy 100.00% || lr 5.000000000000001e-07
Epoch[54/60](60/221) || training loss 0.0006433 || training accuracy 99.92% || lr 5.000000000000001e-07
Epoch[54/60](80/221) || training loss 0.000316 || training accuracy 100.00% || lr 5.000000000000001e-07
Epoch[54/60](100/221) || training loss 0.0006692 || training accuracy 99.92% || lr 5.000000000000001e-07
Epoch[54/60](120/221) || training loss 0.0009485 || training accuracy 99.77% || lr 5.000000000000001e-07
Epoch[54/60](140/221) || training loss 0.0007988 || training accuracy 99.84% || lr 5.000000000000001e-07
Epoch[54/60](160/221) || training loss 0.0003911 || training accuracy 100.00% || lr 5.000000000000001e-07
Epoch[54/60](180/221) || training loss 0.000709 || training accuracy 99.92% || lr 5.000000000000001e-07
Epoch[54/60](200/221) || training loss 0.001385 || training accuracy 99.69% || lr 5.000000000000001e-07
Epoch[54/60](220/221) || training loss 0.0007428 || training accuracy 99.84% || lr 5.000000000000001e-07
Calculating validation results...
[Val] acc : 79.30%, loss: 0.61 || best acc : 79.75%, best loss: 0.32

Epoch[55/60](20/221) || training loss 0.0003759 || training accuracy 100.00% || lr 5.000000000000001e-07
Epoch[55/60](40/221) || training loss 0.0004115 || training accuracy 100.00% || lr 5.000000000000001e-07
Epoch[55/60](60/221) || training loss 0.0003322 || training accuracy 100.00% || lr 5.000000000000001e-07
Epoch[55/60](80/221) || training loss 0.001002 || training accuracy 99.84% || lr 5.000000000000001e-07
Epoch[55/60](100/221) || training loss 0.001096 || training accuracy 99.84% || lr 5.000000000000001e-07
Epoch[55/60](120/221) || training loss 0.0003133 || training accuracy 100.00% || lr 5.000000000000001e-07
Epoch[55/60](140/221) || training loss 0.001186 || training accuracy 99.84% || lr 5.000000000000001e-07
Epoch[55/60](160/221) || training loss 0.0004 || training accuracy 100.00% || lr 5.000000000000001e-07
Epoch[55/60](180/221) || training loss 0.0005178 || training accuracy 100.00% || lr 5.000000000000001e-07
Epoch[55/60](200/221) || training loss 0.0007281 || training accuracy 99.92% || lr 5.000000000000001e-07
Epoch[55/60](220/221) || training loss 0.0003917 || training accuracy 100.00% || lr 5.000000000000001e-07
Calculating validation results...
[Val] acc : 79.05%, loss: 0.59 || best acc : 79.75%, best loss: 0.32

Epoch[56/60](20/221) || training loss 0.0004443 || training accuracy 100.00% || lr 5.000000000000001e-07
Epoch[56/60](40/221) || training loss 0.0005267 || training accuracy 100.00% || lr 5.000000000000001e-07
Epoch[56/60](60/221) || training loss 0.0007942 || training accuracy 99.92% || lr 5.000000000000001e-07
Epoch[56/60](80/221) || training loss 0.0005603 || training accuracy 99.92% || lr 5.000000000000001e-07
Epoch[56/60](100/221) || training loss 0.0005622 || training accuracy 100.00% || lr 5.000000000000001e-07
Epoch[56/60](120/221) || training loss 0.0003689 || training accuracy 100.00% || lr 5.000000000000001e-07
Epoch[56/60](140/221) || training loss 0.0003924 || training accuracy 100.00% || lr 5.000000000000001e-07
Epoch[56/60](160/221) || training loss 0.0002248 || training accuracy 100.00% || lr 5.000000000000001e-07
Epoch[56/60](180/221) || training loss 0.0005645 || training accuracy 100.00% || lr 5.000000000000001e-07
Epoch[56/60](200/221) || training loss 0.0003587 || training accuracy 100.00% || lr 5.000000000000001e-07
Epoch[56/60](220/221) || training loss 0.0005949 || training accuracy 99.92% || lr 5.000000000000001e-07
Calculating validation results...
[Val] acc : 79.51%, loss: 0.61 || best acc : 79.75%, best loss: 0.32

Epoch[57/60](20/221) || training loss 0.001441 || training accuracy 99.84% || lr 5.000000000000001e-07
Epoch[57/60](40/221) || training loss 0.0006925 || training accuracy 100.00% || lr 5.000000000000001e-07
Epoch[57/60](60/221) || training loss 0.000376 || training accuracy 100.00% || lr 5.000000000000001e-07
Epoch[57/60](80/221) || training loss 0.0004287 || training accuracy 100.00% || lr 5.000000000000001e-07
Epoch[57/60](100/221) || training loss 0.000649 || training accuracy 99.92% || lr 5.000000000000001e-07
Epoch[57/60](120/221) || training loss 0.0009412 || training accuracy 99.92% || lr 5.000000000000001e-07
Epoch[57/60](140/221) || training loss 0.0002233 || training accuracy 100.00% || lr 5.000000000000001e-07
Epoch[57/60](160/221) || training loss 0.0003336 || training accuracy 100.00% || lr 5.000000000000001e-07
Epoch[57/60](180/221) || training loss 0.001697 || training accuracy 99.77% || lr 5.000000000000001e-07
Epoch[57/60](200/221) || training loss 0.000273 || training accuracy 100.00% || lr 5.000000000000001e-07
Epoch[57/60](220/221) || training loss 0.001268 || training accuracy 99.92% || lr 5.000000000000001e-07
Calculating validation results...
[Val] acc : 79.43%, loss: 0.61 || best acc : 79.75%, best loss: 0.32

Epoch[58/60](20/221) || training loss 0.0005141 || training accuracy 99.92% || lr 5.000000000000001e-07
Epoch[58/60](40/221) || training loss 0.0005878 || training accuracy 100.00% || lr 5.000000000000001e-07
Epoch[58/60](60/221) || training loss 0.0003064 || training accuracy 100.00% || lr 5.000000000000001e-07
Epoch[58/60](80/221) || training loss 0.0003002 || training accuracy 100.00% || lr 5.000000000000001e-07
Epoch[58/60](100/221) || training loss 0.0003871 || training accuracy 100.00% || lr 5.000000000000001e-07
Epoch[58/60](120/221) || training loss 0.0003871 || training accuracy 100.00% || lr 5.000000000000001e-07
Epoch[58/60](140/221) || training loss 0.0004855 || training accuracy 100.00% || lr 5.000000000000001e-07
Epoch[58/60](160/221) || training loss 0.0005779 || training accuracy 99.92% || lr 5.000000000000001e-07
Epoch[58/60](180/221) || training loss 0.0002425 || training accuracy 100.00% || lr 5.000000000000001e-07
Epoch[58/60](200/221) || training loss 0.0003631 || training accuracy 100.00% || lr 5.000000000000001e-07
Epoch[58/60](220/221) || training loss 0.0005634 || training accuracy 100.00% || lr 5.000000000000001e-07
Calculating validation results...
[Val] acc : 78.98%, loss: 0.63 || best acc : 79.75%, best loss: 0.32

Epoch[59/60](20/221) || training loss 0.0005867 || training accuracy 99.92% || lr 5.000000000000001e-08
Epoch[59/60](40/221) || training loss 0.0003973 || training accuracy 100.00% || lr 5.000000000000001e-08
Epoch[59/60](60/221) || training loss 0.0001433 || training accuracy 100.00% || lr 5.000000000000001e-08
Epoch[59/60](80/221) || training loss 0.0007985 || training accuracy 100.00% || lr 5.000000000000001e-08
Epoch[59/60](100/221) || training loss 0.0008462 || training accuracy 99.92% || lr 5.000000000000001e-08
Epoch[59/60](120/221) || training loss 0.0004956 || training accuracy 100.00% || lr 5.000000000000001e-08
Epoch[59/60](140/221) || training loss 0.0006024 || training accuracy 100.00% || lr 5.000000000000001e-08
Epoch[59/60](160/221) || training loss 0.0006723 || training accuracy 99.92% || lr 5.000000000000001e-08
Epoch[59/60](180/221) || training loss 0.0005002 || training accuracy 100.00% || lr 5.000000000000001e-08
Epoch[59/60](200/221) || training loss 0.0006224 || training accuracy 99.84% || lr 5.000000000000001e-08
Epoch[59/60](220/221) || training loss 0.0002472 || training accuracy 100.00% || lr 5.000000000000001e-08
Calculating validation results...
[Val] acc : 79.01%, loss: 0.59 || best acc : 79.75%, best loss: 0.32

